<?xml version="1.0" ?>
<testsuites disabled="0" errors="0" failures="0" tests="14" time="8.48925495147705078125">
	<testsuite disabled="0" errors="0" failures="0" name="cpu_health-stxln2sw" skipped="2" tests="14" time="8.48925495147705078125">
		<testcase classname="tests/integration/targets/cpu_health/tasks/main.yml:2" name="[54.190.208.146] cpu: cpu_health : Starting CPU health check integration tests msg=START network.healthchecks.cpu health_check operation integration tests on connection={{ ansible_connection }}" time="0.029602766036987305">
			<system-out>{
    "changed": false,
    "msg": "START network.healthchecks.cpu health_check operation integration tests on connection=ansible.netcommon.network_cli"
}</system-out>
		</testcase>
		<testcase classname="tests/integration/targets/cpu_health/tasks/main.yml:8" name="[54.190.208.146] cpu: Run network.cpu validated content with health_checks operation name=network.healthchecks.cpu" time="0.004229068756103516">
			<system-out>{
    "changed": false,
    "include_args": {
        "name": "network.healthchecks.cpu"
    }
}</system-out>
		</testcase>
		<testcase classname="tests/integration/targets/cpu_health/tasks/main.yml:8" name="[include] cpu: Run network.cpu validated content with health_checks operation name=network.healthchecks.cpu" time="0.007950067520141602">
			<system-out>network.healthchecks.cpu (args={} vars={}): [54.190.208.146]</system-out>
		</testcase>
		<testcase classname="out-of-tree:main.yml:2" name="[54.190.208.146] cpu: network.healthchecks.cpu : Include validation tasks (ensure platform is supported) _raw_params=validation.yml" time="0.0040700435638427734">
			<system-out>{
    "changed": false,
    "include": "validation.yml",
    "include_args": {}
}</system-out>
		</testcase>
		<testcase classname="out-of-tree:main.yml:2" name="[include] cpu: network.healthchecks.cpu : Include validation tasks (ensure platform is supported) _raw_params=validation.yml" time="0.006250143051147461">
			<system-out>/Users/ruchi/Documents/workspace/collections/ansible_collections/network/healthchecks/roles/cpu/tasks/validation.yml (args={} vars={}): [54.190.208.146]</system-out>
		</testcase>
		<testcase classname="out-of-tree:validation.yml:2" name="[54.190.208.146] cpu: network.healthchecks.cpu : Set supported platform list supported_platforms=['ios', 'eos', 'nxos', 'iosxr']" time="0.028403759002685547">
			<system-out>{
    "ansible_facts": {
        "supported_platforms": [
            "ios",
            "eos",
            "nxos",
            "iosxr"
        ]
    },
    "changed": false
}</system-out>
		</testcase>
		<testcase classname="out-of-tree:validation.yml:10" name="[54.190.208.146] cpu: network.healthchecks.cpu : Fail on unsupported platform _raw_params=unsupported_platform.yml" time="0.005219221115112305">
			<skipped>Conditional result was False</skipped>
		</testcase>
		<testcase classname="out-of-tree:main.yml:5" name="[54.190.208.146] cpu: network.healthchecks.cpu : Include OS-specific CPU tasks nxos _raw_params=./{{ ansible_network_os.split('.')[2] }}.yml" time="0.00534820556640625">
			<system-out>{
    "changed": false,
    "include": "./nxos.yml",
    "include_args": {}
}</system-out>
		</testcase>
		<testcase classname="out-of-tree:main.yml:5" name="[include] cpu: network.healthchecks.cpu : Include OS-specific CPU tasks nxos _raw_params=./{{ ansible_network_os.split('.')[2] }}.yml" time="0.007793903350830078">
			<system-out>/Users/ruchi/Documents/workspace/collections/ansible_collections/network/healthchecks/roles/cpu/tasks/./nxos.yml (args={} vars={}): [54.190.208.146]</system-out>
		</testcase>
		<testcase classname="out-of-tree:nxos.yml:2" name="[54.190.208.146] cpu: network.healthchecks.cpu : Parse CPU health check output for NXOS command=show processes cpu, parser={'name': 'ansible.netcommon.native'}, set_fact=cpu_health" time="8.286311864852905">
			<system-out>{
    "ansible_facts": {
        "cpu_health": {
            "cpu_utilization_processes": [
                {
                    "invoked": 682582,
                    "one_sec": 0.0,
                    "pid": 10041,
                    "process": "eth_dstats",
                    "runtime_ms": 28606,
                    "uSecs": 41
                },
                {
                    "invoked": 34496869,
                    "one_sec": 0.0,
                    "pid": 10042,
                    "process": "ipqosmgr",
                    "runtime_ms": 5062469,
                    "uSecs": 146
                },
                {
                    "invoked": 14897271,
                    "one_sec": 0.0,
                    "pid": 10070,
                    "process": "vlan_mgr",
                    "runtime_ms": 4635035,
                    "uSecs": 311
                },
                {
                    "invoked": 5755828,
                    "one_sec": 0.0,
                    "pid": 10117,
                    "process": "aclqos",
                    "runtime_ms": 353214,
                    "uSecs": 61
                },
                {
                    "invoked": 833129,
                    "one_sec": 0.0,
                    "pid": 10151,
                    "process": "diag_port_lb",
                    "runtime_ms": 110602,
                    "uSecs": 132
                },
                {
                    "invoked": 5533805,
                    "one_sec": 0.0,
                    "pid": 10152,
                    "process": "ethpm",
                    "runtime_ms": 1577635,
                    "uSecs": 285
                },
                {
                    "invoked": 13417986,
                    "one_sec": 0.0,
                    "pid": 10153,
                    "process": "l2fm",
                    "runtime_ms": 581889,
                    "uSecs": 43
                },
                {
                    "invoked": 101862916,
                    "one_sec": 0.0,
                    "pid": 10212,
                    "process": "stp",
                    "runtime_ms": 4127687,
                    "uSecs": 40
                },
                {
                    "invoked": 4824058,
                    "one_sec": 0.0,
                    "pid": 10213,
                    "process": "stripcl",
                    "runtime_ms": 163705,
                    "uSecs": 33
                },
                {
                    "invoked": 6008384,
                    "one_sec": 0.0,
                    "pid": 10286,
                    "process": "intersight",
                    "runtime_ms": 2059213,
                    "uSecs": 342
                },
                {
                    "invoked": 903985,
                    "one_sec": 0.0,
                    "pid": 10287,
                    "process": "copp",
                    "runtime_ms": 673489,
                    "uSecs": 745
                },
                {
                    "invoked": 4107037,
                    "one_sec": 0.0,
                    "pid": 10291,
                    "process": "nxpython3",
                    "runtime_ms": 5248654,
                    "uSecs": 1277
                },
                {
                    "invoked": 136,
                    "one_sec": 0.0,
                    "pid": 10331,
                    "process": "nxpython3",
                    "runtime_ms": 212,
                    "uSecs": 1558
                },
                {
                    "invoked": 5014335,
                    "one_sec": 0.0,
                    "pid": 10356,
                    "process": "ufdm",
                    "runtime_ms": 209173,
                    "uSecs": 41
                },
                {
                    "invoked": 2261569,
                    "one_sec": 0.0,
                    "pid": 10357,
                    "process": "u2",
                    "runtime_ms": 57122,
                    "uSecs": 25
                },
                {
                    "invoked": 2564137,
                    "one_sec": 0.0,
                    "pid": 10359,
                    "process": "sal",
                    "runtime_ms": 86444,
                    "uSecs": 33
                },
                {
                    "invoked": 1015672,
                    "one_sec": 0.0,
                    "pid": 10360,
                    "process": "ofm",
                    "runtime_ms": 69067,
                    "uSecs": 68
                },
                {
                    "invoked": 143,
                    "one_sec": 0.0,
                    "pid": 10361,
                    "process": "mrib",
                    "runtime_ms": 264,
                    "uSecs": 1846
                },
                {
                    "invoked": 1385137806,
                    "one_sec": 0.0,
                    "pid": 10362,
                    "process": "mfdm",
                    "runtime_ms": 248628904,
                    "uSecs": 179
                },
                {
                    "invoked": 4823558,
                    "one_sec": 0.0,
                    "pid": 10363,
                    "process": "mcm",
                    "runtime_ms": 153998,
                    "uSecs": 31
                },
                {
                    "invoked": 165,
                    "one_sec": 0.0,
                    "pid": 10364,
                    "process": "m6rib",
                    "runtime_ms": 266,
                    "uSecs": 1612
                },
                {
                    "invoked": 16478553,
                    "one_sec": 0.0,
                    "pid": 10365,
                    "process": "l2pt",
                    "runtime_ms": 2473491,
                    "uSecs": 150
                },
                {
                    "invoked": 1435280,
                    "one_sec": 0.0,
                    "pid": 10385,
                    "process": "m2rib",
                    "runtime_ms": 69703,
                    "uSecs": 48
                },
                {
                    "invoked": 22543492,
                    "one_sec": 0.0,
                    "pid": 10422,
                    "process": "nxpython3",
                    "runtime_ms": 3919460,
                    "uSecs": 173
                },
                {
                    "invoked": 18911772,
                    "one_sec": 0.0,
                    "pid": 10423,
                    "process": "nxpython3",
                    "runtime_ms": 3433185,
                    "uSecs": 181
                },
                {
                    "invoked": 22536363,
                    "one_sec": 0.0,
                    "pid": 10424,
                    "process": "nxpython3",
                    "runtime_ms": 1115413,
                    "uSecs": 49
                },
                {
                    "invoked": 604,
                    "one_sec": 0.0,
                    "pid": 10917,
                    "process": "mld",
                    "runtime_ms": 275,
                    "uSecs": 455
                },
                {
                    "invoked": 22200537,
                    "one_sec": 0.0,
                    "pid": 11684,
                    "process": "tacacs",
                    "runtime_ms": 820929,
                    "uSecs": 36
                },
                {
                    "invoked": 2,
                    "one_sec": 0.0,
                    "pid": 11843,
                    "process": "sshd",
                    "runtime_ms": 0,
                    "uSecs": 0
                },
                {
                    "invoked": 6407581,
                    "one_sec": 0.0,
                    "pid": 13176,
                    "process": "ksmtuned.sh",
                    "runtime_ms": 607872,
                    "uSecs": 94
                },
                {
                    "invoked": 68,
                    "one_sec": 0.0,
                    "pid": 14334,
                    "process": "nxos_dc",
                    "runtime_ms": 368,
                    "uSecs": 5411
                },
                {
                    "invoked": 753435,
                    "one_sec": 0.0,
                    "pid": 16841,
                    "process": "rpcbind",
                    "runtime_ms": 17686,
                    "uSecs": 23
                },
                {
                    "invoked": 2,
                    "one_sec": 0.0,
                    "pid": 17311,
                    "process": "rpc.mountd",
                    "runtime_ms": 0,
                    "uSecs": 0
                },
                {
                    "invoked": 8,
                    "one_sec": 0.0,
                    "pid": 17322,
                    "process": "rpc.statd",
                    "runtime_ms": 0,
                    "uSecs": 0
                },
                {
                    "invoked": 1933820,
                    "one_sec": 0.0,
                    "pid": 17380,
                    "process": "interface-vlan",
                    "runtime_ms": 225291,
                    "uSecs": 116
                },
                {
                    "invoked": 1368364,
                    "one_sec": 0.0,
                    "pid": 17413,
                    "process": "hsrp_engine",
                    "runtime_ms": 170484,
                    "uSecs": 124
                },
                {
                    "invoked": 2432462,
                    "one_sec": 0.0,
                    "pid": 17415,
                    "process": "lacp",
                    "runtime_ms": 138727,
                    "uSecs": 57
                },
                {
                    "invoked": 11700460,
                    "one_sec": 0.0,
                    "pid": 17418,
                    "process": "cts",
                    "runtime_ms": 368891,
                    "uSecs": 31
                },
                {
                    "invoked": 2838508,
                    "one_sec": 0.0,
                    "pid": 17425,
                    "process": "lldp",
                    "runtime_ms": 989406,
                    "uSecs": 348
                },
                {
                    "invoked": 5863722,
                    "one_sec": 0.0,
                    "pid": 17428,
                    "process": "bfd",
                    "runtime_ms": 622635,
                    "uSecs": 106
                },
                {
                    "invoked": 4570493,
                    "one_sec": 0.0,
                    "pid": 17431,
                    "process": "bfd_app",
                    "runtime_ms": 145085,
                    "uSecs": 31
                },
                {
                    "invoked": 61,
                    "one_sec": 0.0,
                    "pid": 17435,
                    "process": "sla_sender",
                    "runtime_ms": 231,
                    "uSecs": 3786
                },
                {
                    "invoked": 34979516,
                    "one_sec": 0.0,
                    "pid": 17441,
                    "process": "telemetry",
                    "runtime_ms": 1440471,
                    "uSecs": 41
                },
                {
                    "invoked": 40,
                    "one_sec": 0.0,
                    "pid": 18754,
                    "process": "bgp",
                    "runtime_ms": 282,
                    "uSecs": 7050
                },
                {
                    "invoked": 848076,
                    "one_sec": 0.0,
                    "pid": 18810,
                    "process": "crond",
                    "runtime_ms": 127909,
                    "uSecs": 150
                },
                {
                    "invoked": 299,
                    "one_sec": 0.0,
                    "pid": 19821,
                    "process": "dcos_sshd",
                    "runtime_ms": 167,
                    "uSecs": 558
                },
                {
                    "invoked": 238,
                    "one_sec": 0.0,
                    "pid": 19829,
                    "process": "dcos_sshd",
                    "runtime_ms": 16,
                    "uSecs": 67
                },
                {
                    "invoked": 282,
                    "one_sec": 0.0,
                    "pid": 19833,
                    "process": "vsh.bin",
                    "runtime_ms": 175,
                    "uSecs": 620
                },
                {
                    "invoked": 99,
                    "one_sec": 0.0,
                    "pid": 19996,
                    "process": "more",
                    "runtime_ms": 2,
                    "uSecs": 20
                },
                {
                    "invoked": 363,
                    "one_sec": 0.0,
                    "pid": 20714,
                    "process": "ospfv3",
                    "runtime_ms": 220,
                    "uSecs": 606
                },
                {
                    "invoked": 1,
                    "one_sec": 0.0,
                    "pid": 20977,
                    "process": "mcelog",
                    "runtime_ms": 0,
                    "uSecs": 0
                },
                {
                    "invoked": 2,
                    "one_sec": 0.0,
                    "pid": 22995,
                    "process": "sleep",
                    "runtime_ms": 0,
                    "uSecs": 0
                },
                {
                    "invoked": 4,
                    "one_sec": 0.0,
                    "pid": 23459,
                    "process": "libvirtd_mon.sh",
                    "runtime_ms": 2,
                    "uSecs": 500
                },
                {
                    "invoked": 10,
                    "one_sec": 0.0,
                    "pid": 23460,
                    "process": "sh",
                    "runtime_ms": 1,
                    "uSecs": 100
                },
                {
                    "invoked": 89155540,
                    "one_sec": 0.0,
                    "pid": 23461,
                    "process": "sysmgr",
                    "runtime_ms": 6779255,
                    "uSecs": 76
                },
                {
                    "invoked": 1,
                    "one_sec": 0.0,
                    "pid": 23465,
                    "process": "inotifywait",
                    "runtime_ms": 0,
                    "uSecs": 0
                },
                {
                    "invoked": 707,
                    "one_sec": 0.0,
                    "pid": 23497,
                    "process": "libvirtd",
                    "runtime_ms": 30,
                    "uSecs": 42
                },
                {
                    "invoked": 25,
                    "one_sec": 0.0,
                    "pid": 23602,
                    "process": "orib",
                    "runtime_ms": 217,
                    "uSecs": 8680
                },
                {
                    "invoked": 133,
                    "one_sec": 0.0,
                    "pid": 23609,
                    "process": "nve",
                    "runtime_ms": 301,
                    "uSecs": 2263
                },
                {
                    "invoked": 1094,
                    "one_sec": 0.0,
                    "pid": 31488,
                    "process": "netconf",
                    "runtime_ms": 810,
                    "uSecs": 740
                },
                {
                    "invoked": 2210926,
                    "one_sec": 0.0,
                    "pid": 31506,
                    "process": "xosdsd",
                    "runtime_ms": 24523,
                    "uSecs": 11
                }
            ]
        }
    },
    "changed": false,
    "parsed": {
        "cpu_utilization_processes": [
            {
                "invoked": 682582,
                "one_sec": 0.0,
                "pid": 10041,
                "process": "eth_dstats",
                "runtime_ms": 28606,
                "uSecs": 41
            },
            {
                "invoked": 34496869,
                "one_sec": 0.0,
                "pid": 10042,
                "process": "ipqosmgr",
                "runtime_ms": 5062469,
                "uSecs": 146
            },
            {
                "invoked": 14897271,
                "one_sec": 0.0,
                "pid": 10070,
                "process": "vlan_mgr",
                "runtime_ms": 4635035,
                "uSecs": 311
            },
            {
                "invoked": 5755828,
                "one_sec": 0.0,
                "pid": 10117,
                "process": "aclqos",
                "runtime_ms": 353214,
                "uSecs": 61
            },
            {
                "invoked": 833129,
                "one_sec": 0.0,
                "pid": 10151,
                "process": "diag_port_lb",
                "runtime_ms": 110602,
                "uSecs": 132
            },
            {
                "invoked": 5533805,
                "one_sec": 0.0,
                "pid": 10152,
                "process": "ethpm",
                "runtime_ms": 1577635,
                "uSecs": 285
            },
            {
                "invoked": 13417986,
                "one_sec": 0.0,
                "pid": 10153,
                "process": "l2fm",
                "runtime_ms": 581889,
                "uSecs": 43
            },
            {
                "invoked": 101862916,
                "one_sec": 0.0,
                "pid": 10212,
                "process": "stp",
                "runtime_ms": 4127687,
                "uSecs": 40
            },
            {
                "invoked": 4824058,
                "one_sec": 0.0,
                "pid": 10213,
                "process": "stripcl",
                "runtime_ms": 163705,
                "uSecs": 33
            },
            {
                "invoked": 6008384,
                "one_sec": 0.0,
                "pid": 10286,
                "process": "intersight",
                "runtime_ms": 2059213,
                "uSecs": 342
            },
            {
                "invoked": 903985,
                "one_sec": 0.0,
                "pid": 10287,
                "process": "copp",
                "runtime_ms": 673489,
                "uSecs": 745
            },
            {
                "invoked": 4107037,
                "one_sec": 0.0,
                "pid": 10291,
                "process": "nxpython3",
                "runtime_ms": 5248654,
                "uSecs": 1277
            },
            {
                "invoked": 136,
                "one_sec": 0.0,
                "pid": 10331,
                "process": "nxpython3",
                "runtime_ms": 212,
                "uSecs": 1558
            },
            {
                "invoked": 5014335,
                "one_sec": 0.0,
                "pid": 10356,
                "process": "ufdm",
                "runtime_ms": 209173,
                "uSecs": 41
            },
            {
                "invoked": 2261569,
                "one_sec": 0.0,
                "pid": 10357,
                "process": "u2",
                "runtime_ms": 57122,
                "uSecs": 25
            },
            {
                "invoked": 2564137,
                "one_sec": 0.0,
                "pid": 10359,
                "process": "sal",
                "runtime_ms": 86444,
                "uSecs": 33
            },
            {
                "invoked": 1015672,
                "one_sec": 0.0,
                "pid": 10360,
                "process": "ofm",
                "runtime_ms": 69067,
                "uSecs": 68
            },
            {
                "invoked": 143,
                "one_sec": 0.0,
                "pid": 10361,
                "process": "mrib",
                "runtime_ms": 264,
                "uSecs": 1846
            },
            {
                "invoked": 1385137806,
                "one_sec": 0.0,
                "pid": 10362,
                "process": "mfdm",
                "runtime_ms": 248628904,
                "uSecs": 179
            },
            {
                "invoked": 4823558,
                "one_sec": 0.0,
                "pid": 10363,
                "process": "mcm",
                "runtime_ms": 153998,
                "uSecs": 31
            },
            {
                "invoked": 165,
                "one_sec": 0.0,
                "pid": 10364,
                "process": "m6rib",
                "runtime_ms": 266,
                "uSecs": 1612
            },
            {
                "invoked": 16478553,
                "one_sec": 0.0,
                "pid": 10365,
                "process": "l2pt",
                "runtime_ms": 2473491,
                "uSecs": 150
            },
            {
                "invoked": 1435280,
                "one_sec": 0.0,
                "pid": 10385,
                "process": "m2rib",
                "runtime_ms": 69703,
                "uSecs": 48
            },
            {
                "invoked": 22543492,
                "one_sec": 0.0,
                "pid": 10422,
                "process": "nxpython3",
                "runtime_ms": 3919460,
                "uSecs": 173
            },
            {
                "invoked": 18911772,
                "one_sec": 0.0,
                "pid": 10423,
                "process": "nxpython3",
                "runtime_ms": 3433185,
                "uSecs": 181
            },
            {
                "invoked": 22536363,
                "one_sec": 0.0,
                "pid": 10424,
                "process": "nxpython3",
                "runtime_ms": 1115413,
                "uSecs": 49
            },
            {
                "invoked": 604,
                "one_sec": 0.0,
                "pid": 10917,
                "process": "mld",
                "runtime_ms": 275,
                "uSecs": 455
            },
            {
                "invoked": 22200537,
                "one_sec": 0.0,
                "pid": 11684,
                "process": "tacacs",
                "runtime_ms": 820929,
                "uSecs": 36
            },
            {
                "invoked": 2,
                "one_sec": 0.0,
                "pid": 11843,
                "process": "sshd",
                "runtime_ms": 0,
                "uSecs": 0
            },
            {
                "invoked": 6407581,
                "one_sec": 0.0,
                "pid": 13176,
                "process": "ksmtuned.sh",
                "runtime_ms": 607872,
                "uSecs": 94
            },
            {
                "invoked": 68,
                "one_sec": 0.0,
                "pid": 14334,
                "process": "nxos_dc",
                "runtime_ms": 368,
                "uSecs": 5411
            },
            {
                "invoked": 753435,
                "one_sec": 0.0,
                "pid": 16841,
                "process": "rpcbind",
                "runtime_ms": 17686,
                "uSecs": 23
            },
            {
                "invoked": 2,
                "one_sec": 0.0,
                "pid": 17311,
                "process": "rpc.mountd",
                "runtime_ms": 0,
                "uSecs": 0
            },
            {
                "invoked": 8,
                "one_sec": 0.0,
                "pid": 17322,
                "process": "rpc.statd",
                "runtime_ms": 0,
                "uSecs": 0
            },
            {
                "invoked": 1933820,
                "one_sec": 0.0,
                "pid": 17380,
                "process": "interface-vlan",
                "runtime_ms": 225291,
                "uSecs": 116
            },
            {
                "invoked": 1368364,
                "one_sec": 0.0,
                "pid": 17413,
                "process": "hsrp_engine",
                "runtime_ms": 170484,
                "uSecs": 124
            },
            {
                "invoked": 2432462,
                "one_sec": 0.0,
                "pid": 17415,
                "process": "lacp",
                "runtime_ms": 138727,
                "uSecs": 57
            },
            {
                "invoked": 11700460,
                "one_sec": 0.0,
                "pid": 17418,
                "process": "cts",
                "runtime_ms": 368891,
                "uSecs": 31
            },
            {
                "invoked": 2838508,
                "one_sec": 0.0,
                "pid": 17425,
                "process": "lldp",
                "runtime_ms": 989406,
                "uSecs": 348
            },
            {
                "invoked": 5863722,
                "one_sec": 0.0,
                "pid": 17428,
                "process": "bfd",
                "runtime_ms": 622635,
                "uSecs": 106
            },
            {
                "invoked": 4570493,
                "one_sec": 0.0,
                "pid": 17431,
                "process": "bfd_app",
                "runtime_ms": 145085,
                "uSecs": 31
            },
            {
                "invoked": 61,
                "one_sec": 0.0,
                "pid": 17435,
                "process": "sla_sender",
                "runtime_ms": 231,
                "uSecs": 3786
            },
            {
                "invoked": 34979516,
                "one_sec": 0.0,
                "pid": 17441,
                "process": "telemetry",
                "runtime_ms": 1440471,
                "uSecs": 41
            },
            {
                "invoked": 40,
                "one_sec": 0.0,
                "pid": 18754,
                "process": "bgp",
                "runtime_ms": 282,
                "uSecs": 7050
            },
            {
                "invoked": 848076,
                "one_sec": 0.0,
                "pid": 18810,
                "process": "crond",
                "runtime_ms": 127909,
                "uSecs": 150
            },
            {
                "invoked": 299,
                "one_sec": 0.0,
                "pid": 19821,
                "process": "dcos_sshd",
                "runtime_ms": 167,
                "uSecs": 558
            },
            {
                "invoked": 238,
                "one_sec": 0.0,
                "pid": 19829,
                "process": "dcos_sshd",
                "runtime_ms": 16,
                "uSecs": 67
            },
            {
                "invoked": 282,
                "one_sec": 0.0,
                "pid": 19833,
                "process": "vsh.bin",
                "runtime_ms": 175,
                "uSecs": 620
            },
            {
                "invoked": 99,
                "one_sec": 0.0,
                "pid": 19996,
                "process": "more",
                "runtime_ms": 2,
                "uSecs": 20
            },
            {
                "invoked": 363,
                "one_sec": 0.0,
                "pid": 20714,
                "process": "ospfv3",
                "runtime_ms": 220,
                "uSecs": 606
            },
            {
                "invoked": 1,
                "one_sec": 0.0,
                "pid": 20977,
                "process": "mcelog",
                "runtime_ms": 0,
                "uSecs": 0
            },
            {
                "invoked": 2,
                "one_sec": 0.0,
                "pid": 22995,
                "process": "sleep",
                "runtime_ms": 0,
                "uSecs": 0
            },
            {
                "invoked": 4,
                "one_sec": 0.0,
                "pid": 23459,
                "process": "libvirtd_mon.sh",
                "runtime_ms": 2,
                "uSecs": 500
            },
            {
                "invoked": 10,
                "one_sec": 0.0,
                "pid": 23460,
                "process": "sh",
                "runtime_ms": 1,
                "uSecs": 100
            },
            {
                "invoked": 89155540,
                "one_sec": 0.0,
                "pid": 23461,
                "process": "sysmgr",
                "runtime_ms": 6779255,
                "uSecs": 76
            },
            {
                "invoked": 1,
                "one_sec": 0.0,
                "pid": 23465,
                "process": "inotifywait",
                "runtime_ms": 0,
                "uSecs": 0
            },
            {
                "invoked": 707,
                "one_sec": 0.0,
                "pid": 23497,
                "process": "libvirtd",
                "runtime_ms": 30,
                "uSecs": 42
            },
            {
                "invoked": 25,
                "one_sec": 0.0,
                "pid": 23602,
                "process": "orib",
                "runtime_ms": 217,
                "uSecs": 8680
            },
            {
                "invoked": 133,
                "one_sec": 0.0,
                "pid": 23609,
                "process": "nve",
                "runtime_ms": 301,
                "uSecs": 2263
            },
            {
                "invoked": 1094,
                "one_sec": 0.0,
                "pid": 31488,
                "process": "netconf",
                "runtime_ms": 810,
                "uSecs": 740
            },
            {
                "invoked": 2210926,
                "one_sec": 0.0,
                "pid": 31506,
                "process": "xosdsd",
                "runtime_ms": 24523,
                "uSecs": 11
            }
        ]
    },
    "stdout": "PID    Runtime(ms)  Invoked   uSecs  1Sec    Process\n-----  -----------  --------  -----  ------  -----------\n    1       125681   4524367     27   0.00%  init\n 2768            2         8    250   0.00%  nginx_1_fe\n 2769         1222     12441     98   0.00%  nginx_1_fe\n 2778       400931  15419038     26   0.00%  uwsgi\n 2785            8         1   8000   0.00%  uwsgi\n 3292       439240  15844184     27   0.00%  ntpd\n 4976       562452   7710040     72   0.00%  tamd_proc\n 5801            5        29    172   0.00%  bootflash_sync.\n 5825            1         6    166   0.00%  inotifywait\n 6472           17        81    209   0.00%  xinetd\n 6473            4        17    235   0.00%  tftpd\n 6474           35       210    166   0.00%  sdwrapd\n 6476          268       343    781   0.00%  fw_app\n 6478      4010231  33284893    120   0.00%  platform\n 6481       106025   7527725     14   0.00%  dme_bootup_proxy\n 6482       105398   7527560     14   0.00%  dme_proxy\n 6483          397       374   1061   0.00%  event_manager\n 6484       328703  22565776     14   0.00%  mts_telemetry_mgr\n 6485          303       303   1000   0.00%  policyelem\n 6521       789556  22826135     34   0.00%  syslogd\n 6522      3072747  96223062     31   0.00%  vshd\n 6523        55761    684293     81   0.00%  template_manager\n 6524       116190   3026603     38   0.00%  tamnw\n 6525          148        71   2084   0.00%  smm\n 6526       380043  22570219     16   0.00%  psshelper\n 6527       224107   4832179     46   0.00%  pixm_vl\n 6528       164570   4823941     34   0.00%  pixm_gl\n 6529          470       297   1582   0.00%  nginx_dme\n 6530        47411    681643     69   0.00%  mmode\n 6532      1247283   1740248    716   0.00%  fs-daemon\n 6533      1475014  81494737     18   0.00%  feature-mgr\n 6534        28627   1515454     18   0.00%  confcheck\n 6535        87675   2563430     34   0.00%  capability\n 6536       110807   2686915     41   0.00%  bloggerd\n 6538       383067  22567766     16   0.00%  psshelper_gsvc\n 6539       910236  24778560     36   0.00%  tams_proc\n 6570     16155230  50518278    319   0.00%  clis\n 6571       130439   4642417     28   0.00%  licmgr\n 6590       159613   7679301     20   0.00%  xmlma\n 6592       147999   4822225     30   0.00%  vmm\n 6593       279274   4524841     61   0.00%  usbhsd\n 6594       330904  11445656     28   0.00%  ttyd\n 6595     31331362  18585211   1685   0.00%  sysinfo\n 6596        89493   2563511     34   0.00%  snmpmib_proc\n 6597        59620    314827    189   0.00%  sksd\n 6599        59635    604322     98   0.00%  res_mgr\n 6600       387940  22859923     16   0.00%  plugin\n 6602       102406   4545375     22   0.00%  plog_sup\n 6603       299051  22520037     13   0.00%  patch-installer\n 6604          206       141   1460   0.00%  nxapi\n 6605        78093   1831696     42   0.00%  mvsh\n 6606        29453    305523     96   0.00%  mts_mgr\n 6607           23       178    129   0.00%  mping_server\n 6608      1226373  10999388    111   0.00%  module\n 6609          236       158   1493   0.00%  kim\n 6610       101037   2567139     39   0.00%  kafka\n 6611          135       254    531   0.00%  issu_helper\n 6612        77994   1811032     43   0.00%  evms\n 6614          245       269    910   0.00%  epld_upgrade_stdby\n 6615       903888   3417749    264   0.00%  diagclient\n 6616       106771   2587796     41   0.00%  dhclient\n 6617       145336   2577186     56   0.00%  crdcfg_server\n 6618        19314    302920     63   0.00%  core-dmon\n 6619        89589   1060506     84   0.00%  clk_mgr\n 6620       243226   4862557     50   0.00%  bios_daemon\n 6621       126323   3083838     40   0.00%  ascii-cfg\n 6622       503410  22565683     22   0.00%  securityd\n 6623       474126  22719744     20   0.00%  cert_enroll\n 6624      1148398  30649711     37   0.00%  aaa\n 6625        62493   3076830     20   0.00%  obfl\n 6630         2312     79061     29   0.00%  klogd\n 6642       420544  22569585     18   0.00%  device_test\n 6643        91274   2041304     44   0.00%  xbar\n 6661       938274   1270834    738   0.00%  aclmgr\n 6673        55349   1433592     38   0.00%  evmc\n 6728          334       190   1757   0.00%  urib\n 6766          771      7004    110   0.00%  ExceptionLog\n 6767      1430784  13320922    107   0.00%  bootvar\n 6768       143584   4524429     31   0.00%  cardclient\n 6769      4302009  12893164    333   0.00%  diagmgr\n 6770       264691   3987080     66   0.00%  ifmgr\n 6853          227       129   1759   0.00%  l3vm\n 6948       107577    929411    115   0.00%  incrond\n 6950          180       142   1267   0.00%  npacl\n 6951       205757   4831070     42   0.00%  vdc_mgr\n 6955          198       147   1346   0.00%  adjmgr\n 6956          263       138   1905   0.00%  u6rib\n 6963        60556   2252647     26   0.00%  statsclient\n 7011          226       128   1765   0.00%  arp\n 7012          214       109   1963   0.00%  icmpv6\n 7013          216       114   1894   0.00%  pktmgr\n 7033          390       267   1460   0.00%  netstack\n 7069       641933  23012745     27   0.00%  radius\n 7070      1155737   8137219    142   0.00%  cdp\n 7071       227480   5580760     40   0.00%  cfs\n 7072           15       158     94   0.00%  ip_dummy\n 7073           19       159    119   0.00%  ipv6_dummy\n 7074        64320   1060366     60   0.00%  otm\n 7075      1050335  11211558     93   0.00%  snmpd\n 7076           16       160    100   0.00%  tcpudp_dummy\n 7081         3964     20615    192   0.00%  dcos-xinetd\n 7135       385632  22551417     17   0.00%  callhome\n 7568           64       256    250   0.00%  getty\n 9922           24       488     49   0.00%  nginx\n 9923           70      1166     60   0.00%  nginx\n 9924          244      3717     65   0.00%  nginx\n 9925           91      1898     47   0.00%  nginx\n 9931      1485848  25457967     58   0.00%  port-profile\n 9947        61134   1046046     58   0.00%  vman\n 9951        15090    378265     39   0.00%  spm\n 9952        27722    305762     90   0.00%  sdaa\n 9954          236       145   1627   0.00%  rpm\n 9957      1798840   6043231    297   0.00%  pltfm_config\n 9958        47747    681144     70   0.00%  plcmgr\n 9960      7011121   7539584    929   0.00%  pfstat\n 9976       338062   2745722    123   0.00%  ntp\n 9977       642308  22554845     28   0.00%  nia-mgr\n 9978       338590   1250916    270   0.00%  nbproxy\n 9979       150487   1068712    140   0.00%  monitor\n 9981       228597   5412764     42   0.00%  lim\n 9984       729774  22053507     33   0.00%  l2rib\n 9985       119186   1815601     65   0.00%  ipfib\n 9986          325       207   1570   0.00%  igmp\n 9987     10662421  10171661   1048   0.00%  icam\n 9988       218768   3295378     66   0.00%  eth_port_channel\n 9989       100407   2577649     38   0.00%  eltm\n 9990          171       107   1598   0.00%  ecp\n 9991        54638   1058719     51   0.00%  adbm\n 9992       109812   2189355     50   0.00%  acllog\n10041        28606    682582     41   0.00%  eth_dstats\n10042      5062469  34496869    146   0.00%  ipqosmgr\n10070      4635035  14897271    311   0.00%  vlan_mgr\n10117       353214   5755828     61   0.00%  aclqos\n10151       110602    833129    132   0.00%  diag_port_lb\n10152      1577635   5533805    285   0.00%  ethpm\n10153       581889  13417986     43   0.00%  l2fm\n10212      4127687  101862916     40   0.00%  stp\n10213       163705   4824058     33   0.00%  stripcl\n10286      2059213   6008384    342   0.00%  intersight\n10287       673489    903985    745   0.00%  copp\n10291      5248654   4107037   1277   0.00%  nxpython3\n10331          212       136   1558   0.00%  nxpython3\n10356       209173   5014335     41   0.00%  ufdm\n10357        57122   2261569     25   0.00%  u2\n10359        86444   2564137     33   0.00%  sal\n10360        69067   1015672     68   0.00%  ofm\n10361          264       143   1846   0.00%  mrib\n10362    248628904  1385137806    179   0.00%  mfdm\n10363       153998   4823558     31   0.00%  mcm\n10364          266       165   1612   0.00%  m6rib\n10365      2473491  16478553    150   0.00%  l2pt\n10385        69703   1435280     48   0.00%  m2rib\n10422      3919460  22543492    173   0.00%  nxpython3\n10423      3433185  18911772    181   0.00%  nxpython3\n10424      1115413  22536363     49   0.00%  nxpython3\n10917          275       604    455   0.00%  mld\n11684       820929  22200537     36   0.00%  tacacs\n11843            0         2      0   0.00%  sshd\n13176       607872   6407581     94   0.00%  ksmtuned.sh\n14334          368        68   5411   0.00%  nxos_dc\n16841        17686    753435     23   0.00%  rpcbind\n17311            0         2      0   0.00%  rpc.mountd\n17322            0         8      0   0.00%  rpc.statd\n17380       225291   1933820    116   0.00%  interface-vlan\n17413       170484   1368364    124   0.00%  hsrp_engine\n17415       138727   2432462     57   0.00%  lacp\n17418       368891  11700460     31   0.00%  cts\n17425       989406   2838508    348   0.00%  lldp\n17428       622635   5863722    106   0.00%  bfd\n17431       145085   4570493     31   0.00%  bfd_app\n17435          231        61   3786   0.00%  sla_sender\n17441      1440471  34979516     41   0.00%  telemetry\n18754          282        40   7050   0.00%  bgp\n18810       127909    848076    150   0.00%  crond\n19821          167       299    558   0.00%  dcos_sshd\n19829           16       238     67   0.00%  dcos_sshd\n19833          175       282    620   0.00%  vsh.bin\n19996            2        99     20   0.00%  more\n20714          220       363    606   0.00%  ospfv3\n20977            0         1      0   0.00%  mcelog\n22995            0         2      0   0.00%  sleep\n23459            2         4    500   0.00%  libvirtd_mon.sh\n23460            1        10    100   0.00%  sh\n23461      6779255  89155540     76   0.00%  sysmgr\n23465            0         1      0   0.00%  inotifywait\n23497           30       707     42   0.00%  libvirtd\n23602          217        25   8680   0.00%  orib\n23609          301       133   2263   0.00%  nve\n31488          810      1094    740   0.00%  netconf\n31506        24523   2210926     11   0.00%  xosdsd\n\nCPU util  :    0.50% user,   14.21% kernel,   85.27% idle\n\nCPU utilization for five seconds: 8%/0%; one minute: 24%; five minutes: 20%\n Please note that only processes from the requested vdc are shown above",
    "stdout_lines": [
        "PID    Runtime(ms)  Invoked   uSecs  1Sec    Process",
        "-----  -----------  --------  -----  ------  -----------",
        "    1       125681   4524367     27   0.00%  init",
        " 2768            2         8    250   0.00%  nginx_1_fe",
        " 2769         1222     12441     98   0.00%  nginx_1_fe",
        " 2778       400931  15419038     26   0.00%  uwsgi",
        " 2785            8         1   8000   0.00%  uwsgi",
        " 3292       439240  15844184     27   0.00%  ntpd",
        " 4976       562452   7710040     72   0.00%  tamd_proc",
        " 5801            5        29    172   0.00%  bootflash_sync.",
        " 5825            1         6    166   0.00%  inotifywait",
        " 6472           17        81    209   0.00%  xinetd",
        " 6473            4        17    235   0.00%  tftpd",
        " 6474           35       210    166   0.00%  sdwrapd",
        " 6476          268       343    781   0.00%  fw_app",
        " 6478      4010231  33284893    120   0.00%  platform",
        " 6481       106025   7527725     14   0.00%  dme_bootup_proxy",
        " 6482       105398   7527560     14   0.00%  dme_proxy",
        " 6483          397       374   1061   0.00%  event_manager",
        " 6484       328703  22565776     14   0.00%  mts_telemetry_mgr",
        " 6485          303       303   1000   0.00%  policyelem",
        " 6521       789556  22826135     34   0.00%  syslogd",
        " 6522      3072747  96223062     31   0.00%  vshd",
        " 6523        55761    684293     81   0.00%  template_manager",
        " 6524       116190   3026603     38   0.00%  tamnw",
        " 6525          148        71   2084   0.00%  smm",
        " 6526       380043  22570219     16   0.00%  psshelper",
        " 6527       224107   4832179     46   0.00%  pixm_vl",
        " 6528       164570   4823941     34   0.00%  pixm_gl",
        " 6529          470       297   1582   0.00%  nginx_dme",
        " 6530        47411    681643     69   0.00%  mmode",
        " 6532      1247283   1740248    716   0.00%  fs-daemon",
        " 6533      1475014  81494737     18   0.00%  feature-mgr",
        " 6534        28627   1515454     18   0.00%  confcheck",
        " 6535        87675   2563430     34   0.00%  capability",
        " 6536       110807   2686915     41   0.00%  bloggerd",
        " 6538       383067  22567766     16   0.00%  psshelper_gsvc",
        " 6539       910236  24778560     36   0.00%  tams_proc",
        " 6570     16155230  50518278    319   0.00%  clis",
        " 6571       130439   4642417     28   0.00%  licmgr",
        " 6590       159613   7679301     20   0.00%  xmlma",
        " 6592       147999   4822225     30   0.00%  vmm",
        " 6593       279274   4524841     61   0.00%  usbhsd",
        " 6594       330904  11445656     28   0.00%  ttyd",
        " 6595     31331362  18585211   1685   0.00%  sysinfo",
        " 6596        89493   2563511     34   0.00%  snmpmib_proc",
        " 6597        59620    314827    189   0.00%  sksd",
        " 6599        59635    604322     98   0.00%  res_mgr",
        " 6600       387940  22859923     16   0.00%  plugin",
        " 6602       102406   4545375     22   0.00%  plog_sup",
        " 6603       299051  22520037     13   0.00%  patch-installer",
        " 6604          206       141   1460   0.00%  nxapi",
        " 6605        78093   1831696     42   0.00%  mvsh",
        " 6606        29453    305523     96   0.00%  mts_mgr",
        " 6607           23       178    129   0.00%  mping_server",
        " 6608      1226373  10999388    111   0.00%  module",
        " 6609          236       158   1493   0.00%  kim",
        " 6610       101037   2567139     39   0.00%  kafka",
        " 6611          135       254    531   0.00%  issu_helper",
        " 6612        77994   1811032     43   0.00%  evms",
        " 6614          245       269    910   0.00%  epld_upgrade_stdby",
        " 6615       903888   3417749    264   0.00%  diagclient",
        " 6616       106771   2587796     41   0.00%  dhclient",
        " 6617       145336   2577186     56   0.00%  crdcfg_server",
        " 6618        19314    302920     63   0.00%  core-dmon",
        " 6619        89589   1060506     84   0.00%  clk_mgr",
        " 6620       243226   4862557     50   0.00%  bios_daemon",
        " 6621       126323   3083838     40   0.00%  ascii-cfg",
        " 6622       503410  22565683     22   0.00%  securityd",
        " 6623       474126  22719744     20   0.00%  cert_enroll",
        " 6624      1148398  30649711     37   0.00%  aaa",
        " 6625        62493   3076830     20   0.00%  obfl",
        " 6630         2312     79061     29   0.00%  klogd",
        " 6642       420544  22569585     18   0.00%  device_test",
        " 6643        91274   2041304     44   0.00%  xbar",
        " 6661       938274   1270834    738   0.00%  aclmgr",
        " 6673        55349   1433592     38   0.00%  evmc",
        " 6728          334       190   1757   0.00%  urib",
        " 6766          771      7004    110   0.00%  ExceptionLog",
        " 6767      1430784  13320922    107   0.00%  bootvar",
        " 6768       143584   4524429     31   0.00%  cardclient",
        " 6769      4302009  12893164    333   0.00%  diagmgr",
        " 6770       264691   3987080     66   0.00%  ifmgr",
        " 6853          227       129   1759   0.00%  l3vm",
        " 6948       107577    929411    115   0.00%  incrond",
        " 6950          180       142   1267   0.00%  npacl",
        " 6951       205757   4831070     42   0.00%  vdc_mgr",
        " 6955          198       147   1346   0.00%  adjmgr",
        " 6956          263       138   1905   0.00%  u6rib",
        " 6963        60556   2252647     26   0.00%  statsclient",
        " 7011          226       128   1765   0.00%  arp",
        " 7012          214       109   1963   0.00%  icmpv6",
        " 7013          216       114   1894   0.00%  pktmgr",
        " 7033          390       267   1460   0.00%  netstack",
        " 7069       641933  23012745     27   0.00%  radius",
        " 7070      1155737   8137219    142   0.00%  cdp",
        " 7071       227480   5580760     40   0.00%  cfs",
        " 7072           15       158     94   0.00%  ip_dummy",
        " 7073           19       159    119   0.00%  ipv6_dummy",
        " 7074        64320   1060366     60   0.00%  otm",
        " 7075      1050335  11211558     93   0.00%  snmpd",
        " 7076           16       160    100   0.00%  tcpudp_dummy",
        " 7081         3964     20615    192   0.00%  dcos-xinetd",
        " 7135       385632  22551417     17   0.00%  callhome",
        " 7568           64       256    250   0.00%  getty",
        " 9922           24       488     49   0.00%  nginx",
        " 9923           70      1166     60   0.00%  nginx",
        " 9924          244      3717     65   0.00%  nginx",
        " 9925           91      1898     47   0.00%  nginx",
        " 9931      1485848  25457967     58   0.00%  port-profile",
        " 9947        61134   1046046     58   0.00%  vman",
        " 9951        15090    378265     39   0.00%  spm",
        " 9952        27722    305762     90   0.00%  sdaa",
        " 9954          236       145   1627   0.00%  rpm",
        " 9957      1798840   6043231    297   0.00%  pltfm_config",
        " 9958        47747    681144     70   0.00%  plcmgr",
        " 9960      7011121   7539584    929   0.00%  pfstat",
        " 9976       338062   2745722    123   0.00%  ntp",
        " 9977       642308  22554845     28   0.00%  nia-mgr",
        " 9978       338590   1250916    270   0.00%  nbproxy",
        " 9979       150487   1068712    140   0.00%  monitor",
        " 9981       228597   5412764     42   0.00%  lim",
        " 9984       729774  22053507     33   0.00%  l2rib",
        " 9985       119186   1815601     65   0.00%  ipfib",
        " 9986          325       207   1570   0.00%  igmp",
        " 9987     10662421  10171661   1048   0.00%  icam",
        " 9988       218768   3295378     66   0.00%  eth_port_channel",
        " 9989       100407   2577649     38   0.00%  eltm",
        " 9990          171       107   1598   0.00%  ecp",
        " 9991        54638   1058719     51   0.00%  adbm",
        " 9992       109812   2189355     50   0.00%  acllog",
        "10041        28606    682582     41   0.00%  eth_dstats",
        "10042      5062469  34496869    146   0.00%  ipqosmgr",
        "10070      4635035  14897271    311   0.00%  vlan_mgr",
        "10117       353214   5755828     61   0.00%  aclqos",
        "10151       110602    833129    132   0.00%  diag_port_lb",
        "10152      1577635   5533805    285   0.00%  ethpm",
        "10153       581889  13417986     43   0.00%  l2fm",
        "10212      4127687  101862916     40   0.00%  stp",
        "10213       163705   4824058     33   0.00%  stripcl",
        "10286      2059213   6008384    342   0.00%  intersight",
        "10287       673489    903985    745   0.00%  copp",
        "10291      5248654   4107037   1277   0.00%  nxpython3",
        "10331          212       136   1558   0.00%  nxpython3",
        "10356       209173   5014335     41   0.00%  ufdm",
        "10357        57122   2261569     25   0.00%  u2",
        "10359        86444   2564137     33   0.00%  sal",
        "10360        69067   1015672     68   0.00%  ofm",
        "10361          264       143   1846   0.00%  mrib",
        "10362    248628904  1385137806    179   0.00%  mfdm",
        "10363       153998   4823558     31   0.00%  mcm",
        "10364          266       165   1612   0.00%  m6rib",
        "10365      2473491  16478553    150   0.00%  l2pt",
        "10385        69703   1435280     48   0.00%  m2rib",
        "10422      3919460  22543492    173   0.00%  nxpython3",
        "10423      3433185  18911772    181   0.00%  nxpython3",
        "10424      1115413  22536363     49   0.00%  nxpython3",
        "10917          275       604    455   0.00%  mld",
        "11684       820929  22200537     36   0.00%  tacacs",
        "11843            0         2      0   0.00%  sshd",
        "13176       607872   6407581     94   0.00%  ksmtuned.sh",
        "14334          368        68   5411   0.00%  nxos_dc",
        "16841        17686    753435     23   0.00%  rpcbind",
        "17311            0         2      0   0.00%  rpc.mountd",
        "17322            0         8      0   0.00%  rpc.statd",
        "17380       225291   1933820    116   0.00%  interface-vlan",
        "17413       170484   1368364    124   0.00%  hsrp_engine",
        "17415       138727   2432462     57   0.00%  lacp",
        "17418       368891  11700460     31   0.00%  cts",
        "17425       989406   2838508    348   0.00%  lldp",
        "17428       622635   5863722    106   0.00%  bfd",
        "17431       145085   4570493     31   0.00%  bfd_app",
        "17435          231        61   3786   0.00%  sla_sender",
        "17441      1440471  34979516     41   0.00%  telemetry",
        "18754          282        40   7050   0.00%  bgp",
        "18810       127909    848076    150   0.00%  crond",
        "19821          167       299    558   0.00%  dcos_sshd",
        "19829           16       238     67   0.00%  dcos_sshd",
        "19833          175       282    620   0.00%  vsh.bin",
        "19996            2        99     20   0.00%  more",
        "20714          220       363    606   0.00%  ospfv3",
        "20977            0         1      0   0.00%  mcelog",
        "22995            0         2      0   0.00%  sleep",
        "23459            2         4    500   0.00%  libvirtd_mon.sh",
        "23460            1        10    100   0.00%  sh",
        "23461      6779255  89155540     76   0.00%  sysmgr",
        "23465            0         1      0   0.00%  inotifywait",
        "23497           30       707     42   0.00%  libvirtd",
        "23602          217        25   8680   0.00%  orib",
        "23609          301       133   2263   0.00%  nve",
        "31488          810      1094    740   0.00%  netconf",
        "31506        24523   2210926     11   0.00%  xosdsd",
        "",
        "CPU util  :    0.50% user,   14.21% kernel,   85.27% idle",
        "",
        "CPU utilization for five seconds: 8%/0%; one minute: 24%; five minutes: 20%",
        " Please note that only processes from the requested vdc are shown above"
    ]
}</system-out>
		</testcase>
		<testcase classname="out-of-tree:nxos.yml:9" name="[54.190.208.146] cpu: network.healthchecks.cpu : Debug CPU health check output var=cpu_health" time="0.03635001182556152">
			<system-out>{
    "changed": false,
    "cpu_health": {
        "cpu_utilization_processes": [
            {
                "invoked": 682582,
                "one_sec": 0.0,
                "pid": 10041,
                "process": "eth_dstats",
                "runtime_ms": 28606,
                "uSecs": 41
            },
            {
                "invoked": 34496869,
                "one_sec": 0.0,
                "pid": 10042,
                "process": "ipqosmgr",
                "runtime_ms": 5062469,
                "uSecs": 146
            },
            {
                "invoked": 14897271,
                "one_sec": 0.0,
                "pid": 10070,
                "process": "vlan_mgr",
                "runtime_ms": 4635035,
                "uSecs": 311
            },
            {
                "invoked": 5755828,
                "one_sec": 0.0,
                "pid": 10117,
                "process": "aclqos",
                "runtime_ms": 353214,
                "uSecs": 61
            },
            {
                "invoked": 833129,
                "one_sec": 0.0,
                "pid": 10151,
                "process": "diag_port_lb",
                "runtime_ms": 110602,
                "uSecs": 132
            },
            {
                "invoked": 5533805,
                "one_sec": 0.0,
                "pid": 10152,
                "process": "ethpm",
                "runtime_ms": 1577635,
                "uSecs": 285
            },
            {
                "invoked": 13417986,
                "one_sec": 0.0,
                "pid": 10153,
                "process": "l2fm",
                "runtime_ms": 581889,
                "uSecs": 43
            },
            {
                "invoked": 101862916,
                "one_sec": 0.0,
                "pid": 10212,
                "process": "stp",
                "runtime_ms": 4127687,
                "uSecs": 40
            },
            {
                "invoked": 4824058,
                "one_sec": 0.0,
                "pid": 10213,
                "process": "stripcl",
                "runtime_ms": 163705,
                "uSecs": 33
            },
            {
                "invoked": 6008384,
                "one_sec": 0.0,
                "pid": 10286,
                "process": "intersight",
                "runtime_ms": 2059213,
                "uSecs": 342
            },
            {
                "invoked": 903985,
                "one_sec": 0.0,
                "pid": 10287,
                "process": "copp",
                "runtime_ms": 673489,
                "uSecs": 745
            },
            {
                "invoked": 4107037,
                "one_sec": 0.0,
                "pid": 10291,
                "process": "nxpython3",
                "runtime_ms": 5248654,
                "uSecs": 1277
            },
            {
                "invoked": 136,
                "one_sec": 0.0,
                "pid": 10331,
                "process": "nxpython3",
                "runtime_ms": 212,
                "uSecs": 1558
            },
            {
                "invoked": 5014335,
                "one_sec": 0.0,
                "pid": 10356,
                "process": "ufdm",
                "runtime_ms": 209173,
                "uSecs": 41
            },
            {
                "invoked": 2261569,
                "one_sec": 0.0,
                "pid": 10357,
                "process": "u2",
                "runtime_ms": 57122,
                "uSecs": 25
            },
            {
                "invoked": 2564137,
                "one_sec": 0.0,
                "pid": 10359,
                "process": "sal",
                "runtime_ms": 86444,
                "uSecs": 33
            },
            {
                "invoked": 1015672,
                "one_sec": 0.0,
                "pid": 10360,
                "process": "ofm",
                "runtime_ms": 69067,
                "uSecs": 68
            },
            {
                "invoked": 143,
                "one_sec": 0.0,
                "pid": 10361,
                "process": "mrib",
                "runtime_ms": 264,
                "uSecs": 1846
            },
            {
                "invoked": 1385137806,
                "one_sec": 0.0,
                "pid": 10362,
                "process": "mfdm",
                "runtime_ms": 248628904,
                "uSecs": 179
            },
            {
                "invoked": 4823558,
                "one_sec": 0.0,
                "pid": 10363,
                "process": "mcm",
                "runtime_ms": 153998,
                "uSecs": 31
            },
            {
                "invoked": 165,
                "one_sec": 0.0,
                "pid": 10364,
                "process": "m6rib",
                "runtime_ms": 266,
                "uSecs": 1612
            },
            {
                "invoked": 16478553,
                "one_sec": 0.0,
                "pid": 10365,
                "process": "l2pt",
                "runtime_ms": 2473491,
                "uSecs": 150
            },
            {
                "invoked": 1435280,
                "one_sec": 0.0,
                "pid": 10385,
                "process": "m2rib",
                "runtime_ms": 69703,
                "uSecs": 48
            },
            {
                "invoked": 22543492,
                "one_sec": 0.0,
                "pid": 10422,
                "process": "nxpython3",
                "runtime_ms": 3919460,
                "uSecs": 173
            },
            {
                "invoked": 18911772,
                "one_sec": 0.0,
                "pid": 10423,
                "process": "nxpython3",
                "runtime_ms": 3433185,
                "uSecs": 181
            },
            {
                "invoked": 22536363,
                "one_sec": 0.0,
                "pid": 10424,
                "process": "nxpython3",
                "runtime_ms": 1115413,
                "uSecs": 49
            },
            {
                "invoked": 604,
                "one_sec": 0.0,
                "pid": 10917,
                "process": "mld",
                "runtime_ms": 275,
                "uSecs": 455
            },
            {
                "invoked": 22200537,
                "one_sec": 0.0,
                "pid": 11684,
                "process": "tacacs",
                "runtime_ms": 820929,
                "uSecs": 36
            },
            {
                "invoked": 2,
                "one_sec": 0.0,
                "pid": 11843,
                "process": "sshd",
                "runtime_ms": 0,
                "uSecs": 0
            },
            {
                "invoked": 6407581,
                "one_sec": 0.0,
                "pid": 13176,
                "process": "ksmtuned.sh",
                "runtime_ms": 607872,
                "uSecs": 94
            },
            {
                "invoked": 68,
                "one_sec": 0.0,
                "pid": 14334,
                "process": "nxos_dc",
                "runtime_ms": 368,
                "uSecs": 5411
            },
            {
                "invoked": 753435,
                "one_sec": 0.0,
                "pid": 16841,
                "process": "rpcbind",
                "runtime_ms": 17686,
                "uSecs": 23
            },
            {
                "invoked": 2,
                "one_sec": 0.0,
                "pid": 17311,
                "process": "rpc.mountd",
                "runtime_ms": 0,
                "uSecs": 0
            },
            {
                "invoked": 8,
                "one_sec": 0.0,
                "pid": 17322,
                "process": "rpc.statd",
                "runtime_ms": 0,
                "uSecs": 0
            },
            {
                "invoked": 1933820,
                "one_sec": 0.0,
                "pid": 17380,
                "process": "interface-vlan",
                "runtime_ms": 225291,
                "uSecs": 116
            },
            {
                "invoked": 1368364,
                "one_sec": 0.0,
                "pid": 17413,
                "process": "hsrp_engine",
                "runtime_ms": 170484,
                "uSecs": 124
            },
            {
                "invoked": 2432462,
                "one_sec": 0.0,
                "pid": 17415,
                "process": "lacp",
                "runtime_ms": 138727,
                "uSecs": 57
            },
            {
                "invoked": 11700460,
                "one_sec": 0.0,
                "pid": 17418,
                "process": "cts",
                "runtime_ms": 368891,
                "uSecs": 31
            },
            {
                "invoked": 2838508,
                "one_sec": 0.0,
                "pid": 17425,
                "process": "lldp",
                "runtime_ms": 989406,
                "uSecs": 348
            },
            {
                "invoked": 5863722,
                "one_sec": 0.0,
                "pid": 17428,
                "process": "bfd",
                "runtime_ms": 622635,
                "uSecs": 106
            },
            {
                "invoked": 4570493,
                "one_sec": 0.0,
                "pid": 17431,
                "process": "bfd_app",
                "runtime_ms": 145085,
                "uSecs": 31
            },
            {
                "invoked": 61,
                "one_sec": 0.0,
                "pid": 17435,
                "process": "sla_sender",
                "runtime_ms": 231,
                "uSecs": 3786
            },
            {
                "invoked": 34979516,
                "one_sec": 0.0,
                "pid": 17441,
                "process": "telemetry",
                "runtime_ms": 1440471,
                "uSecs": 41
            },
            {
                "invoked": 40,
                "one_sec": 0.0,
                "pid": 18754,
                "process": "bgp",
                "runtime_ms": 282,
                "uSecs": 7050
            },
            {
                "invoked": 848076,
                "one_sec": 0.0,
                "pid": 18810,
                "process": "crond",
                "runtime_ms": 127909,
                "uSecs": 150
            },
            {
                "invoked": 299,
                "one_sec": 0.0,
                "pid": 19821,
                "process": "dcos_sshd",
                "runtime_ms": 167,
                "uSecs": 558
            },
            {
                "invoked": 238,
                "one_sec": 0.0,
                "pid": 19829,
                "process": "dcos_sshd",
                "runtime_ms": 16,
                "uSecs": 67
            },
            {
                "invoked": 282,
                "one_sec": 0.0,
                "pid": 19833,
                "process": "vsh.bin",
                "runtime_ms": 175,
                "uSecs": 620
            },
            {
                "invoked": 99,
                "one_sec": 0.0,
                "pid": 19996,
                "process": "more",
                "runtime_ms": 2,
                "uSecs": 20
            },
            {
                "invoked": 363,
                "one_sec": 0.0,
                "pid": 20714,
                "process": "ospfv3",
                "runtime_ms": 220,
                "uSecs": 606
            },
            {
                "invoked": 1,
                "one_sec": 0.0,
                "pid": 20977,
                "process": "mcelog",
                "runtime_ms": 0,
                "uSecs": 0
            },
            {
                "invoked": 2,
                "one_sec": 0.0,
                "pid": 22995,
                "process": "sleep",
                "runtime_ms": 0,
                "uSecs": 0
            },
            {
                "invoked": 4,
                "one_sec": 0.0,
                "pid": 23459,
                "process": "libvirtd_mon.sh",
                "runtime_ms": 2,
                "uSecs": 500
            },
            {
                "invoked": 10,
                "one_sec": 0.0,
                "pid": 23460,
                "process": "sh",
                "runtime_ms": 1,
                "uSecs": 100
            },
            {
                "invoked": 89155540,
                "one_sec": 0.0,
                "pid": 23461,
                "process": "sysmgr",
                "runtime_ms": 6779255,
                "uSecs": 76
            },
            {
                "invoked": 1,
                "one_sec": 0.0,
                "pid": 23465,
                "process": "inotifywait",
                "runtime_ms": 0,
                "uSecs": 0
            },
            {
                "invoked": 707,
                "one_sec": 0.0,
                "pid": 23497,
                "process": "libvirtd",
                "runtime_ms": 30,
                "uSecs": 42
            },
            {
                "invoked": 25,
                "one_sec": 0.0,
                "pid": 23602,
                "process": "orib",
                "runtime_ms": 217,
                "uSecs": 8680
            },
            {
                "invoked": 133,
                "one_sec": 0.0,
                "pid": 23609,
                "process": "nve",
                "runtime_ms": 301,
                "uSecs": 2263
            },
            {
                "invoked": 1094,
                "one_sec": 0.0,
                "pid": 31488,
                "process": "netconf",
                "runtime_ms": 810,
                "uSecs": 740
            },
            {
                "invoked": 2210926,
                "one_sec": 0.0,
                "pid": 31506,
                "process": "xosdsd",
                "runtime_ms": 24523,
                "uSecs": 11
            }
        ]
    }
}</system-out>
		</testcase>
		<testcase classname="out-of-tree:main.yml:17" name="[54.190.208.146] cpu: network.healthchecks.cpu : Assert CPU utilization threshold that=['cpu_utilization &lt;= (cpu_threshold | int)'], fail_msg=CPU utilization {{ cpu_utilization }}% exceeds threshold ({{ cpu_threshold }}%)., success_msg=CPU utilization {{ cpu_utilization }}% is within acceptable limits." time="0.007598161697387695">
			<skipped>Conditional result was False</skipped>
		</testcase>
		<testcase classname="tests/integration/targets/cpu_health/tasks/main.yml:22" name="[54.190.208.146] cpu: cpu_health : CPU health check result msg=CPU Health Check Result: {{ cpu_result }}" time="0.030870914459228516">
			<system-out>{
    "changed": false,
    "msg": "CPU Health Check Result: {'include_args': {'name': 'network.healthchecks.cpu'}, 'changed': False}"
}</system-out>
		</testcase>
		<testcase classname="tests/integration/targets/cpu_health/tasks/main.yml:26" name="[54.190.208.146] cpu: cpu_health : Ending CPU health check integration tests msg=END network.cpu health_check operation integration tests on connection={{ ansible_connection }}" time="0.029256820678710938">
			<system-out>{
    "changed": false,
    "msg": "END network.cpu health_check operation integration tests on connection=ansible.netcommon.network_cli"
}</system-out>
		</testcase>
	</testsuite>
</testsuites>
