<?xml version="1.0" ?>
<testsuites disabled="0" errors="0" failures="0" tests="14" time="7.6108615398406982421875">
	<testsuite disabled="0" errors="0" failures="0" name="cpu_health-pslkrwe_" skipped="2" tests="14" time="7.6108615398406982421875">
		<testcase classname="tests/integration/targets/cpu_health/tasks/main.yml:2" name="[54.190.208.146] cpu: cpu_health : Starting CPU health check integration tests msg=START network.healthchecks.cpu health_check operation integration tests on connection={{ ansible_connection }}" time="0.045130014419555664">
			<system-out>{
    "changed": false,
    "msg": "START network.healthchecks.cpu health_check operation integration tests on connection=ansible.netcommon.network_cli"
}</system-out>
		</testcase>
		<testcase classname="tests/integration/targets/cpu_health/tasks/main.yml:8" name="[54.190.208.146] cpu: Run network.cpu validated content with health_checks operation name=network.healthchecks.cpu" time="0.004530906677246094">
			<system-out>{
    "changed": false,
    "include_args": {
        "name": "network.healthchecks.cpu"
    }
}</system-out>
		</testcase>
		<testcase classname="tests/integration/targets/cpu_health/tasks/main.yml:8" name="[include] cpu: Run network.cpu validated content with health_checks operation name=network.healthchecks.cpu" time="0.009376049041748047">
			<system-out>network.healthchecks.cpu (args={} vars={}): [54.190.208.146]</system-out>
		</testcase>
		<testcase classname="out-of-tree:main.yml:2" name="[54.190.208.146] cpu: network.healthchecks.cpu : Include validation tasks (ensure platform is supported) _raw_params=validation.yml" time="0.005488157272338867">
			<system-out>{
    "changed": false,
    "include": "validation.yml",
    "include_args": {}
}</system-out>
		</testcase>
		<testcase classname="out-of-tree:main.yml:2" name="[include] cpu: network.healthchecks.cpu : Include validation tasks (ensure platform is supported) _raw_params=validation.yml" time="0.008281230926513672">
			<system-out>/Users/ruchi/Documents/workspace/collections/ansible_collections/network/healthchecks/roles/cpu/tasks/validation.yml (args={} vars={}): [54.190.208.146]</system-out>
		</testcase>
		<testcase classname="out-of-tree:validation.yml:2" name="[54.190.208.146] cpu: network.healthchecks.cpu : Set supported platform list supported_platforms=['ios', 'eos', 'nxos', 'iosxr']" time="0.03301596641540527">
			<system-out>{
    "ansible_facts": {
        "supported_platforms": [
            "ios",
            "eos",
            "nxos",
            "iosxr"
        ]
    },
    "changed": false
}</system-out>
		</testcase>
		<testcase classname="out-of-tree:validation.yml:10" name="[54.190.208.146] cpu: network.healthchecks.cpu : Fail on unsupported platform _raw_params=unsupported_platform.yml" time="0.006875038146972656">
			<skipped>Conditional result was False</skipped>
		</testcase>
		<testcase classname="out-of-tree:main.yml:5" name="[54.190.208.146] cpu: network.healthchecks.cpu : Include OS-specific CPU tasks iosxr _raw_params=./{{ ansible_network_os.split('.')[2] }}.yml" time="0.005795955657958984">
			<system-out>{
    "changed": false,
    "include": "./iosxr.yml",
    "include_args": {}
}</system-out>
		</testcase>
		<testcase classname="out-of-tree:main.yml:5" name="[include] cpu: network.healthchecks.cpu : Include OS-specific CPU tasks iosxr _raw_params=./{{ ansible_network_os.split('.')[2] }}.yml" time="0.008630990982055664">
			<system-out>/Users/ruchi/Documents/workspace/collections/ansible_collections/network/healthchecks/roles/cpu/tasks/./iosxr.yml (args={} vars={}): [54.190.208.146]</system-out>
		</testcase>
		<testcase classname="out-of-tree:iosxr.yml:2" name="[54.190.208.146] cpu: network.healthchecks.cpu : Parse CPU health check output for IOS-XR command=show processes cpu, parser={'name': 'ansible.netcommon.native'}, set_fact=cpu_health" time="7.3621439933776855">
			<system-out>{
    "ansible_facts": {
        "cpu_health": {}
    },
    "changed": false,
    "parsed": {},
    "stdout": "---- node0_RP0_CPU0 ----\n\nCPU utilization for one minute: 0%; five minutes: 0%; fifteen minutes: 0%\n \nPID    1Min    5Min    15Min Process\n1        0%      0%       0% init\n1701     0%      0%       0% bash\n1725     0%      0%       0% sh\n1726     0%      0%       0% bash\n1744     0%      0%       0% cgroup_oom\n1919     0%      0%       0% bash\n1922     0%      0%       0% bash\n1939     0%      0%       0% inotifywait\n1940     0%      0%       0% bash\n1989     0%      0%       0% dbus-daemon\n2007     0%      0%       0% sshd\n2018     0%      0%       0% rpcbind\n2112     0%      0%       0% rngd\n2118     0%      0%       0% syslogd\n2121     0%      0%       0% klogd\n2137     0%      0%       0% xinetd\n2184     0%      0%       0% crond\n3291     0%      0%       0% bash\n3292     0%      0%       0% dsr\n3320     0%      0%       0% bash\n3328     0%      0%       0% ds\n3336     0%      0%       0% bash\n3337     0%      0%       0% bash\n3342     0%      0%       0% dev_inotify_hdlr\n3346     0%      0%       0% dev_inotify_hdlr\n3453     0%      0%       0% processmgr\n3514     0%      0%       0% devc-conaux-aux\n3515     0%      0%       0% devc-conaux-con\n3517     0%      0%       0% correlatord\n3519     0%      0%       0% cerrno_server\n3522     0%      0%       0% syslogd\n3524     0%      0%       0% syslogd_helper\n3526     0%      0%       0% syslog_dev\n3527     0%      0%       0% shmwin_svr\n3529     0%      0%       0% sdr_invmgr\n3530     0%      0%       0% vm-monitor\n3532     0%      0%       0% dumper\n3535     0%      0%       0% qsm\n3536     0%      0%       0% mpa_fm_svr\n3542     0%      0%       0% spp\n3545     0%      0%       0% packet\n3548     0%      0%       0% chkpt_proxy\n3553     0%      0%       0% ltrace_server\n3556     0%      0%       0% ltrace_sync\n3562     0%      0%       0% resmon\n3567     0%      0%       0% sld\n3587     0%      0%       0% rmf_svr\n3611     0%      0%       0% bag_schema_svr\n3616     0%      0%       0% tty_exec_launcher\n3625     0%      0%       0% issudir\n3627     0%      0%       0% sysdb_svr_local\n3630     0%      0%       0% nrssvr_global\n3631     0%      0%       0% ssh_key_client\n3633     0%      0%       0% invmgr_proxy\n3636     0%      0%       0% lcp_mgr\n3637     0%      0%       0% sysdb_shared_data_nc\n3640     0%      0%       0% gsp\n3643     0%      0%       0% sysdb_shared_nc\n3646     0%      0%       0% meminfo_svr\n3657     0%      0%       0% sysdb_shared_sc\n3660     0%      0%       0% showd_server\n3663     0%      0%       0% sysdb_svr_admin\n3672     0%      0%       0% ssh_key_server\n3674     0%      0%       0% tamfs\n3682     0%      0%       0% debug_d_admin\n3691     0%      0%       0% aipc_cleaner\n3698     0%      0%       0% gcp_fib_verifier\n3708     0%      0%       0% rdsfs_svr\n3714     0%      0%       0% nrssvr\n3733     0%      0%       0% wdsysmon_fd_edm\n3744     0%      0%       0% corehelper_context_edm\n3754     0%      0%       0% sysdb_mc\n3772     0%      0%       0% early_fast_discard_verifier\n3774     0%      0%       0% bundlemgr_checker\n3789     0%      0%       0% subdb_svr\n3794     0%      0%       0% cfgmgr-rp\n3798     0%      0%       0% parser_server\n3807     0%      0%       0% nvgen_server\n3815     0%      0%       0% timezone_config\n3826     0%      0%       0% sunstone_stats_svr\n3852     0%      0%       0% heap_summary_edm\n3866     0%      0%       0% issumgr\n3889     0%      0%       0% media_server\n3914     0%      0%       0% procfs_server\n3935     0%      0%       0% sdr_instagt\n3947     0%      0%       0% show_mediang_edm\n4516     0%      0%       0% ifmgr\n4517     0%      0%       0% netio\n4518     0%      0%       0% ifindex_server\n4521     0%      0%       0% lpts_pa\n4522     0%      0%       0% alarm-logger\n4524     0%      0%       0% calv_alarm_mgr\n4525     0%      0%       0% eth_mgmt\n4526     0%      0%       0% fwd_driver_partner\n4528     0%      0%       0% locald_DLRSC\n4529     0%      0%       0% mempool_edm\n4530     0%      0%       0% ncd\n4531     0%      0%       0% nd_partner\n4532     0%      0%       0% nsr_fo\n4533     0%      0%       0% nsr_ping_reply\n4534     0%      0%       0% rmf_cli_edm\n4535     0%      0%       0% rsi_agent\n4536     0%      0%       0% rsi_master\n4538     0%      0%       0% sh_proc_mem_edm\n4540     0%      0%       0% sh_proc_threadname_edm\n4541     0%      0%       0% sysmgr_show_proc_all_edm\n4542     0%      0%       0% tty_show_users_edm\n4543     0%      0%       0% mpls_io_ea\n4546     0%      0%       0% aib\n4547     0%      0%       0% bundlemgr_adj\n4548     0%      0%       0% statsd_server\n4549     0%      0%       0% ipv4_arm\n4551     0%      0%       0% ipv6_arm\n4572     0%      0%       0% ipv4_acl_mgr\n4579     0%      0%       0% ipv6_acl_daemon\n4583     0%      0%       0% ipv4_mfwd_partner\n4594     0%      0%       0% ipv6_mfwd_partner\n4600     0%      0%       0% pifibm_server_rp\n4611     0%      0%       0% ipv4_io\n4626     0%      0%       0% ipv4_ma\n4632     0%      0%       0% ipv6_nd\n4642     0%      0%       0% policymgr_rp\n4654     0%      0%       0% fib_mgr\n4659     0%      0%       0% ipv6_ea\n4666     0%      0%       0% ipv6_io\n4678     0%      0%       0% bcdl_agent\n4692     0%      0%       0% nve_mgr\n4720     0%      0%       0% procfind\n4733     0%      0%       0% ipv6_ma\n4736     0%      0%       0% mpls_lsd\n4747     0%      0%       0% bgp_policy_reg_agent\n4754     0%      0%       0% eigrp_policy_reg_agent\n4767     0%      0%       0% igmp_policy_reg_agent\n4769     0%      0%       0% isis_policy_reg_agent\n4784     0%      0%       0% l2vpn_policy_reg_agent\n4791     0%      0%       0% lisp_xr_policy_reg_agent\n4810     0%      0%       0% mldp_policy_reg_agent\n4818     0%      0%       0% ospf_policy_reg_agent\n4823     0%      0%       0% ospfv3_policy_reg_agent\n4829     0%      0%       0% pim6_policy_reg_agent\n4837     0%      0%       0% pim_policy_reg_agent\n4847     0%      0%       0% rip_policy_reg_agent\n4853     0%      0%       0% debug_d\n4858     0%      0%       0% iedged\n4863     0%      0%       0% ocifip_v4ma\n4864     0%      0%       0% ocifip_v6ma\n4883     0%      0%       0% shelf_mgr_proxy\n4884     0%      0%       0% tamsvcs_tamm\n5155     0%      0%       0% tams_proc\n5177     0%      0%       0% ether_caps_partner\n5178     0%      0%       0% ether_sock\n5201     0%      0%       0% bcdls\n5206     0%      0%       0% bcdls\n5252     0%      0%       0% vlan_ea\n5259     0%      0%       0% tamd_proc\n5515     0%      0%       0% ownershipd\n5516     0%      0%       0% tam_sync\n5518     0%      0%       0% kim\n5519     0%      0%       0% syslog_infra_hm\n5525     0%      0%       0% tty_verifyd\n5528     0%      0%       0% ipv4_rump\n5529     0%      0%       0% ipv6_rump\n5530     0%      0%       0% ethernet_stats_controller_edm\n5531     0%      0%       0% domain_services\n5532     0%      0%       0% ftp_fs\n5533     0%      0%       0% bgp_epe\n5534     0%      0%       0% bfd\n5535     0%      0%       0% ipv6_local\n5536     0%      0%       0% ipv6_connected\n5537     0%      0%       0% pim6\n5538     0%      0%       0% ipv4_local\n5543     0%      0%       0% ipv4_connected\n5544     0%      0%       0% igmp\n5545     0%      0%       0% eth_gl_cfg\n5546     0%      0%       0% ipv6_mpa\n5554     0%      0%       0% ipv4_mpa\n5558     0%      0%       0% bundlemgr_distrib\n5564     0%      0%       0% mld\n5594     0%      0%       0% pim\n5596     0%      0%       0% policy_repository\n5605     0%      0%       0% mrib6\n5620     0%      0%       0% mrib\n5626     0%      0%       0% ipv6_rib\n5640     0%      0%       0% ipv6_mfwd_ma\n5651     0%      0%       0% ipv4_rib\n5655     0%      0%       0% ipv4_mfwd_ma\n5665     0%      0%       0% statsd_manager_g\n5667     0%      0%       0% intf_mgbl\n5669     0%      0%       0% showtech_cfg\n5678     0%      0%       0% lldp_mgr\n5683     0%      0%       0% mpls_static\n5686     0%      0%       0% ema_server_sdr\n5696     0%      0%       0% accounting_ma\n5699     0%      0%       0% daps\n5708     0%      0%       0% ipsub_ma\n5716     0%      0%       0% l2fib_mgr\n5728     0%      0%       0% l2rib\n5736     0%      0%       0% pppoe_ma\n5738     0%      0%       0% sconbkup\n5751     0%      0%       0% yang_server\n5768     0%      0%       0% ipv6_assembler\n5770     0%      0%       0% mpls_fwd_show_proxy\n5780     0%      0%       0% shconf-edm\n5787     0%      0%       0% statsd_manager_l\n5798     0%      0%       0% ztp_edm\n5813     0%      0%       0% mpls_io\n5816     0%      0%       0% ntpd\n5831     0%      0%       0% session_mon\n5836     0%      0%       0% clns\n5850     0%      0%       0% arp\n5853     0%      0%       0% ip_aps\n5870     0%      0%       0% raw_ip\n5875     0%      0%       0% tcp\n5892     0%      0%       0% udp\n5893     0%      0%       0% fhrp_output\n5899     0%      0%       0% l2snoop\n5907     0%      0%       0% pim6_ma\n5920     0%      0%       0% pim_ma\n5928     0%      0%       0% ip_app\n5937     0%      0%       0% cinetd\n5940     0%      0%       0% devc-vty\n5948     0%      0%       0% bundlemgr_local\n5956     0%      0%       0% ether_mgbl\n5964     0%      0%       0% tftp_fs\n5979     0%      0%       0% type6_server\n5991     0%      0%       0% vi_config_replicator\n6005     0%      0%       0% eem_server\n6008     0%      0%       0% showd_lc\n6035     0%      0%       0% tcl_secure_mode\n6040     0%      0%       0% lpts_fm\n6057     0%      0%       0% eem_policy_dir\n6073     0%      0%       0% ipsec_mp\n6079     0%      0%       0% ipsec_pp\n6087     0%      0%       0% cepki\n6090     0%      0%       0% crypto_monitor\n6099     0%      0%       0% eem_ed_config\n6117     0%      0%       0% eem_ed_counter\n6122     0%      0%       0% eem_ed_generic\n6143     0%      0%       0% eem_ed_nd\n6145     0%      0%       0% eem_ed_none\n6163     0%      0%       0% eem_ed_stats\n6166     0%      0%       0% eem_ed_syslog\n6181     0%      0%       0% eem_ed_sysmgr\n6192     0%      0%       0% eem_ed_telemetry\n6204     0%      0%       0% eem_ed_test\n6211     0%      0%       0% eem_ed_timer\n6214     0%      0%       0% object_tracking\n6220     0%      0%       0% call_home\n6235     0%      0%       0% http_client\n6253     0%      0%       0% plat_sl_client\n6264     0%      0%       0% smartlicserver\n6278     0%      0%       0% bcdls\n6584     0%      0%       0% bcdl_agent\n6721     0%      0%       0% bcdls\n6724     0%      0%       0% bcdl_agent\n6728     0%      0%       0% bcdl_agent\n6817     0%      0%       0% bcdls\n7527     0%      0%       0% mirror_server\n7530     0%      0%       0% redstatsd\n7532     0%      0%       0% appmgr\n7533     0%      0%       0% cmp_edm\n7534     0%      0%       0% crypto_edm\n7535     0%      0%       0% dockerd_monitor\n7536     0%      0%       0% domain_sync\n7537     0%      0%       0% es_acl_act_agent\n7538     0%      0%       0% file_paltx\n7539     0%      0%       0% hostname_sync\n7540     0%      0%       0% imaedm_server\n7541     0%      0%       0% ipodwdm\n7543     0%      0%       0% ipv4_acl_act_agent\n7545     0%      0%       0% ipv6_acl_cfg_agent\n7546     0%      0%       0% linux_nto_misc_showd\n7547     0%      0%       0% local_sock\n7550     0%      0%       0% mpls_vpn_mib\n7553     0%      0%       0% netio_debug_partner\n7554     0%      0%       0% pak_capture_partner\n7573     0%      0%       0% pam_manager\n7583     0%      0%       0% pfilter_ma\n7596     0%      0%       0% pkt_trace_agent\n7604     0%      0%       0% pkt_trace_master\n7611     0%      0%       0% pm_server\n7632     0%      0%       0% script_agent_main\n7641     0%      0%       0% script_watcher_main\n7645     0%      0%       0% spio_ea\n7655     0%      0%       0% spio_ma\n7665     0%      0%       0% ssm_process\n7687     0%      0%       0% pm_collector\n7930     0%      0%       0% wanphy_proc\n7931     0%      0%       0% tc_server\n7932     0%      0%       0% sys_rec\n7933     0%      0%       0% svault\n7934     0%      0%       0% ssh_server\n7935     0%      0%       0% ssh_backup_server\n7936     0%      0%       0% snmppingd\n7937     0%      0%       0% sdr_instmgr\n7938     0%      0%       0% schema_server\n7939     0%      0%       0% ocaaateld\n7940     0%      0%       0% l2tp_mgr\n7941     0%      0%       0% cmpp\n7942     0%      0%       0% bash\n7943     0%      0%       0% l2vpn_mgr\n7944     0%      0%       0% xtc_agent\n7945     0%      0%       0% mpls_ldp\n7946     0%      0%       0% vservice_mgr\n7947     0%      0%       0% qos_ma\n7948     0%      0%       0% pbr_ma\n7949     0%      0%       0% rt_check_mgr\n7950     0%      0%       0% es_acl_mgr\n7960     0%      0%       0% attestation_agent\n8437     0%      0%       0% cdp_mgr\n8438     0%      0%       0% ipv4_static\n8439     0%      0%       0% mpp_srvr\n8972     0%      0%       0% ssh_conf_verifier\n8975     0%      0%       0% bpm\n9013     0%      0%       0% bgp\n9025     0%      0%       0% sdr_mgbl_proxy\n9050     0%      0%       0% xr_dhcpcd\n10406    0%      0%       0% perl\n10425    0%      0%       0% perl\n10504    0%      0%       0% perl\n10510    0%      0%       0% pam_cli_agent\n10596    0%      0%       0% perl\n10690    0%      0%       0% perl\n17237    0%      0%       0% ospf\n17238    0%      0%       0% ospf_uv\n17268    0%      0%       0% loopback_caps_partner\n17623    0%      0%       0% sleep\n17649    0%      0%       0% sleep\n18567    0%      0%       0% ixdb_gc\n19872    0%      0%       0% ospfv3_uv\n19873    0%      0%       0% ospfv3",
    "stdout_lines": [
        "---- node0_RP0_CPU0 ----",
        "",
        "CPU utilization for one minute: 0%; five minutes: 0%; fifteen minutes: 0%",
        " ",
        "PID    1Min    5Min    15Min Process",
        "1        0%      0%       0% init",
        "1701     0%      0%       0% bash",
        "1725     0%      0%       0% sh",
        "1726     0%      0%       0% bash",
        "1744     0%      0%       0% cgroup_oom",
        "1919     0%      0%       0% bash",
        "1922     0%      0%       0% bash",
        "1939     0%      0%       0% inotifywait",
        "1940     0%      0%       0% bash",
        "1989     0%      0%       0% dbus-daemon",
        "2007     0%      0%       0% sshd",
        "2018     0%      0%       0% rpcbind",
        "2112     0%      0%       0% rngd",
        "2118     0%      0%       0% syslogd",
        "2121     0%      0%       0% klogd",
        "2137     0%      0%       0% xinetd",
        "2184     0%      0%       0% crond",
        "3291     0%      0%       0% bash",
        "3292     0%      0%       0% dsr",
        "3320     0%      0%       0% bash",
        "3328     0%      0%       0% ds",
        "3336     0%      0%       0% bash",
        "3337     0%      0%       0% bash",
        "3342     0%      0%       0% dev_inotify_hdlr",
        "3346     0%      0%       0% dev_inotify_hdlr",
        "3453     0%      0%       0% processmgr",
        "3514     0%      0%       0% devc-conaux-aux",
        "3515     0%      0%       0% devc-conaux-con",
        "3517     0%      0%       0% correlatord",
        "3519     0%      0%       0% cerrno_server",
        "3522     0%      0%       0% syslogd",
        "3524     0%      0%       0% syslogd_helper",
        "3526     0%      0%       0% syslog_dev",
        "3527     0%      0%       0% shmwin_svr",
        "3529     0%      0%       0% sdr_invmgr",
        "3530     0%      0%       0% vm-monitor",
        "3532     0%      0%       0% dumper",
        "3535     0%      0%       0% qsm",
        "3536     0%      0%       0% mpa_fm_svr",
        "3542     0%      0%       0% spp",
        "3545     0%      0%       0% packet",
        "3548     0%      0%       0% chkpt_proxy",
        "3553     0%      0%       0% ltrace_server",
        "3556     0%      0%       0% ltrace_sync",
        "3562     0%      0%       0% resmon",
        "3567     0%      0%       0% sld",
        "3587     0%      0%       0% rmf_svr",
        "3611     0%      0%       0% bag_schema_svr",
        "3616     0%      0%       0% tty_exec_launcher",
        "3625     0%      0%       0% issudir",
        "3627     0%      0%       0% sysdb_svr_local",
        "3630     0%      0%       0% nrssvr_global",
        "3631     0%      0%       0% ssh_key_client",
        "3633     0%      0%       0% invmgr_proxy",
        "3636     0%      0%       0% lcp_mgr",
        "3637     0%      0%       0% sysdb_shared_data_nc",
        "3640     0%      0%       0% gsp",
        "3643     0%      0%       0% sysdb_shared_nc",
        "3646     0%      0%       0% meminfo_svr",
        "3657     0%      0%       0% sysdb_shared_sc",
        "3660     0%      0%       0% showd_server",
        "3663     0%      0%       0% sysdb_svr_admin",
        "3672     0%      0%       0% ssh_key_server",
        "3674     0%      0%       0% tamfs",
        "3682     0%      0%       0% debug_d_admin",
        "3691     0%      0%       0% aipc_cleaner",
        "3698     0%      0%       0% gcp_fib_verifier",
        "3708     0%      0%       0% rdsfs_svr",
        "3714     0%      0%       0% nrssvr",
        "3733     0%      0%       0% wdsysmon_fd_edm",
        "3744     0%      0%       0% corehelper_context_edm",
        "3754     0%      0%       0% sysdb_mc",
        "3772     0%      0%       0% early_fast_discard_verifier",
        "3774     0%      0%       0% bundlemgr_checker",
        "3789     0%      0%       0% subdb_svr",
        "3794     0%      0%       0% cfgmgr-rp",
        "3798     0%      0%       0% parser_server",
        "3807     0%      0%       0% nvgen_server",
        "3815     0%      0%       0% timezone_config",
        "3826     0%      0%       0% sunstone_stats_svr",
        "3852     0%      0%       0% heap_summary_edm",
        "3866     0%      0%       0% issumgr",
        "3889     0%      0%       0% media_server",
        "3914     0%      0%       0% procfs_server",
        "3935     0%      0%       0% sdr_instagt",
        "3947     0%      0%       0% show_mediang_edm",
        "4516     0%      0%       0% ifmgr",
        "4517     0%      0%       0% netio",
        "4518     0%      0%       0% ifindex_server",
        "4521     0%      0%       0% lpts_pa",
        "4522     0%      0%       0% alarm-logger",
        "4524     0%      0%       0% calv_alarm_mgr",
        "4525     0%      0%       0% eth_mgmt",
        "4526     0%      0%       0% fwd_driver_partner",
        "4528     0%      0%       0% locald_DLRSC",
        "4529     0%      0%       0% mempool_edm",
        "4530     0%      0%       0% ncd",
        "4531     0%      0%       0% nd_partner",
        "4532     0%      0%       0% nsr_fo",
        "4533     0%      0%       0% nsr_ping_reply",
        "4534     0%      0%       0% rmf_cli_edm",
        "4535     0%      0%       0% rsi_agent",
        "4536     0%      0%       0% rsi_master",
        "4538     0%      0%       0% sh_proc_mem_edm",
        "4540     0%      0%       0% sh_proc_threadname_edm",
        "4541     0%      0%       0% sysmgr_show_proc_all_edm",
        "4542     0%      0%       0% tty_show_users_edm",
        "4543     0%      0%       0% mpls_io_ea",
        "4546     0%      0%       0% aib",
        "4547     0%      0%       0% bundlemgr_adj",
        "4548     0%      0%       0% statsd_server",
        "4549     0%      0%       0% ipv4_arm",
        "4551     0%      0%       0% ipv6_arm",
        "4572     0%      0%       0% ipv4_acl_mgr",
        "4579     0%      0%       0% ipv6_acl_daemon",
        "4583     0%      0%       0% ipv4_mfwd_partner",
        "4594     0%      0%       0% ipv6_mfwd_partner",
        "4600     0%      0%       0% pifibm_server_rp",
        "4611     0%      0%       0% ipv4_io",
        "4626     0%      0%       0% ipv4_ma",
        "4632     0%      0%       0% ipv6_nd",
        "4642     0%      0%       0% policymgr_rp",
        "4654     0%      0%       0% fib_mgr",
        "4659     0%      0%       0% ipv6_ea",
        "4666     0%      0%       0% ipv6_io",
        "4678     0%      0%       0% bcdl_agent",
        "4692     0%      0%       0% nve_mgr",
        "4720     0%      0%       0% procfind",
        "4733     0%      0%       0% ipv6_ma",
        "4736     0%      0%       0% mpls_lsd",
        "4747     0%      0%       0% bgp_policy_reg_agent",
        "4754     0%      0%       0% eigrp_policy_reg_agent",
        "4767     0%      0%       0% igmp_policy_reg_agent",
        "4769     0%      0%       0% isis_policy_reg_agent",
        "4784     0%      0%       0% l2vpn_policy_reg_agent",
        "4791     0%      0%       0% lisp_xr_policy_reg_agent",
        "4810     0%      0%       0% mldp_policy_reg_agent",
        "4818     0%      0%       0% ospf_policy_reg_agent",
        "4823     0%      0%       0% ospfv3_policy_reg_agent",
        "4829     0%      0%       0% pim6_policy_reg_agent",
        "4837     0%      0%       0% pim_policy_reg_agent",
        "4847     0%      0%       0% rip_policy_reg_agent",
        "4853     0%      0%       0% debug_d",
        "4858     0%      0%       0% iedged",
        "4863     0%      0%       0% ocifip_v4ma",
        "4864     0%      0%       0% ocifip_v6ma",
        "4883     0%      0%       0% shelf_mgr_proxy",
        "4884     0%      0%       0% tamsvcs_tamm",
        "5155     0%      0%       0% tams_proc",
        "5177     0%      0%       0% ether_caps_partner",
        "5178     0%      0%       0% ether_sock",
        "5201     0%      0%       0% bcdls",
        "5206     0%      0%       0% bcdls",
        "5252     0%      0%       0% vlan_ea",
        "5259     0%      0%       0% tamd_proc",
        "5515     0%      0%       0% ownershipd",
        "5516     0%      0%       0% tam_sync",
        "5518     0%      0%       0% kim",
        "5519     0%      0%       0% syslog_infra_hm",
        "5525     0%      0%       0% tty_verifyd",
        "5528     0%      0%       0% ipv4_rump",
        "5529     0%      0%       0% ipv6_rump",
        "5530     0%      0%       0% ethernet_stats_controller_edm",
        "5531     0%      0%       0% domain_services",
        "5532     0%      0%       0% ftp_fs",
        "5533     0%      0%       0% bgp_epe",
        "5534     0%      0%       0% bfd",
        "5535     0%      0%       0% ipv6_local",
        "5536     0%      0%       0% ipv6_connected",
        "5537     0%      0%       0% pim6",
        "5538     0%      0%       0% ipv4_local",
        "5543     0%      0%       0% ipv4_connected",
        "5544     0%      0%       0% igmp",
        "5545     0%      0%       0% eth_gl_cfg",
        "5546     0%      0%       0% ipv6_mpa",
        "5554     0%      0%       0% ipv4_mpa",
        "5558     0%      0%       0% bundlemgr_distrib",
        "5564     0%      0%       0% mld",
        "5594     0%      0%       0% pim",
        "5596     0%      0%       0% policy_repository",
        "5605     0%      0%       0% mrib6",
        "5620     0%      0%       0% mrib",
        "5626     0%      0%       0% ipv6_rib",
        "5640     0%      0%       0% ipv6_mfwd_ma",
        "5651     0%      0%       0% ipv4_rib",
        "5655     0%      0%       0% ipv4_mfwd_ma",
        "5665     0%      0%       0% statsd_manager_g",
        "5667     0%      0%       0% intf_mgbl",
        "5669     0%      0%       0% showtech_cfg",
        "5678     0%      0%       0% lldp_mgr",
        "5683     0%      0%       0% mpls_static",
        "5686     0%      0%       0% ema_server_sdr",
        "5696     0%      0%       0% accounting_ma",
        "5699     0%      0%       0% daps",
        "5708     0%      0%       0% ipsub_ma",
        "5716     0%      0%       0% l2fib_mgr",
        "5728     0%      0%       0% l2rib",
        "5736     0%      0%       0% pppoe_ma",
        "5738     0%      0%       0% sconbkup",
        "5751     0%      0%       0% yang_server",
        "5768     0%      0%       0% ipv6_assembler",
        "5770     0%      0%       0% mpls_fwd_show_proxy",
        "5780     0%      0%       0% shconf-edm",
        "5787     0%      0%       0% statsd_manager_l",
        "5798     0%      0%       0% ztp_edm",
        "5813     0%      0%       0% mpls_io",
        "5816     0%      0%       0% ntpd",
        "5831     0%      0%       0% session_mon",
        "5836     0%      0%       0% clns",
        "5850     0%      0%       0% arp",
        "5853     0%      0%       0% ip_aps",
        "5870     0%      0%       0% raw_ip",
        "5875     0%      0%       0% tcp",
        "5892     0%      0%       0% udp",
        "5893     0%      0%       0% fhrp_output",
        "5899     0%      0%       0% l2snoop",
        "5907     0%      0%       0% pim6_ma",
        "5920     0%      0%       0% pim_ma",
        "5928     0%      0%       0% ip_app",
        "5937     0%      0%       0% cinetd",
        "5940     0%      0%       0% devc-vty",
        "5948     0%      0%       0% bundlemgr_local",
        "5956     0%      0%       0% ether_mgbl",
        "5964     0%      0%       0% tftp_fs",
        "5979     0%      0%       0% type6_server",
        "5991     0%      0%       0% vi_config_replicator",
        "6005     0%      0%       0% eem_server",
        "6008     0%      0%       0% showd_lc",
        "6035     0%      0%       0% tcl_secure_mode",
        "6040     0%      0%       0% lpts_fm",
        "6057     0%      0%       0% eem_policy_dir",
        "6073     0%      0%       0% ipsec_mp",
        "6079     0%      0%       0% ipsec_pp",
        "6087     0%      0%       0% cepki",
        "6090     0%      0%       0% crypto_monitor",
        "6099     0%      0%       0% eem_ed_config",
        "6117     0%      0%       0% eem_ed_counter",
        "6122     0%      0%       0% eem_ed_generic",
        "6143     0%      0%       0% eem_ed_nd",
        "6145     0%      0%       0% eem_ed_none",
        "6163     0%      0%       0% eem_ed_stats",
        "6166     0%      0%       0% eem_ed_syslog",
        "6181     0%      0%       0% eem_ed_sysmgr",
        "6192     0%      0%       0% eem_ed_telemetry",
        "6204     0%      0%       0% eem_ed_test",
        "6211     0%      0%       0% eem_ed_timer",
        "6214     0%      0%       0% object_tracking",
        "6220     0%      0%       0% call_home",
        "6235     0%      0%       0% http_client",
        "6253     0%      0%       0% plat_sl_client",
        "6264     0%      0%       0% smartlicserver",
        "6278     0%      0%       0% bcdls",
        "6584     0%      0%       0% bcdl_agent",
        "6721     0%      0%       0% bcdls",
        "6724     0%      0%       0% bcdl_agent",
        "6728     0%      0%       0% bcdl_agent",
        "6817     0%      0%       0% bcdls",
        "7527     0%      0%       0% mirror_server",
        "7530     0%      0%       0% redstatsd",
        "7532     0%      0%       0% appmgr",
        "7533     0%      0%       0% cmp_edm",
        "7534     0%      0%       0% crypto_edm",
        "7535     0%      0%       0% dockerd_monitor",
        "7536     0%      0%       0% domain_sync",
        "7537     0%      0%       0% es_acl_act_agent",
        "7538     0%      0%       0% file_paltx",
        "7539     0%      0%       0% hostname_sync",
        "7540     0%      0%       0% imaedm_server",
        "7541     0%      0%       0% ipodwdm",
        "7543     0%      0%       0% ipv4_acl_act_agent",
        "7545     0%      0%       0% ipv6_acl_cfg_agent",
        "7546     0%      0%       0% linux_nto_misc_showd",
        "7547     0%      0%       0% local_sock",
        "7550     0%      0%       0% mpls_vpn_mib",
        "7553     0%      0%       0% netio_debug_partner",
        "7554     0%      0%       0% pak_capture_partner",
        "7573     0%      0%       0% pam_manager",
        "7583     0%      0%       0% pfilter_ma",
        "7596     0%      0%       0% pkt_trace_agent",
        "7604     0%      0%       0% pkt_trace_master",
        "7611     0%      0%       0% pm_server",
        "7632     0%      0%       0% script_agent_main",
        "7641     0%      0%       0% script_watcher_main",
        "7645     0%      0%       0% spio_ea",
        "7655     0%      0%       0% spio_ma",
        "7665     0%      0%       0% ssm_process",
        "7687     0%      0%       0% pm_collector",
        "7930     0%      0%       0% wanphy_proc",
        "7931     0%      0%       0% tc_server",
        "7932     0%      0%       0% sys_rec",
        "7933     0%      0%       0% svault",
        "7934     0%      0%       0% ssh_server",
        "7935     0%      0%       0% ssh_backup_server",
        "7936     0%      0%       0% snmppingd",
        "7937     0%      0%       0% sdr_instmgr",
        "7938     0%      0%       0% schema_server",
        "7939     0%      0%       0% ocaaateld",
        "7940     0%      0%       0% l2tp_mgr",
        "7941     0%      0%       0% cmpp",
        "7942     0%      0%       0% bash",
        "7943     0%      0%       0% l2vpn_mgr",
        "7944     0%      0%       0% xtc_agent",
        "7945     0%      0%       0% mpls_ldp",
        "7946     0%      0%       0% vservice_mgr",
        "7947     0%      0%       0% qos_ma",
        "7948     0%      0%       0% pbr_ma",
        "7949     0%      0%       0% rt_check_mgr",
        "7950     0%      0%       0% es_acl_mgr",
        "7960     0%      0%       0% attestation_agent",
        "8437     0%      0%       0% cdp_mgr",
        "8438     0%      0%       0% ipv4_static",
        "8439     0%      0%       0% mpp_srvr",
        "8972     0%      0%       0% ssh_conf_verifier",
        "8975     0%      0%       0% bpm",
        "9013     0%      0%       0% bgp",
        "9025     0%      0%       0% sdr_mgbl_proxy",
        "9050     0%      0%       0% xr_dhcpcd",
        "10406    0%      0%       0% perl",
        "10425    0%      0%       0% perl",
        "10504    0%      0%       0% perl",
        "10510    0%      0%       0% pam_cli_agent",
        "10596    0%      0%       0% perl",
        "10690    0%      0%       0% perl",
        "17237    0%      0%       0% ospf",
        "17238    0%      0%       0% ospf_uv",
        "17268    0%      0%       0% loopback_caps_partner",
        "17623    0%      0%       0% sleep",
        "17649    0%      0%       0% sleep",
        "18567    0%      0%       0% ixdb_gc",
        "19872    0%      0%       0% ospfv3_uv",
        "19873    0%      0%       0% ospfv3"
    ]
}</system-out>
		</testcase>
		<testcase classname="out-of-tree:iosxr.yml:9" name="[54.190.208.146] cpu: network.healthchecks.cpu : Debug CPU health check output var=cpu_health" time="0.03782010078430176">
			<system-out>{
    "changed": false,
    "cpu_health": {}
}</system-out>
		</testcase>
		<testcase classname="out-of-tree:main.yml:17" name="[54.190.208.146] cpu: network.healthchecks.cpu : Assert CPU utilization threshold that=['cpu_utilization &lt;= (cpu_threshold | int)'], fail_msg=CPU utilization {{ cpu_utilization }}% exceeds threshold ({{ cpu_threshold }}%)., success_msg=CPU utilization {{ cpu_utilization }}% is within acceptable limits." time="0.012161016464233398">
			<skipped>Conditional result was False</skipped>
		</testcase>
		<testcase classname="tests/integration/targets/cpu_health/tasks/main.yml:22" name="[54.190.208.146] cpu: cpu_health : CPU health check result msg=CPU Health Check Result: {{ cpu_result }}" time="0.03729510307312012">
			<system-out>{
    "changed": false,
    "msg": "CPU Health Check Result: {'include_args': {'name': 'network.healthchecks.cpu'}, 'changed': False}"
}</system-out>
		</testcase>
		<testcase classname="tests/integration/targets/cpu_health/tasks/main.yml:26" name="[54.190.208.146] cpu: cpu_health : Ending CPU health check integration tests msg=END network.cpu health_check operation integration tests on connection={{ ansible_connection }}" time="0.0343170166015625">
			<system-out>{
    "changed": false,
    "msg": "END network.cpu health_check operation integration tests on connection=ansible.netcommon.network_cli"
}</system-out>
		</testcase>
	</testsuite>
</testsuites>
