<?xml version="1.0" ?>
<testsuites disabled="0" errors="0" failures="0" tests="14" time="8.2268874645233154296875">
	<testsuite disabled="0" errors="0" failures="0" name="cpu_health-fo_ldfjw" skipped="2" tests="14" time="8.2268874645233154296875">
		<testcase classname="tests/integration/targets/cpu_health/tasks/main.yml:2" name="[54.190.208.146] cpu: cpu_health : Starting CPU health check integration tests msg=START network.healthchecks.cpu health_check operation integration tests on connection={{ ansible_connection }}" time="0.033822059631347656">
			<system-out>{
    "changed": false,
    "msg": "START network.healthchecks.cpu health_check operation integration tests on connection=ansible.netcommon.network_cli"
}</system-out>
		</testcase>
		<testcase classname="tests/integration/targets/cpu_health/tasks/main.yml:8" name="[54.190.208.146] cpu: Run network.cpu validated content with health_checks operation name=network.healthchecks.cpu" time="0.004213094711303711">
			<system-out>{
    "changed": false,
    "include_args": {
        "name": "network.healthchecks.cpu"
    }
}</system-out>
		</testcase>
		<testcase classname="tests/integration/targets/cpu_health/tasks/main.yml:8" name="[include] cpu: Run network.cpu validated content with health_checks operation name=network.healthchecks.cpu" time="0.007723093032836914">
			<system-out>network.healthchecks.cpu (args={} vars={}): [54.190.208.146]</system-out>
		</testcase>
		<testcase classname="out-of-tree:main.yml:2" name="[54.190.208.146] cpu: network.healthchecks.cpu : Include validation tasks (ensure platform is supported) _raw_params=validation.yml" time="0.005351066589355469">
			<system-out>{
    "changed": false,
    "include": "validation.yml",
    "include_args": {}
}</system-out>
		</testcase>
		<testcase classname="out-of-tree:main.yml:2" name="[include] cpu: network.healthchecks.cpu : Include validation tasks (ensure platform is supported) _raw_params=validation.yml" time="0.007370948791503906">
			<system-out>/Users/ruchi/Documents/workspace/collections/ansible_collections/network/healthchecks/roles/cpu/tasks/validation.yml (args={} vars={}): [54.190.208.146]</system-out>
		</testcase>
		<testcase classname="out-of-tree:validation.yml:2" name="[54.190.208.146] cpu: network.healthchecks.cpu : Set supported platform list supported_platforms=['ios', 'eos', 'nxos', 'iosxr']" time="0.030400991439819336">
			<system-out>{
    "ansible_facts": {
        "supported_platforms": [
            "ios",
            "eos",
            "nxos",
            "iosxr"
        ]
    },
    "changed": false
}</system-out>
		</testcase>
		<testcase classname="out-of-tree:validation.yml:10" name="[54.190.208.146] cpu: network.healthchecks.cpu : Fail on unsupported platform _raw_params=unsupported_platform.yml" time="0.005307912826538086">
			<skipped>Conditional result was False</skipped>
		</testcase>
		<testcase classname="out-of-tree:main.yml:5" name="[54.190.208.146] cpu: network.healthchecks.cpu : Include OS-specific CPU tasks iosxr _raw_params=./{{ ansible_network_os.split('.')[2] }}.yml" time="0.005064964294433594">
			<system-out>{
    "changed": false,
    "include": "./iosxr.yml",
    "include_args": {}
}</system-out>
		</testcase>
		<testcase classname="out-of-tree:main.yml:5" name="[include] cpu: network.healthchecks.cpu : Include OS-specific CPU tasks iosxr _raw_params=./{{ ansible_network_os.split('.')[2] }}.yml" time="0.008104085922241211">
			<system-out>/Users/ruchi/Documents/workspace/collections/ansible_collections/network/healthchecks/roles/cpu/tasks/./iosxr.yml (args={} vars={}): [54.190.208.146]</system-out>
		</testcase>
		<testcase classname="out-of-tree:iosxr.yml:2" name="[54.190.208.146] cpu: network.healthchecks.cpu : Parse CPU health check output for IOS-XR command=show processes cpu, parser={'name': 'ansible.netcommon.native'}, set_fact=cpu_health" time="8.022278070449829">
			<system-out>{
    "ansible_facts": {
        "cpu_health": {}
    },
    "changed": false,
    "parsed": {},
    "stdout": "PID    Runtime(ms)  Invoked   uSecs  1Sec    Process\n-----  -----------  --------  -----  ------  -----------\n    1       125680   4524349     27   0.00%  init\n 2768            2         8    250   0.00%  nginx_1_fe\n 2769         1222     12441     98   0.00%  nginx_1_fe\n 2778       400929  15418953     26   0.00%  uwsgi\n 2785            8         1   8000   0.00%  uwsgi\n 3292       439237  15844095     27   0.00%  ntpd\n 4976       562446   7709963     72   0.00%  tamd_proc\n 5801            5        29    172   0.00%  bootflash_sync.\n 5825            1         6    166   0.00%  inotifywait\n 6472           17        81    209   0.00%  xinetd\n 6473            4        17    235   0.00%  tftpd\n 6474           35       210    166   0.00%  sdwrapd\n 6476          268       343    781   0.00%  fw_app\n 6478      4010215  33284755    120   0.00%  platform\n 6481       106025   7527696     14   0.00%  dme_bootup_proxy\n 6482       105398   7527532     14   0.00%  dme_proxy\n 6483          397       374   1061   0.00%  event_manager\n 6484       328702  22565692     14   0.00%  mts_telemetry_mgr\n 6485          303       303   1000   0.00%  policyelem\n 6521       789553  22826043     34   0.00%  syslogd\n 6522      3072733  96222656     31   0.00%  vshd\n 6523        55760    684290     81   0.00%  template_manager\n 6524       116189   3026592     38   0.00%  tamnw\n 6525          148        71   2084   0.00%  smm\n 6526       380042  22570134     16   0.00%  psshelper\n 6527       224106   4832161     46   0.00%  pixm_vl\n 6528       164570   4823923     34   0.00%  pixm_gl\n 6529          470       297   1582   0.00%  nginx_dme\n 6530        47411    681640     69   0.00%  mmode\n 6532      1247279   1740242    716   0.00%  fs-daemon\n 6533      1475006  81494288     18   0.00%  feature-mgr\n 6534        28627   1515445     18   0.00%  confcheck\n 6535        87675   2563421     34   0.00%  capability\n 6536       110806   2686905     41   0.00%  bloggerd\n 6538       383066  22567681     16   0.00%  psshelper_gsvc\n 6539       910233  24778467     36   0.00%  tams_proc\n 6570     16155166  50518024    319   0.00%  clis\n 6571       130438   4642397     28   0.00%  licmgr\n 6590       159612   7679272     20   0.00%  xmlma\n 6592       147998   4822207     30   0.00%  vmm\n 6593       279273   4524824     61   0.00%  usbhsd\n 6594       330902  11445613     28   0.00%  ttyd\n 6595     31331232  18585116   1685   0.00%  sysinfo\n 6596        89493   2563501     34   0.00%  snmpmib_proc\n 6597        59620    314826    189   0.00%  sksd\n 6599        59635    604319     98   0.00%  res_mgr\n 6600       387938  22859838     16   0.00%  plugin\n 6602       102406   4545358     22   0.00%  plog_sup\n 6603       299050  22519952     13   0.00%  patch-installer\n 6604          206       141   1460   0.00%  nxapi\n 6605        78093   1831689     42   0.00%  mvsh\n 6606        29453    305522     96   0.00%  mts_mgr\n 6607           23       178    129   0.00%  mping_server\n 6608      1226369  10999346    111   0.00%  module\n 6609          236       158   1493   0.00%  kim\n 6610       101036   2567130     39   0.00%  kafka\n 6611          135       254    531   0.00%  issu_helper\n 6612        77994   1811025     43   0.00%  evms\n 6614          245       269    910   0.00%  epld_upgrade_stdby\n 6615       903883   3417735    264   0.00%  diagclient\n 6616       106770   2587786     41   0.00%  dhclient\n 6617       145336   2577177     56   0.00%  crdcfg_server\n 6618        19314    302919     63   0.00%  core-dmon\n 6619        89589   1060502     84   0.00%  clk_mgr\n 6620       243226   4862539     50   0.00%  bios_daemon\n 6621       126322   3083826     40   0.00%  ascii-cfg\n 6622       503408  22565599     22   0.00%  securityd\n 6623       474125  22719660     20   0.00%  cert_enroll\n 6624      1148377  30649560     37   0.00%  aaa\n 6625        62493   3076818     20   0.00%  obfl\n 6630         2312     79061     29   0.00%  klogd\n 6642       420543  22569501     18   0.00%  device_test\n 6643        91274   2041296     44   0.00%  xbar\n 6661       938267   1270825    738   0.00%  aclmgr\n 6673        55349   1433587     38   0.00%  evmc\n 6728          334       190   1757   0.00%  urib\n 6766          771      7004    110   0.00%  ExceptionLog\n 6767      1430779  13320875    107   0.00%  bootvar\n 6768       143584   4524412     31   0.00%  cardclient\n 6769      4301992  12893110    333   0.00%  diagmgr\n 6770       264689   3987059     66   0.00%  ifmgr\n 6853          227       129   1759   0.00%  l3vm\n 6948       107576    929407    115   0.00%  incrond\n 6950          180       142   1267   0.00%  npacl\n 6951       205757   4831052     42   0.00%  vdc_mgr\n 6955          198       147   1346   0.00%  adjmgr\n 6956          263       138   1905   0.00%  u6rib\n 6963        60555   2252637     26   0.00%  statsclient\n 7011          226       128   1765   0.00%  arp\n 7012          214       109   1963   0.00%  icmpv6\n 7013          216       114   1894   0.00%  pktmgr\n 7033          390       267   1460   0.00%  netstack\n 7069       641930  23012660     27   0.00%  radius\n 7070      1155731   8137180    142   0.00%  cdp\n 7071       227479   5580739     40   0.00%  cfs\n 7072           15       158     94   0.00%  ip_dummy\n 7073           19       159    119   0.00%  ipv6_dummy\n 7074        64320   1060362     60   0.00%  otm\n 7075      1050331  11211516     93   3.10%  snmpd\n 7076           16       160    100   0.00%  tcpudp_dummy\n 7081         3960     20597    192   0.00%  dcos-xinetd\n 7135       385631  22551333     17   0.00%  callhome\n 7568           64       256    250   0.00%  getty\n 9922           24       488     49   0.00%  nginx\n 9923           70      1166     60   0.00%  nginx\n 9924          244      3717     65   0.00%  nginx\n 9925           91      1898     47   0.00%  nginx\n 9931      1485842  25457859     58   0.00%  port-profile\n 9947        61134   1046042     58   0.00%  vman\n 9951        15090    378264     39   0.00%  spm\n 9952        27721    305761     90   0.00%  sdaa\n 9954          236       145   1627   0.00%  rpm\n 9957      1798834   6043203    297   0.00%  pltfm_config\n 9958        47747    681142     70   0.00%  plcmgr\n 9960      7011094   7539555    929   3.10%  pfstat\n 9976       338061   2745710    123   0.00%  ntp\n 9977       642305  22554761     28   0.00%  nia-mgr\n 9978       338589   1250912    270   0.00%  nbproxy\n 9979       150486   1068708    140   0.00%  monitor\n 9981       228596   5412744     42   0.00%  lim\n 9984       729772  22053425     33   0.00%  l2rib\n 9985       119185   1815594     65   0.00%  ipfib\n 9986          325       207   1570   0.00%  igmp\n 9987     10662376  10171614   1048   0.00%  icam\n 9988       218767   3295366     66   0.00%  eth_port_channel\n 9989       100407   2577640     38   0.00%  eltm\n 9990          171       107   1598   0.00%  ecp\n 9991        54638   1058715     51   0.00%  adbm\n 9992       109807   2189263     50   0.00%  acllog\n10041        28606    682579     41   0.00%  eth_dstats\n10042      5062452  34496742    146   0.00%  ipqosmgr\n10070      4635015  14897211    311   0.00%  vlan_mgr\n10117       353213   5755806     61   0.00%  aclqos\n10151       110602    833126    132   0.00%  diag_port_lb\n10152      1577629   5533785    285   0.00%  ethpm\n10153       581885  13417891     43   0.00%  l2fm\n10212      4127670  101862514     40   0.00%  stp\n10213       163705   4824041     33   0.00%  stripcl\n10286      2059205   6008360    342   0.00%  intersight\n10287       673488    903982    745   0.00%  copp\n10291      5248635   4107016   1277   0.00%  nxpython3\n10331          212       136   1558   0.00%  nxpython3\n10356       209172   5014315     41   0.00%  ufdm\n10357        57122   2261561     25   0.00%  u2\n10359        86443   2564126     33   0.00%  sal\n10360        69067   1015668     68   0.00%  ofm\n10361          264       143   1846   0.00%  mrib\n10362    248628031  1384988281    179   0.00%  mfdm\n10363       153997   4823540     31   0.00%  mcm\n10364          266       165   1612   0.00%  m6rib\n10365      2473477  16478468    150   0.00%  l2pt\n10385        69703   1435274     48   0.00%  m2rib\n10422      3919443  22543410    173   0.00%  nxpython3\n10423      3433173  18911701    181   0.00%  nxpython3\n10424      1115406  22536277     49   0.00%  nxpython3\n10917          275       604    455   0.00%  mld\n11684       820920  22200440     36   0.00%  tacacs\n11843            0         2      0   0.00%  sshd\n13176       607871   6407564     94   0.00%  ksmtuned.sh\n14334          368        68   5411   0.00%  nxos_dc\n16841        17686    753432     23   0.00%  rpcbind\n17311            0         2      0   0.00%  rpc.mountd\n17322            0         8      0   0.00%  rpc.statd\n17380       225290   1933813    116   0.00%  interface-vlan\n17413       170483   1368357    124   0.00%  hsrp_engine\n17415       138727   2432453     57   0.00%  lacp\n17418       368890  11700415     31   0.00%  cts\n17425       989401   2838497    348   0.00%  lldp\n17428       622632   5863698    106   0.00%  bfd\n17431       145085   4570475     31   0.00%  bfd_app\n17435          231        61   3786   0.00%  sla_sender\n17441      1440465  34979371     41   0.00%  telemetry\n18754          282        40   7050   0.00%  bgp\n18810       127909    848070    150   0.00%  crond\n19821          167       299    558   0.00%  dcos_sshd\n19829           16       236     67   0.00%  dcos_sshd\n19833          175       282    620   0.00%  vsh.bin\n19996            2        99     20   0.00%  more\n20714          220       363    606   0.00%  ospfv3\n20977            0         1      0   0.00%  mcelog\n23459            2         4    500   0.00%  libvirtd_mon.sh\n23460            1        10    100   0.00%  sh\n23461      6779202  89154472     76   0.00%  sysmgr\n23465            0         1      0   0.00%  inotifywait\n23497           30       707     42   0.00%  libvirtd\n23602          217        25   8680   0.00%  orib\n23609          301       133   2263   0.00%  nve\n31488          810      1094    740   0.00%  netconf\n31506        24522   2210841     11   0.00%  xosdsd\n\nCPU util  :    0.00% user,    6.59% kernel,   93.40% idle\n\nCPU utilization for five seconds: 29%/0%; one minute: 21%; five minutes: 19%\n Please note that only processes from the requested vdc are shown above",
    "stdout_lines": [
        "PID    Runtime(ms)  Invoked   uSecs  1Sec    Process",
        "-----  -----------  --------  -----  ------  -----------",
        "    1       125680   4524349     27   0.00%  init",
        " 2768            2         8    250   0.00%  nginx_1_fe",
        " 2769         1222     12441     98   0.00%  nginx_1_fe",
        " 2778       400929  15418953     26   0.00%  uwsgi",
        " 2785            8         1   8000   0.00%  uwsgi",
        " 3292       439237  15844095     27   0.00%  ntpd",
        " 4976       562446   7709963     72   0.00%  tamd_proc",
        " 5801            5        29    172   0.00%  bootflash_sync.",
        " 5825            1         6    166   0.00%  inotifywait",
        " 6472           17        81    209   0.00%  xinetd",
        " 6473            4        17    235   0.00%  tftpd",
        " 6474           35       210    166   0.00%  sdwrapd",
        " 6476          268       343    781   0.00%  fw_app",
        " 6478      4010215  33284755    120   0.00%  platform",
        " 6481       106025   7527696     14   0.00%  dme_bootup_proxy",
        " 6482       105398   7527532     14   0.00%  dme_proxy",
        " 6483          397       374   1061   0.00%  event_manager",
        " 6484       328702  22565692     14   0.00%  mts_telemetry_mgr",
        " 6485          303       303   1000   0.00%  policyelem",
        " 6521       789553  22826043     34   0.00%  syslogd",
        " 6522      3072733  96222656     31   0.00%  vshd",
        " 6523        55760    684290     81   0.00%  template_manager",
        " 6524       116189   3026592     38   0.00%  tamnw",
        " 6525          148        71   2084   0.00%  smm",
        " 6526       380042  22570134     16   0.00%  psshelper",
        " 6527       224106   4832161     46   0.00%  pixm_vl",
        " 6528       164570   4823923     34   0.00%  pixm_gl",
        " 6529          470       297   1582   0.00%  nginx_dme",
        " 6530        47411    681640     69   0.00%  mmode",
        " 6532      1247279   1740242    716   0.00%  fs-daemon",
        " 6533      1475006  81494288     18   0.00%  feature-mgr",
        " 6534        28627   1515445     18   0.00%  confcheck",
        " 6535        87675   2563421     34   0.00%  capability",
        " 6536       110806   2686905     41   0.00%  bloggerd",
        " 6538       383066  22567681     16   0.00%  psshelper_gsvc",
        " 6539       910233  24778467     36   0.00%  tams_proc",
        " 6570     16155166  50518024    319   0.00%  clis",
        " 6571       130438   4642397     28   0.00%  licmgr",
        " 6590       159612   7679272     20   0.00%  xmlma",
        " 6592       147998   4822207     30   0.00%  vmm",
        " 6593       279273   4524824     61   0.00%  usbhsd",
        " 6594       330902  11445613     28   0.00%  ttyd",
        " 6595     31331232  18585116   1685   0.00%  sysinfo",
        " 6596        89493   2563501     34   0.00%  snmpmib_proc",
        " 6597        59620    314826    189   0.00%  sksd",
        " 6599        59635    604319     98   0.00%  res_mgr",
        " 6600       387938  22859838     16   0.00%  plugin",
        " 6602       102406   4545358     22   0.00%  plog_sup",
        " 6603       299050  22519952     13   0.00%  patch-installer",
        " 6604          206       141   1460   0.00%  nxapi",
        " 6605        78093   1831689     42   0.00%  mvsh",
        " 6606        29453    305522     96   0.00%  mts_mgr",
        " 6607           23       178    129   0.00%  mping_server",
        " 6608      1226369  10999346    111   0.00%  module",
        " 6609          236       158   1493   0.00%  kim",
        " 6610       101036   2567130     39   0.00%  kafka",
        " 6611          135       254    531   0.00%  issu_helper",
        " 6612        77994   1811025     43   0.00%  evms",
        " 6614          245       269    910   0.00%  epld_upgrade_stdby",
        " 6615       903883   3417735    264   0.00%  diagclient",
        " 6616       106770   2587786     41   0.00%  dhclient",
        " 6617       145336   2577177     56   0.00%  crdcfg_server",
        " 6618        19314    302919     63   0.00%  core-dmon",
        " 6619        89589   1060502     84   0.00%  clk_mgr",
        " 6620       243226   4862539     50   0.00%  bios_daemon",
        " 6621       126322   3083826     40   0.00%  ascii-cfg",
        " 6622       503408  22565599     22   0.00%  securityd",
        " 6623       474125  22719660     20   0.00%  cert_enroll",
        " 6624      1148377  30649560     37   0.00%  aaa",
        " 6625        62493   3076818     20   0.00%  obfl",
        " 6630         2312     79061     29   0.00%  klogd",
        " 6642       420543  22569501     18   0.00%  device_test",
        " 6643        91274   2041296     44   0.00%  xbar",
        " 6661       938267   1270825    738   0.00%  aclmgr",
        " 6673        55349   1433587     38   0.00%  evmc",
        " 6728          334       190   1757   0.00%  urib",
        " 6766          771      7004    110   0.00%  ExceptionLog",
        " 6767      1430779  13320875    107   0.00%  bootvar",
        " 6768       143584   4524412     31   0.00%  cardclient",
        " 6769      4301992  12893110    333   0.00%  diagmgr",
        " 6770       264689   3987059     66   0.00%  ifmgr",
        " 6853          227       129   1759   0.00%  l3vm",
        " 6948       107576    929407    115   0.00%  incrond",
        " 6950          180       142   1267   0.00%  npacl",
        " 6951       205757   4831052     42   0.00%  vdc_mgr",
        " 6955          198       147   1346   0.00%  adjmgr",
        " 6956          263       138   1905   0.00%  u6rib",
        " 6963        60555   2252637     26   0.00%  statsclient",
        " 7011          226       128   1765   0.00%  arp",
        " 7012          214       109   1963   0.00%  icmpv6",
        " 7013          216       114   1894   0.00%  pktmgr",
        " 7033          390       267   1460   0.00%  netstack",
        " 7069       641930  23012660     27   0.00%  radius",
        " 7070      1155731   8137180    142   0.00%  cdp",
        " 7071       227479   5580739     40   0.00%  cfs",
        " 7072           15       158     94   0.00%  ip_dummy",
        " 7073           19       159    119   0.00%  ipv6_dummy",
        " 7074        64320   1060362     60   0.00%  otm",
        " 7075      1050331  11211516     93   3.10%  snmpd",
        " 7076           16       160    100   0.00%  tcpudp_dummy",
        " 7081         3960     20597    192   0.00%  dcos-xinetd",
        " 7135       385631  22551333     17   0.00%  callhome",
        " 7568           64       256    250   0.00%  getty",
        " 9922           24       488     49   0.00%  nginx",
        " 9923           70      1166     60   0.00%  nginx",
        " 9924          244      3717     65   0.00%  nginx",
        " 9925           91      1898     47   0.00%  nginx",
        " 9931      1485842  25457859     58   0.00%  port-profile",
        " 9947        61134   1046042     58   0.00%  vman",
        " 9951        15090    378264     39   0.00%  spm",
        " 9952        27721    305761     90   0.00%  sdaa",
        " 9954          236       145   1627   0.00%  rpm",
        " 9957      1798834   6043203    297   0.00%  pltfm_config",
        " 9958        47747    681142     70   0.00%  plcmgr",
        " 9960      7011094   7539555    929   3.10%  pfstat",
        " 9976       338061   2745710    123   0.00%  ntp",
        " 9977       642305  22554761     28   0.00%  nia-mgr",
        " 9978       338589   1250912    270   0.00%  nbproxy",
        " 9979       150486   1068708    140   0.00%  monitor",
        " 9981       228596   5412744     42   0.00%  lim",
        " 9984       729772  22053425     33   0.00%  l2rib",
        " 9985       119185   1815594     65   0.00%  ipfib",
        " 9986          325       207   1570   0.00%  igmp",
        " 9987     10662376  10171614   1048   0.00%  icam",
        " 9988       218767   3295366     66   0.00%  eth_port_channel",
        " 9989       100407   2577640     38   0.00%  eltm",
        " 9990          171       107   1598   0.00%  ecp",
        " 9991        54638   1058715     51   0.00%  adbm",
        " 9992       109807   2189263     50   0.00%  acllog",
        "10041        28606    682579     41   0.00%  eth_dstats",
        "10042      5062452  34496742    146   0.00%  ipqosmgr",
        "10070      4635015  14897211    311   0.00%  vlan_mgr",
        "10117       353213   5755806     61   0.00%  aclqos",
        "10151       110602    833126    132   0.00%  diag_port_lb",
        "10152      1577629   5533785    285   0.00%  ethpm",
        "10153       581885  13417891     43   0.00%  l2fm",
        "10212      4127670  101862514     40   0.00%  stp",
        "10213       163705   4824041     33   0.00%  stripcl",
        "10286      2059205   6008360    342   0.00%  intersight",
        "10287       673488    903982    745   0.00%  copp",
        "10291      5248635   4107016   1277   0.00%  nxpython3",
        "10331          212       136   1558   0.00%  nxpython3",
        "10356       209172   5014315     41   0.00%  ufdm",
        "10357        57122   2261561     25   0.00%  u2",
        "10359        86443   2564126     33   0.00%  sal",
        "10360        69067   1015668     68   0.00%  ofm",
        "10361          264       143   1846   0.00%  mrib",
        "10362    248628031  1384988281    179   0.00%  mfdm",
        "10363       153997   4823540     31   0.00%  mcm",
        "10364          266       165   1612   0.00%  m6rib",
        "10365      2473477  16478468    150   0.00%  l2pt",
        "10385        69703   1435274     48   0.00%  m2rib",
        "10422      3919443  22543410    173   0.00%  nxpython3",
        "10423      3433173  18911701    181   0.00%  nxpython3",
        "10424      1115406  22536277     49   0.00%  nxpython3",
        "10917          275       604    455   0.00%  mld",
        "11684       820920  22200440     36   0.00%  tacacs",
        "11843            0         2      0   0.00%  sshd",
        "13176       607871   6407564     94   0.00%  ksmtuned.sh",
        "14334          368        68   5411   0.00%  nxos_dc",
        "16841        17686    753432     23   0.00%  rpcbind",
        "17311            0         2      0   0.00%  rpc.mountd",
        "17322            0         8      0   0.00%  rpc.statd",
        "17380       225290   1933813    116   0.00%  interface-vlan",
        "17413       170483   1368357    124   0.00%  hsrp_engine",
        "17415       138727   2432453     57   0.00%  lacp",
        "17418       368890  11700415     31   0.00%  cts",
        "17425       989401   2838497    348   0.00%  lldp",
        "17428       622632   5863698    106   0.00%  bfd",
        "17431       145085   4570475     31   0.00%  bfd_app",
        "17435          231        61   3786   0.00%  sla_sender",
        "17441      1440465  34979371     41   0.00%  telemetry",
        "18754          282        40   7050   0.00%  bgp",
        "18810       127909    848070    150   0.00%  crond",
        "19821          167       299    558   0.00%  dcos_sshd",
        "19829           16       236     67   0.00%  dcos_sshd",
        "19833          175       282    620   0.00%  vsh.bin",
        "19996            2        99     20   0.00%  more",
        "20714          220       363    606   0.00%  ospfv3",
        "20977            0         1      0   0.00%  mcelog",
        "23459            2         4    500   0.00%  libvirtd_mon.sh",
        "23460            1        10    100   0.00%  sh",
        "23461      6779202  89154472     76   0.00%  sysmgr",
        "23465            0         1      0   0.00%  inotifywait",
        "23497           30       707     42   0.00%  libvirtd",
        "23602          217        25   8680   0.00%  orib",
        "23609          301       133   2263   0.00%  nve",
        "31488          810      1094    740   0.00%  netconf",
        "31506        24522   2210841     11   0.00%  xosdsd",
        "",
        "CPU util  :    0.00% user,    6.59% kernel,   93.40% idle",
        "",
        "CPU utilization for five seconds: 29%/0%; one minute: 21%; five minutes: 19%",
        " Please note that only processes from the requested vdc are shown above"
    ]
}</system-out>
		</testcase>
		<testcase classname="out-of-tree:iosxr.yml:9" name="[54.190.208.146] cpu: network.healthchecks.cpu : Debug CPU health check output var=cpu_health" time="0.03199887275695801">
			<system-out>{
    "changed": false,
    "cpu_health": {}
}</system-out>
		</testcase>
		<testcase classname="out-of-tree:main.yml:17" name="[54.190.208.146] cpu: network.healthchecks.cpu : Assert CPU utilization threshold that=['cpu_utilization &lt;= (cpu_threshold | int)'], fail_msg=CPU utilization {{ cpu_utilization }}% exceeds threshold ({{ cpu_threshold }}%)., success_msg=CPU utilization {{ cpu_utilization }}% is within acceptable limits." time="0.006554126739501953">
			<skipped>Conditional result was False</skipped>
		</testcase>
		<testcase classname="tests/integration/targets/cpu_health/tasks/main.yml:22" name="[54.190.208.146] cpu: cpu_health : CPU health check result msg=CPU Health Check Result: {{ cpu_result }}" time="0.0293118953704834">
			<system-out>{
    "changed": false,
    "msg": "CPU Health Check Result: {'include_args': {'name': 'network.healthchecks.cpu'}, 'changed': False}"
}</system-out>
		</testcase>
		<testcase classname="tests/integration/targets/cpu_health/tasks/main.yml:26" name="[54.190.208.146] cpu: cpu_health : Ending CPU health check integration tests msg=END network.cpu health_check operation integration tests on connection={{ ansible_connection }}" time="0.029386281967163086">
			<system-out>{
    "changed": false,
    "msg": "END network.cpu health_check operation integration tests on connection=ansible.netcommon.network_cli"
}</system-out>
		</testcase>
	</testsuite>
</testsuites>
