<?xml version="1.0" ?>
<testsuites disabled="0" errors="0" failures="0" tests="14" time="7.7524216175079345703125">
	<testsuite disabled="0" errors="0" failures="0" name="cpu_health-4fb1ws1p" skipped="2" tests="14" time="7.7524216175079345703125">
		<testcase classname="tests/integration/targets/cpu_health/tasks/main.yml:2" name="[54.190.208.146] cpu: cpu_health : Starting CPU health check integration tests msg=START network.healthchecks.cpu health_check operation integration tests on connection={{ ansible_connection }}" time="0.04099297523498535">
			<system-out>{
    "changed": false,
    "msg": "START network.healthchecks.cpu health_check operation integration tests on connection=ansible.netcommon.network_cli"
}</system-out>
		</testcase>
		<testcase classname="tests/integration/targets/cpu_health/tasks/main.yml:8" name="[54.190.208.146] cpu: Run network.cpu validated content with health_checks operation name=network.healthchecks.cpu" time="0.003933906555175781">
			<system-out>{
    "changed": false,
    "include_args": {
        "name": "network.healthchecks.cpu"
    }
}</system-out>
		</testcase>
		<testcase classname="tests/integration/targets/cpu_health/tasks/main.yml:8" name="[include] cpu: Run network.cpu validated content with health_checks operation name=network.healthchecks.cpu" time="0.008112907409667969">
			<system-out>network.healthchecks.cpu (args={} vars={}): [54.190.208.146]</system-out>
		</testcase>
		<testcase classname="out-of-tree:main.yml:2" name="[54.190.208.146] cpu: network.healthchecks.cpu : Include validation tasks (ensure platform is supported) _raw_params=validation.yml" time="0.00449681282043457">
			<system-out>{
    "changed": false,
    "include": "validation.yml",
    "include_args": {}
}</system-out>
		</testcase>
		<testcase classname="out-of-tree:main.yml:2" name="[include] cpu: network.healthchecks.cpu : Include validation tasks (ensure platform is supported) _raw_params=validation.yml" time="0.0070400238037109375">
			<system-out>/Users/ruchi/Documents/workspace/collections/ansible_collections/network/healthchecks/roles/cpu/tasks/validation.yml (args={} vars={}): [54.190.208.146]</system-out>
		</testcase>
		<testcase classname="out-of-tree:validation.yml:2" name="[54.190.208.146] cpu: network.healthchecks.cpu : Set supported platform list supported_platforms=['ios', 'eos', 'nxos', 'iosxr']" time="0.02945399284362793">
			<system-out>{
    "ansible_facts": {
        "supported_platforms": [
            "ios",
            "eos",
            "nxos",
            "iosxr"
        ]
    },
    "changed": false
}</system-out>
		</testcase>
		<testcase classname="out-of-tree:validation.yml:10" name="[54.190.208.146] cpu: network.healthchecks.cpu : Fail on unsupported platform _raw_params=unsupported_platform.yml" time="0.005263090133666992">
			<skipped>Conditional result was False</skipped>
		</testcase>
		<testcase classname="out-of-tree:main.yml:5" name="[54.190.208.146] cpu: network.healthchecks.cpu : Include OS-specific CPU tasks iosxr _raw_params=./{{ ansible_network_os.split('.')[2] }}.yml" time="0.005380153656005859">
			<system-out>{
    "changed": false,
    "include": "./iosxr.yml",
    "include_args": {}
}</system-out>
		</testcase>
		<testcase classname="out-of-tree:main.yml:5" name="[include] cpu: network.healthchecks.cpu : Include OS-specific CPU tasks iosxr _raw_params=./{{ ansible_network_os.split('.')[2] }}.yml" time="0.008263111114501953">
			<system-out>/Users/ruchi/Documents/workspace/collections/ansible_collections/network/healthchecks/roles/cpu/tasks/./iosxr.yml (args={} vars={}): [54.190.208.146]</system-out>
		</testcase>
		<testcase classname="out-of-tree:iosxr.yml:2" name="[54.190.208.146] cpu: network.healthchecks.cpu : Parse CPU health check output for IOS-XR command=show processes cpu, parser={'name': 'ansible.netcommon.native'}, set_fact=cpu_health" time="7.5074498653411865">
			<system-out>{
    "ansible_facts": {
        "cpu_health": {
            "global": {
                "15_min_avg": 0,
                "1_min_avg": 0,
                "5_min_avg": 0
            },
            "processes": [
                {
                    "15_min": 0,
                    "1_min": 0,
                    "5_min": 0,
                    "pid": 1,
                    "process": "init"
                },
                {
                    "15_min": 0,
                    "1_min": 0,
                    "5_min": 0,
                    "pid": 1701,
                    "process": "bash"
                },
                {
                    "15_min": 0,
                    "1_min": 0,
                    "5_min": 0,
                    "pid": 1725,
                    "process": "sh"
                },
                {
                    "15_min": 0,
                    "1_min": 0,
                    "5_min": 0,
                    "pid": 1726,
                    "process": "bash"
                },
                {
                    "15_min": 0,
                    "1_min": 0,
                    "5_min": 0,
                    "pid": 1744,
                    "process": "cgroup_oom"
                },
                {
                    "15_min": 0,
                    "1_min": 0,
                    "5_min": 0,
                    "pid": 1919,
                    "process": "bash"
                },
                {
                    "15_min": 0,
                    "1_min": 0,
                    "5_min": 0,
                    "pid": 1922,
                    "process": "bash"
                },
                {
                    "15_min": 0,
                    "1_min": 0,
                    "5_min": 0,
                    "pid": 1939,
                    "process": "inotifywait"
                },
                {
                    "15_min": 0,
                    "1_min": 0,
                    "5_min": 0,
                    "pid": 1940,
                    "process": "bash"
                },
                {
                    "15_min": 0,
                    "1_min": 0,
                    "5_min": 0,
                    "pid": 1989,
                    "process": "dbus-daemon"
                },
                {
                    "15_min": 0,
                    "1_min": 0,
                    "5_min": 0,
                    "pid": 2007,
                    "process": "sshd"
                },
                {
                    "15_min": 0,
                    "1_min": 0,
                    "5_min": 0,
                    "pid": 2018,
                    "process": "rpcbind"
                },
                {
                    "15_min": 0,
                    "1_min": 0,
                    "5_min": 0,
                    "pid": 2112,
                    "process": "rngd"
                },
                {
                    "15_min": 0,
                    "1_min": 0,
                    "5_min": 0,
                    "pid": 2118,
                    "process": "syslogd"
                },
                {
                    "15_min": 0,
                    "1_min": 0,
                    "5_min": 0,
                    "pid": 2121,
                    "process": "klogd"
                },
                {
                    "15_min": 0,
                    "1_min": 0,
                    "5_min": 0,
                    "pid": 2137,
                    "process": "xinetd"
                },
                {
                    "15_min": 0,
                    "1_min": 0,
                    "5_min": 0,
                    "pid": 2184,
                    "process": "crond"
                },
                {
                    "15_min": 0,
                    "1_min": 0,
                    "5_min": 0,
                    "pid": 3291,
                    "process": "bash"
                },
                {
                    "15_min": 0,
                    "1_min": 0,
                    "5_min": 0,
                    "pid": 3292,
                    "process": "dsr"
                },
                {
                    "15_min": 0,
                    "1_min": 0,
                    "5_min": 0,
                    "pid": 3320,
                    "process": "bash"
                },
                {
                    "15_min": 0,
                    "1_min": 0,
                    "5_min": 0,
                    "pid": 3328,
                    "process": "ds"
                },
                {
                    "15_min": 0,
                    "1_min": 0,
                    "5_min": 0,
                    "pid": 3336,
                    "process": "bash"
                },
                {
                    "15_min": 0,
                    "1_min": 0,
                    "5_min": 0,
                    "pid": 3337,
                    "process": "bash"
                },
                {
                    "15_min": 0,
                    "1_min": 0,
                    "5_min": 0,
                    "pid": 3342,
                    "process": "dev_inotify_hdlr"
                },
                {
                    "15_min": 0,
                    "1_min": 0,
                    "5_min": 0,
                    "pid": 3346,
                    "process": "dev_inotify_hdlr"
                },
                {
                    "15_min": 0,
                    "1_min": 0,
                    "5_min": 0,
                    "pid": 3453,
                    "process": "processmgr"
                },
                {
                    "15_min": 0,
                    "1_min": 0,
                    "5_min": 0,
                    "pid": 3514,
                    "process": "devc-conaux-aux"
                },
                {
                    "15_min": 0,
                    "1_min": 0,
                    "5_min": 0,
                    "pid": 3515,
                    "process": "devc-conaux-con"
                },
                {
                    "15_min": 0,
                    "1_min": 0,
                    "5_min": 0,
                    "pid": 3517,
                    "process": "correlatord"
                },
                {
                    "15_min": 0,
                    "1_min": 0,
                    "5_min": 0,
                    "pid": 3519,
                    "process": "cerrno_server"
                },
                {
                    "15_min": 0,
                    "1_min": 0,
                    "5_min": 0,
                    "pid": 3522,
                    "process": "syslogd"
                },
                {
                    "15_min": 0,
                    "1_min": 0,
                    "5_min": 0,
                    "pid": 3524,
                    "process": "syslogd_helper"
                },
                {
                    "15_min": 0,
                    "1_min": 0,
                    "5_min": 0,
                    "pid": 3526,
                    "process": "syslog_dev"
                },
                {
                    "15_min": 0,
                    "1_min": 0,
                    "5_min": 0,
                    "pid": 3527,
                    "process": "shmwin_svr"
                },
                {
                    "15_min": 0,
                    "1_min": 0,
                    "5_min": 0,
                    "pid": 3529,
                    "process": "sdr_invmgr"
                },
                {
                    "15_min": 0,
                    "1_min": 0,
                    "5_min": 0,
                    "pid": 3530,
                    "process": "vm-monitor"
                },
                {
                    "15_min": 0,
                    "1_min": 0,
                    "5_min": 0,
                    "pid": 3532,
                    "process": "dumper"
                },
                {
                    "15_min": 0,
                    "1_min": 0,
                    "5_min": 0,
                    "pid": 3535,
                    "process": "qsm"
                },
                {
                    "15_min": 0,
                    "1_min": 0,
                    "5_min": 0,
                    "pid": 3536,
                    "process": "mpa_fm_svr"
                },
                {
                    "15_min": 0,
                    "1_min": 0,
                    "5_min": 0,
                    "pid": 3542,
                    "process": "spp"
                },
                {
                    "15_min": 0,
                    "1_min": 0,
                    "5_min": 0,
                    "pid": 3545,
                    "process": "packet"
                },
                {
                    "15_min": 0,
                    "1_min": 0,
                    "5_min": 0,
                    "pid": 3548,
                    "process": "chkpt_proxy"
                },
                {
                    "15_min": 0,
                    "1_min": 0,
                    "5_min": 0,
                    "pid": 3553,
                    "process": "ltrace_server"
                },
                {
                    "15_min": 0,
                    "1_min": 0,
                    "5_min": 0,
                    "pid": 3556,
                    "process": "ltrace_sync"
                },
                {
                    "15_min": 0,
                    "1_min": 0,
                    "5_min": 0,
                    "pid": 3562,
                    "process": "resmon"
                },
                {
                    "15_min": 0,
                    "1_min": 0,
                    "5_min": 0,
                    "pid": 3567,
                    "process": "sld"
                },
                {
                    "15_min": 0,
                    "1_min": 0,
                    "5_min": 0,
                    "pid": 3587,
                    "process": "rmf_svr"
                },
                {
                    "15_min": 0,
                    "1_min": 0,
                    "5_min": 0,
                    "pid": 3611,
                    "process": "bag_schema_svr"
                },
                {
                    "15_min": 0,
                    "1_min": 0,
                    "5_min": 0,
                    "pid": 3616,
                    "process": "tty_exec_launcher"
                },
                {
                    "15_min": 0,
                    "1_min": 0,
                    "5_min": 0,
                    "pid": 3625,
                    "process": "issudir"
                },
                {
                    "15_min": 0,
                    "1_min": 0,
                    "5_min": 0,
                    "pid": 3627,
                    "process": "sysdb_svr_local"
                },
                {
                    "15_min": 0,
                    "1_min": 0,
                    "5_min": 0,
                    "pid": 3630,
                    "process": "nrssvr_global"
                },
                {
                    "15_min": 0,
                    "1_min": 0,
                    "5_min": 0,
                    "pid": 3631,
                    "process": "ssh_key_client"
                },
                {
                    "15_min": 0,
                    "1_min": 0,
                    "5_min": 0,
                    "pid": 3633,
                    "process": "invmgr_proxy"
                },
                {
                    "15_min": 0,
                    "1_min": 0,
                    "5_min": 0,
                    "pid": 3636,
                    "process": "lcp_mgr"
                },
                {
                    "15_min": 0,
                    "1_min": 0,
                    "5_min": 0,
                    "pid": 3637,
                    "process": "sysdb_shared_data_nc"
                },
                {
                    "15_min": 0,
                    "1_min": 0,
                    "5_min": 0,
                    "pid": 3640,
                    "process": "gsp"
                },
                {
                    "15_min": 0,
                    "1_min": 0,
                    "5_min": 0,
                    "pid": 3643,
                    "process": "sysdb_shared_nc"
                },
                {
                    "15_min": 0,
                    "1_min": 0,
                    "5_min": 0,
                    "pid": 3646,
                    "process": "meminfo_svr"
                },
                {
                    "15_min": 0,
                    "1_min": 0,
                    "5_min": 0,
                    "pid": 3657,
                    "process": "sysdb_shared_sc"
                },
                {
                    "15_min": 0,
                    "1_min": 0,
                    "5_min": 0,
                    "pid": 3660,
                    "process": "showd_server"
                },
                {
                    "15_min": 0,
                    "1_min": 0,
                    "5_min": 0,
                    "pid": 3663,
                    "process": "sysdb_svr_admin"
                },
                {
                    "15_min": 0,
                    "1_min": 0,
                    "5_min": 0,
                    "pid": 3672,
                    "process": "ssh_key_server"
                },
                {
                    "15_min": 0,
                    "1_min": 0,
                    "5_min": 0,
                    "pid": 3674,
                    "process": "tamfs"
                },
                {
                    "15_min": 0,
                    "1_min": 0,
                    "5_min": 0,
                    "pid": 3682,
                    "process": "debug_d_admin"
                },
                {
                    "15_min": 0,
                    "1_min": 0,
                    "5_min": 0,
                    "pid": 3691,
                    "process": "aipc_cleaner"
                },
                {
                    "15_min": 0,
                    "1_min": 0,
                    "5_min": 0,
                    "pid": 3698,
                    "process": "gcp_fib_verifier"
                },
                {
                    "15_min": 0,
                    "1_min": 0,
                    "5_min": 0,
                    "pid": 3708,
                    "process": "rdsfs_svr"
                },
                {
                    "15_min": 0,
                    "1_min": 0,
                    "5_min": 0,
                    "pid": 3714,
                    "process": "nrssvr"
                },
                {
                    "15_min": 0,
                    "1_min": 0,
                    "5_min": 0,
                    "pid": 3733,
                    "process": "wdsysmon_fd_edm"
                },
                {
                    "15_min": 0,
                    "1_min": 0,
                    "5_min": 0,
                    "pid": 3744,
                    "process": "corehelper_context_edm"
                },
                {
                    "15_min": 0,
                    "1_min": 0,
                    "5_min": 0,
                    "pid": 3754,
                    "process": "sysdb_mc"
                },
                {
                    "15_min": 0,
                    "1_min": 0,
                    "5_min": 0,
                    "pid": 3772,
                    "process": "early_fast_discard_verifier"
                },
                {
                    "15_min": 0,
                    "1_min": 0,
                    "5_min": 0,
                    "pid": 3774,
                    "process": "bundlemgr_checker"
                },
                {
                    "15_min": 0,
                    "1_min": 0,
                    "5_min": 0,
                    "pid": 3789,
                    "process": "subdb_svr"
                },
                {
                    "15_min": 0,
                    "1_min": 0,
                    "5_min": 0,
                    "pid": 3794,
                    "process": "cfgmgr-rp"
                },
                {
                    "15_min": 0,
                    "1_min": 0,
                    "5_min": 0,
                    "pid": 3798,
                    "process": "parser_server"
                },
                {
                    "15_min": 0,
                    "1_min": 0,
                    "5_min": 0,
                    "pid": 3807,
                    "process": "nvgen_server"
                },
                {
                    "15_min": 0,
                    "1_min": 0,
                    "5_min": 0,
                    "pid": 3815,
                    "process": "timezone_config"
                },
                {
                    "15_min": 0,
                    "1_min": 0,
                    "5_min": 0,
                    "pid": 3826,
                    "process": "sunstone_stats_svr"
                },
                {
                    "15_min": 0,
                    "1_min": 0,
                    "5_min": 0,
                    "pid": 3852,
                    "process": "heap_summary_edm"
                },
                {
                    "15_min": 0,
                    "1_min": 0,
                    "5_min": 0,
                    "pid": 3866,
                    "process": "issumgr"
                },
                {
                    "15_min": 0,
                    "1_min": 0,
                    "5_min": 0,
                    "pid": 3889,
                    "process": "media_server"
                },
                {
                    "15_min": 0,
                    "1_min": 0,
                    "5_min": 0,
                    "pid": 3914,
                    "process": "procfs_server"
                },
                {
                    "15_min": 0,
                    "1_min": 0,
                    "5_min": 0,
                    "pid": 3935,
                    "process": "sdr_instagt"
                },
                {
                    "15_min": 0,
                    "1_min": 0,
                    "5_min": 0,
                    "pid": 3947,
                    "process": "show_mediang_edm"
                },
                {
                    "15_min": 0,
                    "1_min": 0,
                    "5_min": 0,
                    "pid": 4516,
                    "process": "ifmgr"
                },
                {
                    "15_min": 0,
                    "1_min": 0,
                    "5_min": 0,
                    "pid": 4517,
                    "process": "netio"
                },
                {
                    "15_min": 0,
                    "1_min": 0,
                    "5_min": 0,
                    "pid": 4518,
                    "process": "ifindex_server"
                },
                {
                    "15_min": 0,
                    "1_min": 0,
                    "5_min": 0,
                    "pid": 4521,
                    "process": "lpts_pa"
                },
                {
                    "15_min": 0,
                    "1_min": 0,
                    "5_min": 0,
                    "pid": 4522,
                    "process": "alarm-logger"
                },
                {
                    "15_min": 0,
                    "1_min": 0,
                    "5_min": 0,
                    "pid": 4524,
                    "process": "calv_alarm_mgr"
                },
                {
                    "15_min": 0,
                    "1_min": 0,
                    "5_min": 0,
                    "pid": 4525,
                    "process": "eth_mgmt"
                },
                {
                    "15_min": 0,
                    "1_min": 0,
                    "5_min": 0,
                    "pid": 4526,
                    "process": "fwd_driver_partner"
                },
                {
                    "15_min": 0,
                    "1_min": 0,
                    "5_min": 0,
                    "pid": 4528,
                    "process": "locald_DLRSC"
                },
                {
                    "15_min": 0,
                    "1_min": 0,
                    "5_min": 0,
                    "pid": 4529,
                    "process": "mempool_edm"
                },
                {
                    "15_min": 0,
                    "1_min": 0,
                    "5_min": 0,
                    "pid": 4530,
                    "process": "ncd"
                },
                {
                    "15_min": 0,
                    "1_min": 0,
                    "5_min": 0,
                    "pid": 4531,
                    "process": "nd_partner"
                },
                {
                    "15_min": 0,
                    "1_min": 0,
                    "5_min": 0,
                    "pid": 4532,
                    "process": "nsr_fo"
                },
                {
                    "15_min": 0,
                    "1_min": 0,
                    "5_min": 0,
                    "pid": 4533,
                    "process": "nsr_ping_reply"
                },
                {
                    "15_min": 0,
                    "1_min": 0,
                    "5_min": 0,
                    "pid": 4534,
                    "process": "rmf_cli_edm"
                },
                {
                    "15_min": 0,
                    "1_min": 0,
                    "5_min": 0,
                    "pid": 4535,
                    "process": "rsi_agent"
                },
                {
                    "15_min": 0,
                    "1_min": 0,
                    "5_min": 0,
                    "pid": 4536,
                    "process": "rsi_master"
                },
                {
                    "15_min": 0,
                    "1_min": 0,
                    "5_min": 0,
                    "pid": 4538,
                    "process": "sh_proc_mem_edm"
                },
                {
                    "15_min": 0,
                    "1_min": 0,
                    "5_min": 0,
                    "pid": 4540,
                    "process": "sh_proc_threadname_edm"
                },
                {
                    "15_min": 0,
                    "1_min": 0,
                    "5_min": 0,
                    "pid": 4541,
                    "process": "sysmgr_show_proc_all_edm"
                },
                {
                    "15_min": 0,
                    "1_min": 0,
                    "5_min": 0,
                    "pid": 4542,
                    "process": "tty_show_users_edm"
                },
                {
                    "15_min": 0,
                    "1_min": 0,
                    "5_min": 0,
                    "pid": 4543,
                    "process": "mpls_io_ea"
                },
                {
                    "15_min": 0,
                    "1_min": 0,
                    "5_min": 0,
                    "pid": 4546,
                    "process": "aib"
                },
                {
                    "15_min": 0,
                    "1_min": 0,
                    "5_min": 0,
                    "pid": 4547,
                    "process": "bundlemgr_adj"
                },
                {
                    "15_min": 0,
                    "1_min": 0,
                    "5_min": 0,
                    "pid": 4548,
                    "process": "statsd_server"
                },
                {
                    "15_min": 0,
                    "1_min": 0,
                    "5_min": 0,
                    "pid": 4549,
                    "process": "ipv4_arm"
                },
                {
                    "15_min": 0,
                    "1_min": 0,
                    "5_min": 0,
                    "pid": 4551,
                    "process": "ipv6_arm"
                },
                {
                    "15_min": 0,
                    "1_min": 0,
                    "5_min": 0,
                    "pid": 4572,
                    "process": "ipv4_acl_mgr"
                },
                {
                    "15_min": 0,
                    "1_min": 0,
                    "5_min": 0,
                    "pid": 4579,
                    "process": "ipv6_acl_daemon"
                },
                {
                    "15_min": 0,
                    "1_min": 0,
                    "5_min": 0,
                    "pid": 4583,
                    "process": "ipv4_mfwd_partner"
                },
                {
                    "15_min": 0,
                    "1_min": 0,
                    "5_min": 0,
                    "pid": 4594,
                    "process": "ipv6_mfwd_partner"
                },
                {
                    "15_min": 0,
                    "1_min": 0,
                    "5_min": 0,
                    "pid": 4600,
                    "process": "pifibm_server_rp"
                },
                {
                    "15_min": 0,
                    "1_min": 0,
                    "5_min": 0,
                    "pid": 4611,
                    "process": "ipv4_io"
                },
                {
                    "15_min": 0,
                    "1_min": 0,
                    "5_min": 0,
                    "pid": 4626,
                    "process": "ipv4_ma"
                },
                {
                    "15_min": 0,
                    "1_min": 0,
                    "5_min": 0,
                    "pid": 4632,
                    "process": "ipv6_nd"
                },
                {
                    "15_min": 0,
                    "1_min": 0,
                    "5_min": 0,
                    "pid": 4642,
                    "process": "policymgr_rp"
                },
                {
                    "15_min": 0,
                    "1_min": 0,
                    "5_min": 0,
                    "pid": 4654,
                    "process": "fib_mgr"
                },
                {
                    "15_min": 0,
                    "1_min": 0,
                    "5_min": 0,
                    "pid": 4659,
                    "process": "ipv6_ea"
                },
                {
                    "15_min": 0,
                    "1_min": 0,
                    "5_min": 0,
                    "pid": 4666,
                    "process": "ipv6_io"
                },
                {
                    "15_min": 0,
                    "1_min": 0,
                    "5_min": 0,
                    "pid": 4678,
                    "process": "bcdl_agent"
                },
                {
                    "15_min": 0,
                    "1_min": 0,
                    "5_min": 0,
                    "pid": 4692,
                    "process": "nve_mgr"
                },
                {
                    "15_min": 0,
                    "1_min": 0,
                    "5_min": 0,
                    "pid": 4720,
                    "process": "procfind"
                },
                {
                    "15_min": 0,
                    "1_min": 0,
                    "5_min": 0,
                    "pid": 4733,
                    "process": "ipv6_ma"
                },
                {
                    "15_min": 0,
                    "1_min": 0,
                    "5_min": 0,
                    "pid": 4736,
                    "process": "mpls_lsd"
                },
                {
                    "15_min": 0,
                    "1_min": 0,
                    "5_min": 0,
                    "pid": 4747,
                    "process": "bgp_policy_reg_agent"
                },
                {
                    "15_min": 0,
                    "1_min": 0,
                    "5_min": 0,
                    "pid": 4754,
                    "process": "eigrp_policy_reg_agent"
                },
                {
                    "15_min": 0,
                    "1_min": 0,
                    "5_min": 0,
                    "pid": 4767,
                    "process": "igmp_policy_reg_agent"
                },
                {
                    "15_min": 0,
                    "1_min": 0,
                    "5_min": 0,
                    "pid": 4769,
                    "process": "isis_policy_reg_agent"
                },
                {
                    "15_min": 0,
                    "1_min": 0,
                    "5_min": 0,
                    "pid": 4784,
                    "process": "l2vpn_policy_reg_agent"
                },
                {
                    "15_min": 0,
                    "1_min": 0,
                    "5_min": 0,
                    "pid": 4791,
                    "process": "lisp_xr_policy_reg_agent"
                },
                {
                    "15_min": 0,
                    "1_min": 0,
                    "5_min": 0,
                    "pid": 4810,
                    "process": "mldp_policy_reg_agent"
                },
                {
                    "15_min": 0,
                    "1_min": 0,
                    "5_min": 0,
                    "pid": 4818,
                    "process": "ospf_policy_reg_agent"
                },
                {
                    "15_min": 0,
                    "1_min": 0,
                    "5_min": 0,
                    "pid": 4823,
                    "process": "ospfv3_policy_reg_agent"
                },
                {
                    "15_min": 0,
                    "1_min": 0,
                    "5_min": 0,
                    "pid": 4829,
                    "process": "pim6_policy_reg_agent"
                },
                {
                    "15_min": 0,
                    "1_min": 0,
                    "5_min": 0,
                    "pid": 4837,
                    "process": "pim_policy_reg_agent"
                },
                {
                    "15_min": 0,
                    "1_min": 0,
                    "5_min": 0,
                    "pid": 4847,
                    "process": "rip_policy_reg_agent"
                },
                {
                    "15_min": 0,
                    "1_min": 0,
                    "5_min": 0,
                    "pid": 4853,
                    "process": "debug_d"
                },
                {
                    "15_min": 0,
                    "1_min": 0,
                    "5_min": 0,
                    "pid": 4858,
                    "process": "iedged"
                },
                {
                    "15_min": 0,
                    "1_min": 0,
                    "5_min": 0,
                    "pid": 4863,
                    "process": "ocifip_v4ma"
                },
                {
                    "15_min": 0,
                    "1_min": 0,
                    "5_min": 0,
                    "pid": 4864,
                    "process": "ocifip_v6ma"
                },
                {
                    "15_min": 0,
                    "1_min": 0,
                    "5_min": 0,
                    "pid": 4883,
                    "process": "shelf_mgr_proxy"
                },
                {
                    "15_min": 0,
                    "1_min": 0,
                    "5_min": 0,
                    "pid": 4884,
                    "process": "tamsvcs_tamm"
                },
                {
                    "15_min": 0,
                    "1_min": 0,
                    "5_min": 0,
                    "pid": 5155,
                    "process": "tams_proc"
                },
                {
                    "15_min": 0,
                    "1_min": 0,
                    "5_min": 0,
                    "pid": 5177,
                    "process": "ether_caps_partner"
                },
                {
                    "15_min": 0,
                    "1_min": 0,
                    "5_min": 0,
                    "pid": 5178,
                    "process": "ether_sock"
                },
                {
                    "15_min": 0,
                    "1_min": 0,
                    "5_min": 0,
                    "pid": 5201,
                    "process": "bcdls"
                },
                {
                    "15_min": 0,
                    "1_min": 0,
                    "5_min": 0,
                    "pid": 5206,
                    "process": "bcdls"
                },
                {
                    "15_min": 0,
                    "1_min": 0,
                    "5_min": 0,
                    "pid": 5252,
                    "process": "vlan_ea"
                },
                {
                    "15_min": 0,
                    "1_min": 0,
                    "5_min": 0,
                    "pid": 5259,
                    "process": "tamd_proc"
                },
                {
                    "15_min": 0,
                    "1_min": 0,
                    "5_min": 0,
                    "pid": 5515,
                    "process": "ownershipd"
                },
                {
                    "15_min": 0,
                    "1_min": 0,
                    "5_min": 0,
                    "pid": 5516,
                    "process": "tam_sync"
                },
                {
                    "15_min": 0,
                    "1_min": 0,
                    "5_min": 0,
                    "pid": 5518,
                    "process": "kim"
                },
                {
                    "15_min": 0,
                    "1_min": 0,
                    "5_min": 0,
                    "pid": 5519,
                    "process": "syslog_infra_hm"
                },
                {
                    "15_min": 0,
                    "1_min": 0,
                    "5_min": 0,
                    "pid": 5525,
                    "process": "tty_verifyd"
                },
                {
                    "15_min": 0,
                    "1_min": 0,
                    "5_min": 0,
                    "pid": 5528,
                    "process": "ipv4_rump"
                },
                {
                    "15_min": 0,
                    "1_min": 0,
                    "5_min": 0,
                    "pid": 5529,
                    "process": "ipv6_rump"
                },
                {
                    "15_min": 0,
                    "1_min": 0,
                    "5_min": 0,
                    "pid": 5530,
                    "process": "ethernet_stats_controller_edm"
                },
                {
                    "15_min": 0,
                    "1_min": 0,
                    "5_min": 0,
                    "pid": 5531,
                    "process": "domain_services"
                },
                {
                    "15_min": 0,
                    "1_min": 0,
                    "5_min": 0,
                    "pid": 5532,
                    "process": "ftp_fs"
                },
                {
                    "15_min": 0,
                    "1_min": 0,
                    "5_min": 0,
                    "pid": 5533,
                    "process": "bgp_epe"
                },
                {
                    "15_min": 0,
                    "1_min": 0,
                    "5_min": 0,
                    "pid": 5534,
                    "process": "bfd"
                },
                {
                    "15_min": 0,
                    "1_min": 0,
                    "5_min": 0,
                    "pid": 5535,
                    "process": "ipv6_local"
                },
                {
                    "15_min": 0,
                    "1_min": 0,
                    "5_min": 0,
                    "pid": 5536,
                    "process": "ipv6_connected"
                },
                {
                    "15_min": 0,
                    "1_min": 0,
                    "5_min": 0,
                    "pid": 5537,
                    "process": "pim6"
                },
                {
                    "15_min": 0,
                    "1_min": 0,
                    "5_min": 0,
                    "pid": 5538,
                    "process": "ipv4_local"
                },
                {
                    "15_min": 0,
                    "1_min": 0,
                    "5_min": 0,
                    "pid": 5543,
                    "process": "ipv4_connected"
                },
                {
                    "15_min": 0,
                    "1_min": 0,
                    "5_min": 0,
                    "pid": 5544,
                    "process": "igmp"
                },
                {
                    "15_min": 0,
                    "1_min": 0,
                    "5_min": 0,
                    "pid": 5545,
                    "process": "eth_gl_cfg"
                },
                {
                    "15_min": 0,
                    "1_min": 0,
                    "5_min": 0,
                    "pid": 5546,
                    "process": "ipv6_mpa"
                },
                {
                    "15_min": 0,
                    "1_min": 0,
                    "5_min": 0,
                    "pid": 5554,
                    "process": "ipv4_mpa"
                },
                {
                    "15_min": 0,
                    "1_min": 0,
                    "5_min": 0,
                    "pid": 5558,
                    "process": "bundlemgr_distrib"
                },
                {
                    "15_min": 0,
                    "1_min": 0,
                    "5_min": 0,
                    "pid": 5564,
                    "process": "mld"
                },
                {
                    "15_min": 0,
                    "1_min": 0,
                    "5_min": 0,
                    "pid": 5594,
                    "process": "pim"
                },
                {
                    "15_min": 0,
                    "1_min": 0,
                    "5_min": 0,
                    "pid": 5596,
                    "process": "policy_repository"
                },
                {
                    "15_min": 0,
                    "1_min": 0,
                    "5_min": 0,
                    "pid": 5605,
                    "process": "mrib6"
                },
                {
                    "15_min": 0,
                    "1_min": 0,
                    "5_min": 0,
                    "pid": 5620,
                    "process": "mrib"
                },
                {
                    "15_min": 0,
                    "1_min": 0,
                    "5_min": 0,
                    "pid": 5626,
                    "process": "ipv6_rib"
                },
                {
                    "15_min": 0,
                    "1_min": 0,
                    "5_min": 0,
                    "pid": 5640,
                    "process": "ipv6_mfwd_ma"
                },
                {
                    "15_min": 0,
                    "1_min": 0,
                    "5_min": 0,
                    "pid": 5651,
                    "process": "ipv4_rib"
                },
                {
                    "15_min": 0,
                    "1_min": 0,
                    "5_min": 0,
                    "pid": 5655,
                    "process": "ipv4_mfwd_ma"
                },
                {
                    "15_min": 0,
                    "1_min": 0,
                    "5_min": 0,
                    "pid": 5665,
                    "process": "statsd_manager_g"
                },
                {
                    "15_min": 0,
                    "1_min": 0,
                    "5_min": 0,
                    "pid": 5667,
                    "process": "intf_mgbl"
                },
                {
                    "15_min": 0,
                    "1_min": 0,
                    "5_min": 0,
                    "pid": 5669,
                    "process": "showtech_cfg"
                },
                {
                    "15_min": 0,
                    "1_min": 0,
                    "5_min": 0,
                    "pid": 5678,
                    "process": "lldp_mgr"
                },
                {
                    "15_min": 0,
                    "1_min": 0,
                    "5_min": 0,
                    "pid": 5683,
                    "process": "mpls_static"
                },
                {
                    "15_min": 0,
                    "1_min": 0,
                    "5_min": 0,
                    "pid": 5686,
                    "process": "ema_server_sdr"
                },
                {
                    "15_min": 0,
                    "1_min": 0,
                    "5_min": 0,
                    "pid": 5696,
                    "process": "accounting_ma"
                },
                {
                    "15_min": 0,
                    "1_min": 0,
                    "5_min": 0,
                    "pid": 5699,
                    "process": "daps"
                },
                {
                    "15_min": 0,
                    "1_min": 0,
                    "5_min": 0,
                    "pid": 5708,
                    "process": "ipsub_ma"
                },
                {
                    "15_min": 0,
                    "1_min": 0,
                    "5_min": 0,
                    "pid": 5716,
                    "process": "l2fib_mgr"
                },
                {
                    "15_min": 0,
                    "1_min": 0,
                    "5_min": 0,
                    "pid": 5728,
                    "process": "l2rib"
                },
                {
                    "15_min": 0,
                    "1_min": 0,
                    "5_min": 0,
                    "pid": 5736,
                    "process": "pppoe_ma"
                },
                {
                    "15_min": 0,
                    "1_min": 0,
                    "5_min": 0,
                    "pid": 5738,
                    "process": "sconbkup"
                },
                {
                    "15_min": 0,
                    "1_min": 0,
                    "5_min": 0,
                    "pid": 5751,
                    "process": "yang_server"
                },
                {
                    "15_min": 0,
                    "1_min": 0,
                    "5_min": 0,
                    "pid": 5768,
                    "process": "ipv6_assembler"
                },
                {
                    "15_min": 0,
                    "1_min": 0,
                    "5_min": 0,
                    "pid": 5770,
                    "process": "mpls_fwd_show_proxy"
                },
                {
                    "15_min": 0,
                    "1_min": 0,
                    "5_min": 0,
                    "pid": 5780,
                    "process": "shconf-edm"
                },
                {
                    "15_min": 0,
                    "1_min": 0,
                    "5_min": 0,
                    "pid": 5787,
                    "process": "statsd_manager_l"
                },
                {
                    "15_min": 0,
                    "1_min": 0,
                    "5_min": 0,
                    "pid": 5798,
                    "process": "ztp_edm"
                },
                {
                    "15_min": 0,
                    "1_min": 0,
                    "5_min": 0,
                    "pid": 5813,
                    "process": "mpls_io"
                },
                {
                    "15_min": 0,
                    "1_min": 0,
                    "5_min": 0,
                    "pid": 5816,
                    "process": "ntpd"
                },
                {
                    "15_min": 0,
                    "1_min": 0,
                    "5_min": 0,
                    "pid": 5831,
                    "process": "session_mon"
                },
                {
                    "15_min": 0,
                    "1_min": 0,
                    "5_min": 0,
                    "pid": 5836,
                    "process": "clns"
                },
                {
                    "15_min": 0,
                    "1_min": 0,
                    "5_min": 0,
                    "pid": 5850,
                    "process": "arp"
                },
                {
                    "15_min": 0,
                    "1_min": 0,
                    "5_min": 0,
                    "pid": 5853,
                    "process": "ip_aps"
                },
                {
                    "15_min": 0,
                    "1_min": 0,
                    "5_min": 0,
                    "pid": 5870,
                    "process": "raw_ip"
                },
                {
                    "15_min": 0,
                    "1_min": 0,
                    "5_min": 0,
                    "pid": 5875,
                    "process": "tcp"
                },
                {
                    "15_min": 0,
                    "1_min": 0,
                    "5_min": 0,
                    "pid": 5892,
                    "process": "udp"
                },
                {
                    "15_min": 0,
                    "1_min": 0,
                    "5_min": 0,
                    "pid": 5893,
                    "process": "fhrp_output"
                },
                {
                    "15_min": 0,
                    "1_min": 0,
                    "5_min": 0,
                    "pid": 5899,
                    "process": "l2snoop"
                },
                {
                    "15_min": 0,
                    "1_min": 0,
                    "5_min": 0,
                    "pid": 5907,
                    "process": "pim6_ma"
                },
                {
                    "15_min": 0,
                    "1_min": 0,
                    "5_min": 0,
                    "pid": 5920,
                    "process": "pim_ma"
                },
                {
                    "15_min": 0,
                    "1_min": 0,
                    "5_min": 0,
                    "pid": 5928,
                    "process": "ip_app"
                },
                {
                    "15_min": 0,
                    "1_min": 0,
                    "5_min": 0,
                    "pid": 5937,
                    "process": "cinetd"
                },
                {
                    "15_min": 0,
                    "1_min": 0,
                    "5_min": 0,
                    "pid": 5940,
                    "process": "devc-vty"
                },
                {
                    "15_min": 0,
                    "1_min": 0,
                    "5_min": 0,
                    "pid": 5948,
                    "process": "bundlemgr_local"
                },
                {
                    "15_min": 0,
                    "1_min": 0,
                    "5_min": 0,
                    "pid": 5956,
                    "process": "ether_mgbl"
                },
                {
                    "15_min": 0,
                    "1_min": 0,
                    "5_min": 0,
                    "pid": 5964,
                    "process": "tftp_fs"
                },
                {
                    "15_min": 0,
                    "1_min": 0,
                    "5_min": 0,
                    "pid": 5979,
                    "process": "type6_server"
                },
                {
                    "15_min": 0,
                    "1_min": 0,
                    "5_min": 0,
                    "pid": 5991,
                    "process": "vi_config_replicator"
                },
                {
                    "15_min": 0,
                    "1_min": 0,
                    "5_min": 0,
                    "pid": 6005,
                    "process": "eem_server"
                },
                {
                    "15_min": 0,
                    "1_min": 0,
                    "5_min": 0,
                    "pid": 6008,
                    "process": "showd_lc"
                },
                {
                    "15_min": 0,
                    "1_min": 0,
                    "5_min": 0,
                    "pid": 6035,
                    "process": "tcl_secure_mode"
                },
                {
                    "15_min": 0,
                    "1_min": 0,
                    "5_min": 0,
                    "pid": 6040,
                    "process": "lpts_fm"
                },
                {
                    "15_min": 0,
                    "1_min": 0,
                    "5_min": 0,
                    "pid": 6057,
                    "process": "eem_policy_dir"
                },
                {
                    "15_min": 0,
                    "1_min": 0,
                    "5_min": 0,
                    "pid": 6073,
                    "process": "ipsec_mp"
                },
                {
                    "15_min": 0,
                    "1_min": 0,
                    "5_min": 0,
                    "pid": 6079,
                    "process": "ipsec_pp"
                },
                {
                    "15_min": 0,
                    "1_min": 0,
                    "5_min": 0,
                    "pid": 6087,
                    "process": "cepki"
                },
                {
                    "15_min": 0,
                    "1_min": 0,
                    "5_min": 0,
                    "pid": 6090,
                    "process": "crypto_monitor"
                },
                {
                    "15_min": 0,
                    "1_min": 0,
                    "5_min": 0,
                    "pid": 6099,
                    "process": "eem_ed_config"
                },
                {
                    "15_min": 0,
                    "1_min": 0,
                    "5_min": 0,
                    "pid": 6117,
                    "process": "eem_ed_counter"
                },
                {
                    "15_min": 0,
                    "1_min": 0,
                    "5_min": 0,
                    "pid": 6122,
                    "process": "eem_ed_generic"
                },
                {
                    "15_min": 0,
                    "1_min": 0,
                    "5_min": 0,
                    "pid": 6143,
                    "process": "eem_ed_nd"
                },
                {
                    "15_min": 0,
                    "1_min": 0,
                    "5_min": 0,
                    "pid": 6145,
                    "process": "eem_ed_none"
                },
                {
                    "15_min": 0,
                    "1_min": 0,
                    "5_min": 0,
                    "pid": 6163,
                    "process": "eem_ed_stats"
                },
                {
                    "15_min": 0,
                    "1_min": 0,
                    "5_min": 0,
                    "pid": 6166,
                    "process": "eem_ed_syslog"
                },
                {
                    "15_min": 0,
                    "1_min": 0,
                    "5_min": 0,
                    "pid": 6181,
                    "process": "eem_ed_sysmgr"
                },
                {
                    "15_min": 0,
                    "1_min": 0,
                    "5_min": 0,
                    "pid": 6192,
                    "process": "eem_ed_telemetry"
                },
                {
                    "15_min": 0,
                    "1_min": 0,
                    "5_min": 0,
                    "pid": 6204,
                    "process": "eem_ed_test"
                },
                {
                    "15_min": 0,
                    "1_min": 0,
                    "5_min": 0,
                    "pid": 6211,
                    "process": "eem_ed_timer"
                },
                {
                    "15_min": 0,
                    "1_min": 0,
                    "5_min": 0,
                    "pid": 6214,
                    "process": "object_tracking"
                },
                {
                    "15_min": 0,
                    "1_min": 0,
                    "5_min": 0,
                    "pid": 6220,
                    "process": "call_home"
                },
                {
                    "15_min": 0,
                    "1_min": 0,
                    "5_min": 0,
                    "pid": 6235,
                    "process": "http_client"
                },
                {
                    "15_min": 0,
                    "1_min": 0,
                    "5_min": 0,
                    "pid": 6253,
                    "process": "plat_sl_client"
                },
                {
                    "15_min": 0,
                    "1_min": 0,
                    "5_min": 0,
                    "pid": 6264,
                    "process": "smartlicserver"
                },
                {
                    "15_min": 0,
                    "1_min": 0,
                    "5_min": 0,
                    "pid": 6278,
                    "process": "bcdls"
                },
                {
                    "15_min": 0,
                    "1_min": 0,
                    "5_min": 0,
                    "pid": 6584,
                    "process": "bcdl_agent"
                },
                {
                    "15_min": 0,
                    "1_min": 0,
                    "5_min": 0,
                    "pid": 6721,
                    "process": "bcdls"
                },
                {
                    "15_min": 0,
                    "1_min": 0,
                    "5_min": 0,
                    "pid": 6724,
                    "process": "bcdl_agent"
                },
                {
                    "15_min": 0,
                    "1_min": 0,
                    "5_min": 0,
                    "pid": 6728,
                    "process": "bcdl_agent"
                },
                {
                    "15_min": 0,
                    "1_min": 0,
                    "5_min": 0,
                    "pid": 6817,
                    "process": "bcdls"
                },
                {
                    "15_min": 0,
                    "1_min": 0,
                    "5_min": 0,
                    "pid": 7527,
                    "process": "mirror_server"
                },
                {
                    "15_min": 0,
                    "1_min": 0,
                    "5_min": 0,
                    "pid": 7530,
                    "process": "redstatsd"
                },
                {
                    "15_min": 0,
                    "1_min": 0,
                    "5_min": 0,
                    "pid": 7532,
                    "process": "appmgr"
                },
                {
                    "15_min": 0,
                    "1_min": 0,
                    "5_min": 0,
                    "pid": 7533,
                    "process": "cmp_edm"
                },
                {
                    "15_min": 0,
                    "1_min": 0,
                    "5_min": 0,
                    "pid": 7534,
                    "process": "crypto_edm"
                },
                {
                    "15_min": 0,
                    "1_min": 0,
                    "5_min": 0,
                    "pid": 7535,
                    "process": "dockerd_monitor"
                },
                {
                    "15_min": 0,
                    "1_min": 0,
                    "5_min": 0,
                    "pid": 7536,
                    "process": "domain_sync"
                },
                {
                    "15_min": 0,
                    "1_min": 0,
                    "5_min": 0,
                    "pid": 7537,
                    "process": "es_acl_act_agent"
                },
                {
                    "15_min": 0,
                    "1_min": 0,
                    "5_min": 0,
                    "pid": 7538,
                    "process": "file_paltx"
                },
                {
                    "15_min": 0,
                    "1_min": 0,
                    "5_min": 0,
                    "pid": 7539,
                    "process": "hostname_sync"
                },
                {
                    "15_min": 0,
                    "1_min": 0,
                    "5_min": 0,
                    "pid": 7540,
                    "process": "imaedm_server"
                },
                {
                    "15_min": 0,
                    "1_min": 0,
                    "5_min": 0,
                    "pid": 7541,
                    "process": "ipodwdm"
                },
                {
                    "15_min": 0,
                    "1_min": 0,
                    "5_min": 0,
                    "pid": 7543,
                    "process": "ipv4_acl_act_agent"
                },
                {
                    "15_min": 0,
                    "1_min": 0,
                    "5_min": 0,
                    "pid": 7545,
                    "process": "ipv6_acl_cfg_agent"
                },
                {
                    "15_min": 0,
                    "1_min": 0,
                    "5_min": 0,
                    "pid": 7546,
                    "process": "linux_nto_misc_showd"
                },
                {
                    "15_min": 0,
                    "1_min": 0,
                    "5_min": 0,
                    "pid": 7547,
                    "process": "local_sock"
                },
                {
                    "15_min": 0,
                    "1_min": 0,
                    "5_min": 0,
                    "pid": 7550,
                    "process": "mpls_vpn_mib"
                },
                {
                    "15_min": 0,
                    "1_min": 0,
                    "5_min": 0,
                    "pid": 7553,
                    "process": "netio_debug_partner"
                },
                {
                    "15_min": 0,
                    "1_min": 0,
                    "5_min": 0,
                    "pid": 7554,
                    "process": "pak_capture_partner"
                },
                {
                    "15_min": 0,
                    "1_min": 0,
                    "5_min": 0,
                    "pid": 7573,
                    "process": "pam_manager"
                },
                {
                    "15_min": 0,
                    "1_min": 0,
                    "5_min": 0,
                    "pid": 7583,
                    "process": "pfilter_ma"
                },
                {
                    "15_min": 0,
                    "1_min": 0,
                    "5_min": 0,
                    "pid": 7596,
                    "process": "pkt_trace_agent"
                },
                {
                    "15_min": 0,
                    "1_min": 0,
                    "5_min": 0,
                    "pid": 7604,
                    "process": "pkt_trace_master"
                },
                {
                    "15_min": 0,
                    "1_min": 0,
                    "5_min": 0,
                    "pid": 7611,
                    "process": "pm_server"
                },
                {
                    "15_min": 0,
                    "1_min": 0,
                    "5_min": 0,
                    "pid": 7632,
                    "process": "script_agent_main"
                },
                {
                    "15_min": 0,
                    "1_min": 0,
                    "5_min": 0,
                    "pid": 7641,
                    "process": "script_watcher_main"
                },
                {
                    "15_min": 0,
                    "1_min": 0,
                    "5_min": 0,
                    "pid": 7645,
                    "process": "spio_ea"
                },
                {
                    "15_min": 0,
                    "1_min": 0,
                    "5_min": 0,
                    "pid": 7655,
                    "process": "spio_ma"
                },
                {
                    "15_min": 0,
                    "1_min": 0,
                    "5_min": 0,
                    "pid": 7665,
                    "process": "ssm_process"
                },
                {
                    "15_min": 0,
                    "1_min": 0,
                    "5_min": 0,
                    "pid": 7687,
                    "process": "pm_collector"
                },
                {
                    "15_min": 0,
                    "1_min": 0,
                    "5_min": 0,
                    "pid": 7930,
                    "process": "wanphy_proc"
                },
                {
                    "15_min": 0,
                    "1_min": 0,
                    "5_min": 0,
                    "pid": 7931,
                    "process": "tc_server"
                },
                {
                    "15_min": 0,
                    "1_min": 0,
                    "5_min": 0,
                    "pid": 7932,
                    "process": "sys_rec"
                },
                {
                    "15_min": 0,
                    "1_min": 0,
                    "5_min": 0,
                    "pid": 7933,
                    "process": "svault"
                },
                {
                    "15_min": 0,
                    "1_min": 0,
                    "5_min": 0,
                    "pid": 7934,
                    "process": "ssh_server"
                },
                {
                    "15_min": 0,
                    "1_min": 0,
                    "5_min": 0,
                    "pid": 7935,
                    "process": "ssh_backup_server"
                },
                {
                    "15_min": 0,
                    "1_min": 0,
                    "5_min": 0,
                    "pid": 7936,
                    "process": "snmppingd"
                },
                {
                    "15_min": 0,
                    "1_min": 0,
                    "5_min": 0,
                    "pid": 7937,
                    "process": "sdr_instmgr"
                },
                {
                    "15_min": 0,
                    "1_min": 0,
                    "5_min": 0,
                    "pid": 7938,
                    "process": "schema_server"
                },
                {
                    "15_min": 0,
                    "1_min": 0,
                    "5_min": 0,
                    "pid": 7939,
                    "process": "ocaaateld"
                },
                {
                    "15_min": 0,
                    "1_min": 0,
                    "5_min": 0,
                    "pid": 7940,
                    "process": "l2tp_mgr"
                },
                {
                    "15_min": 0,
                    "1_min": 0,
                    "5_min": 0,
                    "pid": 7941,
                    "process": "cmpp"
                },
                {
                    "15_min": 0,
                    "1_min": 0,
                    "5_min": 0,
                    "pid": 7942,
                    "process": "bash"
                },
                {
                    "15_min": 0,
                    "1_min": 0,
                    "5_min": 0,
                    "pid": 7943,
                    "process": "l2vpn_mgr"
                },
                {
                    "15_min": 0,
                    "1_min": 0,
                    "5_min": 0,
                    "pid": 7944,
                    "process": "xtc_agent"
                },
                {
                    "15_min": 0,
                    "1_min": 0,
                    "5_min": 0,
                    "pid": 7945,
                    "process": "mpls_ldp"
                },
                {
                    "15_min": 0,
                    "1_min": 0,
                    "5_min": 0,
                    "pid": 7946,
                    "process": "vservice_mgr"
                },
                {
                    "15_min": 0,
                    "1_min": 0,
                    "5_min": 0,
                    "pid": 7947,
                    "process": "qos_ma"
                },
                {
                    "15_min": 0,
                    "1_min": 0,
                    "5_min": 0,
                    "pid": 7948,
                    "process": "pbr_ma"
                },
                {
                    "15_min": 0,
                    "1_min": 0,
                    "5_min": 0,
                    "pid": 7949,
                    "process": "rt_check_mgr"
                },
                {
                    "15_min": 0,
                    "1_min": 0,
                    "5_min": 0,
                    "pid": 7950,
                    "process": "es_acl_mgr"
                },
                {
                    "15_min": 0,
                    "1_min": 0,
                    "5_min": 0,
                    "pid": 7960,
                    "process": "attestation_agent"
                },
                {
                    "15_min": 0,
                    "1_min": 0,
                    "5_min": 0,
                    "pid": 8437,
                    "process": "cdp_mgr"
                },
                {
                    "15_min": 0,
                    "1_min": 0,
                    "5_min": 0,
                    "pid": 8438,
                    "process": "ipv4_static"
                },
                {
                    "15_min": 0,
                    "1_min": 0,
                    "5_min": 0,
                    "pid": 8439,
                    "process": "mpp_srvr"
                },
                {
                    "15_min": 0,
                    "1_min": 0,
                    "5_min": 0,
                    "pid": 8972,
                    "process": "ssh_conf_verifier"
                },
                {
                    "15_min": 0,
                    "1_min": 0,
                    "5_min": 0,
                    "pid": 8975,
                    "process": "bpm"
                },
                {
                    "15_min": 0,
                    "1_min": 0,
                    "5_min": 0,
                    "pid": 9013,
                    "process": "bgp"
                },
                {
                    "15_min": 0,
                    "1_min": 0,
                    "5_min": 0,
                    "pid": 9025,
                    "process": "sdr_mgbl_proxy"
                },
                {
                    "15_min": 0,
                    "1_min": 0,
                    "5_min": 0,
                    "pid": 9050,
                    "process": "xr_dhcpcd"
                },
                {
                    "15_min": 0,
                    "1_min": 0,
                    "5_min": 0,
                    "pid": 10406,
                    "process": "perl"
                },
                {
                    "15_min": 0,
                    "1_min": 0,
                    "5_min": 0,
                    "pid": 10425,
                    "process": "perl"
                },
                {
                    "15_min": 0,
                    "1_min": 0,
                    "5_min": 0,
                    "pid": 10504,
                    "process": "perl"
                },
                {
                    "15_min": 0,
                    "1_min": 0,
                    "5_min": 0,
                    "pid": 10510,
                    "process": "pam_cli_agent"
                },
                {
                    "15_min": 0,
                    "1_min": 0,
                    "5_min": 0,
                    "pid": 10596,
                    "process": "perl"
                },
                {
                    "15_min": 0,
                    "1_min": 0,
                    "5_min": 0,
                    "pid": 10690,
                    "process": "perl"
                },
                {
                    "15_min": 0,
                    "1_min": 0,
                    "5_min": 0,
                    "pid": 17237,
                    "process": "ospf"
                },
                {
                    "15_min": 0,
                    "1_min": 0,
                    "5_min": 0,
                    "pid": 17238,
                    "process": "ospf_uv"
                },
                {
                    "15_min": 0,
                    "1_min": 0,
                    "5_min": 0,
                    "pid": 17268,
                    "process": "loopback_caps_partner"
                },
                {
                    "15_min": 0,
                    "1_min": 0,
                    "5_min": 0,
                    "pid": 18031,
                    "process": "sshd_child_handler"
                },
                {
                    "15_min": 0,
                    "1_min": 0,
                    "5_min": 0,
                    "pid": 18041,
                    "process": "exec"
                },
                {
                    "15_min": 0,
                    "1_min": 0,
                    "5_min": 0,
                    "pid": 18063,
                    "process": "more"
                },
                {
                    "15_min": 0,
                    "1_min": 0,
                    "5_min": 0,
                    "pid": 18324,
                    "process": "sleep"
                },
                {
                    "15_min": 0,
                    "1_min": 0,
                    "5_min": 0,
                    "pid": 18386,
                    "process": "sleep"
                },
                {
                    "15_min": 0,
                    "1_min": 0,
                    "5_min": 0,
                    "pid": 18567,
                    "process": "ixdb_gc"
                },
                {
                    "15_min": 0,
                    "1_min": 0,
                    "5_min": 0,
                    "pid": 19872,
                    "process": "ospfv3_uv"
                },
                {
                    "15_min": 0,
                    "1_min": 0,
                    "5_min": 0,
                    "pid": 19873,
                    "process": "ospfv3"
                }
            ]
        }
    },
    "changed": false,
    "parsed": {
        "global": {
            "15_min_avg": 0,
            "1_min_avg": 0,
            "5_min_avg": 0
        },
        "processes": [
            {
                "15_min": 0,
                "1_min": 0,
                "5_min": 0,
                "pid": 1,
                "process": "init"
            },
            {
                "15_min": 0,
                "1_min": 0,
                "5_min": 0,
                "pid": 1701,
                "process": "bash"
            },
            {
                "15_min": 0,
                "1_min": 0,
                "5_min": 0,
                "pid": 1725,
                "process": "sh"
            },
            {
                "15_min": 0,
                "1_min": 0,
                "5_min": 0,
                "pid": 1726,
                "process": "bash"
            },
            {
                "15_min": 0,
                "1_min": 0,
                "5_min": 0,
                "pid": 1744,
                "process": "cgroup_oom"
            },
            {
                "15_min": 0,
                "1_min": 0,
                "5_min": 0,
                "pid": 1919,
                "process": "bash"
            },
            {
                "15_min": 0,
                "1_min": 0,
                "5_min": 0,
                "pid": 1922,
                "process": "bash"
            },
            {
                "15_min": 0,
                "1_min": 0,
                "5_min": 0,
                "pid": 1939,
                "process": "inotifywait"
            },
            {
                "15_min": 0,
                "1_min": 0,
                "5_min": 0,
                "pid": 1940,
                "process": "bash"
            },
            {
                "15_min": 0,
                "1_min": 0,
                "5_min": 0,
                "pid": 1989,
                "process": "dbus-daemon"
            },
            {
                "15_min": 0,
                "1_min": 0,
                "5_min": 0,
                "pid": 2007,
                "process": "sshd"
            },
            {
                "15_min": 0,
                "1_min": 0,
                "5_min": 0,
                "pid": 2018,
                "process": "rpcbind"
            },
            {
                "15_min": 0,
                "1_min": 0,
                "5_min": 0,
                "pid": 2112,
                "process": "rngd"
            },
            {
                "15_min": 0,
                "1_min": 0,
                "5_min": 0,
                "pid": 2118,
                "process": "syslogd"
            },
            {
                "15_min": 0,
                "1_min": 0,
                "5_min": 0,
                "pid": 2121,
                "process": "klogd"
            },
            {
                "15_min": 0,
                "1_min": 0,
                "5_min": 0,
                "pid": 2137,
                "process": "xinetd"
            },
            {
                "15_min": 0,
                "1_min": 0,
                "5_min": 0,
                "pid": 2184,
                "process": "crond"
            },
            {
                "15_min": 0,
                "1_min": 0,
                "5_min": 0,
                "pid": 3291,
                "process": "bash"
            },
            {
                "15_min": 0,
                "1_min": 0,
                "5_min": 0,
                "pid": 3292,
                "process": "dsr"
            },
            {
                "15_min": 0,
                "1_min": 0,
                "5_min": 0,
                "pid": 3320,
                "process": "bash"
            },
            {
                "15_min": 0,
                "1_min": 0,
                "5_min": 0,
                "pid": 3328,
                "process": "ds"
            },
            {
                "15_min": 0,
                "1_min": 0,
                "5_min": 0,
                "pid": 3336,
                "process": "bash"
            },
            {
                "15_min": 0,
                "1_min": 0,
                "5_min": 0,
                "pid": 3337,
                "process": "bash"
            },
            {
                "15_min": 0,
                "1_min": 0,
                "5_min": 0,
                "pid": 3342,
                "process": "dev_inotify_hdlr"
            },
            {
                "15_min": 0,
                "1_min": 0,
                "5_min": 0,
                "pid": 3346,
                "process": "dev_inotify_hdlr"
            },
            {
                "15_min": 0,
                "1_min": 0,
                "5_min": 0,
                "pid": 3453,
                "process": "processmgr"
            },
            {
                "15_min": 0,
                "1_min": 0,
                "5_min": 0,
                "pid": 3514,
                "process": "devc-conaux-aux"
            },
            {
                "15_min": 0,
                "1_min": 0,
                "5_min": 0,
                "pid": 3515,
                "process": "devc-conaux-con"
[...]
                "process": "ipsec_pp"
            },
            {
                "15_min": 0,
                "1_min": 0,
                "5_min": 0,
                "pid": 6087,
                "process": "cepki"
            },
            {
                "15_min": 0,
                "1_min": 0,
                "5_min": 0,
                "pid": 6090,
                "process": "crypto_monitor"
            },
            {
                "15_min": 0,
                "1_min": 0,
                "5_min": 0,
                "pid": 6099,
                "process": "eem_ed_config"
            },
            {
                "15_min": 0,
                "1_min": 0,
                "5_min": 0,
                "pid": 6117,
                "process": "eem_ed_counter"
            },
            {
                "15_min": 0,
                "1_min": 0,
                "5_min": 0,
                "pid": 6122,
                "process": "eem_ed_generic"
            },
            {
                "15_min": 0,
                "1_min": 0,
                "5_min": 0,
                "pid": 6143,
                "process": "eem_ed_nd"
            },
            {
                "15_min": 0,
                "1_min": 0,
                "5_min": 0,
                "pid": 6145,
                "process": "eem_ed_none"
            },
            {
                "15_min": 0,
                "1_min": 0,
                "5_min": 0,
                "pid": 6163,
                "process": "eem_ed_stats"
            },
            {
                "15_min": 0,
                "1_min": 0,
                "5_min": 0,
                "pid": 6166,
                "process": "eem_ed_syslog"
            },
            {
                "15_min": 0,
                "1_min": 0,
                "5_min": 0,
                "pid": 6181,
                "process": "eem_ed_sysmgr"
            },
            {
                "15_min": 0,
                "1_min": 0,
                "5_min": 0,
                "pid": 6192,
                "process": "eem_ed_telemetry"
            },
            {
                "15_min": 0,
                "1_min": 0,
                "5_min": 0,
                "pid": 6204,
                "process": "eem_ed_test"
            },
            {
                "15_min": 0,
                "1_min": 0,
                "5_min": 0,
                "pid": 6211,
                "process": "eem_ed_timer"
            },
            {
                "15_min": 0,
                "1_min": 0,
                "5_min": 0,
                "pid": 6214,
                "process": "object_tracking"
            },
            {
                "15_min": 0,
                "1_min": 0,
                "5_min": 0,
                "pid": 6220,
                "process": "call_home"
            },
            {
                "15_min": 0,
                "1_min": 0,
                "5_min": 0,
                "pid": 6235,
                "process": "http_client"
            },
            {
                "15_min": 0,
                "1_min": 0,
                "5_min": 0,
                "pid": 6253,
                "process": "plat_sl_client"
            },
            {
                "15_min": 0,
                "1_min": 0,
                "5_min": 0,
                "pid": 6264,
                "process": "smartlicserver"
            },
            {
                "15_min": 0,
                "1_min": 0,
                "5_min": 0,
                "pid": 6278,
                "process": "bcdls"
            },
            {
                "15_min": 0,
                "1_min": 0,
                "5_min": 0,
                "pid": 6584,
                "process": "bcdl_agent"
            },
            {
                "15_min": 0,
                "1_min": 0,
                "5_min": 0,
                "pid": 6721,
                "process": "bcdls"
            },
            {
                "15_min": 0,
                "1_min": 0,
                "5_min": 0,
                "pid": 6724,
                "process": "bcdl_agent"
            },
            {
                "15_min": 0,
                "1_min": 0,
                "5_min": 0,
                "pid": 6728,
                "process": "bcdl_agent"
            },
            {
                "15_min": 0,
                "1_min": 0,
                "5_min": 0,
                "pid": 6817,
                "process": "bcdls"
            },
            {
                "15_min": 0,
                "1_min": 0,
                "5_min": 0,
                "pid": 7527,
                "process": "mirror_server"
            },
            {
                "15_min": 0,
                "1_min": 0,
                "5_min": 0,
                "pid": 7530,
                "process": "redstatsd"
            },
            {
                "15_min": 0,
                "1_min": 0,
                "5_min": 0,
                "pid": 7532,
                "process": "appmgr"
            },
            {
                "15_min": 0,
                "1_min": 0,
                "5_min": 0,
                "pid": 7533,
                "process": "cmp_edm"
            },
            {
                "15_min": 0,
                "1_min": 0,
                "5_min": 0,
                "pid": 7534,
                "process": "crypto_edm"
            },
            {
                "15_min": 0,
                "1_min": 0,
                "5_min": 0,
                "pid": 7535,
                "process": "dockerd_monitor"
            },
            {
                "15_min": 0,
                "1_min": 0,
                "5_min": 0,
                "pid": 7536,
                "process": "domain_sync"
            },
            {
                "15_min": 0,
                "1_min": 0,
                "5_min": 0,
                "pid": 7537,
                "process": "es_acl_act_agent"
            },
            {
                "15_min": 0,
                "1_min": 0,
                "5_min": 0,
                "pid": 7538,
                "process": "file_paltx"
            },
            {
                "15_min": 0,
                "1_min": 0,
                "5_min": 0,
                "pid": 7539,
                "process": "hostname_sync"
            },
            {
                "15_min": 0,
                "1_min": 0,
                "5_min": 0,
                "pid": 7540,
                "process": "imaedm_server"
            },
            {
                "15_min": 0,
                "1_min": 0,
                "5_min": 0,
                "pid": 7541,
                "process": "ipodwdm"
            },
            {
                "15_min": 0,
                "1_min": 0,
                "5_min": 0,
                "pid": 7543,
                "process": "ipv4_acl_act_agent"
            },
            {
                "15_min": 0,
                "1_min": 0,
                "5_min": 0,
                "pid": 7545,
                "process": "ipv6_acl_cfg_agent"
            },
            {
                "15_min": 0,
                "1_min": 0,
                "5_min": 0,
                "pid": 7546,
                "process": "linux_nto_misc_showd"
            },
            {
                "15_min": 0,
                "1_min": 0,
                "5_min": 0,
                "pid": 7547,
                "process": "local_sock"
            },
            {
                "15_min": 0,
                "1_min": 0,
                "5_min": 0,
                "pid": 7550,
                "process": "mpls_vpn_mib"
            },
            {
                "15_min": 0,
                "1_min": 0,
                "5_min": 0,
                "pid": 7553,
                "process": "netio_debug_partner"
            },
            {
                "15_min": 0,
                "1_min": 0,
                "5_min": 0,
                "pid": 7554,
                "process": "pak_capture_partner"
            },
            {
                "15_min": 0,
                "1_min": 0,
                "5_min": 0,
                "pid": 7573,
                "process": "pam_manager"
            },
            {
                "15_min": 0,
                "1_min": 0,
                "5_min": 0,
                "pid": 7583,
                "process": "pfilter_ma"
            },
            {
                "15_min": 0,
                "1_min": 0,
                "5_min": 0,
                "pid": 7596,
                "process": "pkt_trace_agent"
            },
            {
                "15_min": 0,
                "1_min": 0,
                "5_min": 0,
                "pid": 7604,
                "process": "pkt_trace_master"
            },
            {
                "15_min": 0,
                "1_min": 0,
                "5_min": 0,
                "pid": 7611,
                "process": "pm_server"
            },
            {
                "15_min": 0,
                "1_min": 0,
                "5_min": 0,
                "pid": 7632,
                "process": "script_agent_main"
            },
            {
                "15_min": 0,
                "1_min": 0,
                "5_min": 0,
                "pid": 7641,
                "process": "script_watcher_main"
            },
            {
                "15_min": 0,
                "1_min": 0,
                "5_min": 0,
                "pid": 7645,
                "process": "spio_ea"
            },
            {
                "15_min": 0,
                "1_min": 0,
                "5_min": 0,
                "pid": 7655,
                "process": "spio_ma"
            },
            {
                "15_min": 0,
                "1_min": 0,
                "5_min": 0,
                "pid": 7665,
                "process": "ssm_process"
            },
            {
                "15_min": 0,
                "1_min": 0,
                "5_min": 0,
                "pid": 7687,
                "process": "pm_collector"
            },
            {
                "15_min": 0,
                "1_min": 0,
                "5_min": 0,
                "pid": 7930,
                "process": "wanphy_proc"
            },
            {
                "15_min": 0,
                "1_min": 0,
                "5_min": 0,
                "pid": 7931,
                "process": "tc_server"
            },
            {
                "15_min": 0,
                "1_min": 0,
                "5_min": 0,
                "pid": 7932,
                "process": "sys_rec"
            },
            {
                "15_min": 0,
                "1_min": 0,
                "5_min": 0,
                "pid": 7933,
                "process": "svault"
            },
            {
                "15_min": 0,
                "1_min": 0,
                "5_min": 0,
                "pid": 7934,
                "process": "ssh_server"
            },
            {
                "15_min": 0,
                "1_min": 0,
                "5_min": 0,
                "pid": 7935,
                "process": "ssh_backup_server"
            },
            {
                "15_min": 0,
                "1_min": 0,
                "5_min": 0,
                "pid": 7936,
                "process": "snmppingd"
            },
            {
                "15_min": 0,
                "1_min": 0,
                "5_min": 0,
                "pid": 7937,
                "process": "sdr_instmgr"
            },
            {
                "15_min": 0,
                "1_min": 0,
                "5_min": 0,
                "pid": 7938,
                "process": "schema_server"
            },
            {
                "15_min": 0,
                "1_min": 0,
                "5_min": 0,
                "pid": 7939,
                "process": "ocaaateld"
            },
            {
                "15_min": 0,
                "1_min": 0,
                "5_min": 0,
                "pid": 7940,
                "process": "l2tp_mgr"
            },
            {
                "15_min": 0,
                "1_min": 0,
                "5_min": 0,
                "pid": 7941,
                "process": "cmpp"
            },
            {
                "15_min": 0,
                "1_min": 0,
                "5_min": 0,
                "pid": 7942,
                "process": "bash"
            },
            {
                "15_min": 0,
                "1_min": 0,
                "5_min": 0,
                "pid": 7943,
                "process": "l2vpn_mgr"
            },
            {
                "15_min": 0,
                "1_min": 0,
                "5_min": 0,
                "pid": 7944,
                "process": "xtc_agent"
            },
            {
                "15_min": 0,
                "1_min": 0,
                "5_min": 0,
                "pid": 7945,
                "process": "mpls_ldp"
            },
            {
                "15_min": 0,
                "1_min": 0,
                "5_min": 0,
                "pid": 7946,
                "process": "vservice_mgr"
            },
            {
                "15_min": 0,
                "1_min": 0,
                "5_min": 0,
                "pid": 7947,
                "process": "qos_ma"
            },
            {
                "15_min": 0,
                "1_min": 0,
                "5_min": 0,
                "pid": 7948,
                "process": "pbr_ma"
            },
            {
                "15_min": 0,
                "1_min": 0,
                "5_min": 0,
                "pid": 7949,
                "process": "rt_check_mgr"
            },
            {
                "15_min": 0,
                "1_min": 0,
                "5_min": 0,
                "pid": 7950,
                "process": "es_acl_mgr"
            },
            {
                "15_min": 0,
                "1_min": 0,
                "5_min": 0,
                "pid": 7960,
                "process": "attestation_agent"
            },
            {
                "15_min": 0,
                "1_min": 0,
                "5_min": 0,
                "pid": 8437,
                "process": "cdp_mgr"
            },
            {
                "15_min": 0,
                "1_min": 0,
                "5_min": 0,
                "pid": 8438,
                "process": "ipv4_static"
            },
            {
                "15_min": 0,
                "1_min": 0,
                "5_min": 0,
                "pid": 8439,
                "process": "mpp_srvr"
            },
            {
                "15_min": 0,
                "1_min": 0,
                "5_min": 0,
                "pid": 8972,
                "process": "ssh_conf_verifier"
            },
            {
                "15_min": 0,
                "1_min": 0,
                "5_min": 0,
                "pid": 8975,
                "process": "bpm"
            },
            {
                "15_min": 0,
                "1_min": 0,
                "5_min": 0,
                "pid": 9013,
                "process": "bgp"
            },
            {
                "15_min": 0,
                "1_min": 0,
                "5_min": 0,
                "pid": 9025,
                "process": "sdr_mgbl_proxy"
            },
            {
                "15_min": 0,
                "1_min": 0,
                "5_min": 0,
                "pid": 9050,
                "process": "xr_dhcpcd"
            },
            {
                "15_min": 0,
                "1_min": 0,
                "5_min": 0,
                "pid": 10406,
                "process": "perl"
            },
            {
                "15_min": 0,
                "1_min": 0,
                "5_min": 0,
                "pid": 10425,
                "process": "perl"
            },
            {
                "15_min": 0,
                "1_min": 0,
                "5_min": 0,
                "pid": 10504,
                "process": "perl"
            },
            {
                "15_min": 0,
                "1_min": 0,
                "5_min": 0,
                "pid": 10510,
                "process": "pam_cli_agent"
            },
            {
                "15_min": 0,
                "1_min": 0,
                "5_min": 0,
                "pid": 10596,
                "process": "perl"
            },
            {
                "15_min": 0,
                "1_min": 0,
                "5_min": 0,
                "pid": 10690,
                "process": "perl"
            },
            {
                "15_min": 0,
                "1_min": 0,
                "5_min": 0,
                "pid": 17237,
                "process": "ospf"
            },
            {
                "15_min": 0,
                "1_min": 0,
                "5_min": 0,
                "pid": 17238,
                "process": "ospf_uv"
            },
            {
                "15_min": 0,
                "1_min": 0,
                "5_min": 0,
                "pid": 17268,
                "process": "loopback_caps_partner"
            },
            {
                "15_min": 0,
                "1_min": 0,
                "5_min": 0,
                "pid": 18031,
                "process": "sshd_child_handler"
            },
            {
                "15_min": 0,
                "1_min": 0,
                "5_min": 0,
                "pid": 18041,
                "process": "exec"
            },
            {
                "15_min": 0,
                "1_min": 0,
                "5_min": 0,
                "pid": 18063,
                "process": "more"
            },
            {
                "15_min": 0,
                "1_min": 0,
                "5_min": 0,
                "pid": 18324,
                "process": "sleep"
            },
            {
                "15_min": 0,
                "1_min": 0,
                "5_min": 0,
                "pid": 18386,
                "process": "sleep"
            },
            {
                "15_min": 0,
                "1_min": 0,
                "5_min": 0,
                "pid": 18567,
                "process": "ixdb_gc"
            },
            {
                "15_min": 0,
                "1_min": 0,
                "5_min": 0,
                "pid": 19872,
                "process": "ospfv3_uv"
            },
            {
                "15_min": 0,
                "1_min": 0,
                "5_min": 0,
                "pid": 19873,
                "process": "ospfv3"
            }
        ]
    }
}</system-out>
		</testcase>
		<testcase classname="out-of-tree:main.yml:17" name="[54.190.208.146] cpu: network.healthchecks.cpu : Assert CPU utilization threshold that=['cpu_utilization &lt;= (cpu_threshold | int)'], fail_msg=CPU utilization {{ cpu_utilization }}% exceeds threshold ({{ cpu_threshold }}%)., success_msg=CPU utilization {{ cpu_utilization }}% is within acceptable limits." time="0.011094093322753906">
			<skipped>Conditional result was False</skipped>
		</testcase>
		<testcase classname="tests/integration/targets/cpu_health/tasks/main.yml:22" name="[54.190.208.146] cpu: cpu_health : CPU health check result msg=CPU Health Check Result: {{ cpu_result }}" time="0.030824899673461914">
			<system-out>{
    "changed": false,
    "msg": "CPU Health Check Result: {'include_args': {'name': 'network.healthchecks.cpu'}, 'changed': False}"
}</system-out>
		</testcase>
		<testcase classname="tests/integration/targets/cpu_health/tasks/main.yml:26" name="[54.190.208.146] cpu: cpu_health : Ending CPU health check integration tests msg=END network.cpu health_check operation integration tests on connection={{ ansible_connection }}" time="0.030649900436401367">
			<system-out>{
    "changed": false,
    "msg": "END network.cpu health_check operation integration tests on connection=ansible.netcommon.network_cli"
}</system-out>
		</testcase>
	</testsuite>
</testsuites>
